ARM GAS  /var/folders/mn/k5wp23016n9dfxcgh9w5nftw0000gn/T//ccFXrFKl.s 			page 1


   1              		.cpu cortex-m4
   2              		.arch armv7e-m
   3              		.fpu fpv4-sp-d16
   4              		.eabi_attribute 27, 1
   5              		.eabi_attribute 28, 1
   6              		.eabi_attribute 20, 1
   7              		.eabi_attribute 21, 1
   8              		.eabi_attribute 23, 3
   9              		.eabi_attribute 24, 1
  10              		.eabi_attribute 25, 1
  11              		.eabi_attribute 26, 1
  12              		.eabi_attribute 30, 1
  13              		.eabi_attribute 34, 1
  14              		.eabi_attribute 18, 4
  15              		.file	"Dshot.c"
  16              		.text
  17              	.Ltext0:
  18              		.cfi_sections	.debug_frame
  19              		.file 1 "Core/Src/Dshot.c"
  20              		.section	.text.dshot_set_timer,"ax",%progbits
  21              		.align	1
  22              		.syntax unified
  23              		.thumb
  24              		.thumb_func
  26              	dshot_set_timer:
  27              	.LFB218:
   1:Core/Src/Dshot.c **** #include "Dshot.h"
   2:Core/Src/Dshot.c **** 
   3:Core/Src/Dshot.c **** /* Variables */
   4:Core/Src/Dshot.c **** static uint32_t motor1_dmabuffer[DSHOT_DMA_BUFFER_SIZE];
   5:Core/Src/Dshot.c **** static uint32_t motor2_dmabuffer[DSHOT_DMA_BUFFER_SIZE];
   6:Core/Src/Dshot.c **** static uint32_t motor3_dmabuffer[DSHOT_DMA_BUFFER_SIZE];
   7:Core/Src/Dshot.c **** static uint32_t motor4_dmabuffer[DSHOT_DMA_BUFFER_SIZE];
   8:Core/Src/Dshot.c **** 
   9:Core/Src/Dshot.c **** /* Static functions */
  10:Core/Src/Dshot.c **** // dshot init
  11:Core/Src/Dshot.c **** static void dshot_set_timer();
  12:Core/Src/Dshot.c **** static void dshot_dma_tc_callback(DMA_HandleTypeDef *hdma);
  13:Core/Src/Dshot.c **** static void dshot_put_tc_callback_function();
  14:Core/Src/Dshot.c **** static void dshot_start_pwm();
  15:Core/Src/Dshot.c **** 
  16:Core/Src/Dshot.c **** // dshot write
  17:Core/Src/Dshot.c **** static uint16_t dshot_prepare_packet(uint16_t value);
  18:Core/Src/Dshot.c **** static void dshot_prepare_dmabuffer(uint32_t *motor_dmabuffer, uint16_t value);
  19:Core/Src/Dshot.c **** static void dshot_prepare_dmabuffer_all(uint16_t *motor_value);
  20:Core/Src/Dshot.c **** static void dshot_dma_start(void);
  21:Core/Src/Dshot.c **** static int dshot_enable_dma_request(void);
  22:Core/Src/Dshot.c **** 
  23:Core/Src/Dshot.c **** int dshot_write(uint16_t *motor_value) {
  24:Core/Src/Dshot.c ****   dshot_prepare_dmabuffer_all(motor_value);
  25:Core/Src/Dshot.c ****   dshot_dma_start();
  26:Core/Src/Dshot.c ****   return dshot_enable_dma_request();
  27:Core/Src/Dshot.c **** }
  28:Core/Src/Dshot.c **** 
  29:Core/Src/Dshot.c **** /* Functions */
  30:Core/Src/Dshot.c **** void dshot_init(void) {
  31:Core/Src/Dshot.c ****   dshot_set_timer();
ARM GAS  /var/folders/mn/k5wp23016n9dfxcgh9w5nftw0000gn/T//ccFXrFKl.s 			page 2


  32:Core/Src/Dshot.c ****   dshot_put_tc_callback_function();
  33:Core/Src/Dshot.c ****   dshot_start_pwm();
  34:Core/Src/Dshot.c **** }
  35:Core/Src/Dshot.c **** 
  36:Core/Src/Dshot.c **** /***************************************************************
  37:Core/Src/Dshot.c ****  *  @brief     设置定时器的分频系数和重载值
  38:Core/Src/Dshot.c ****  *  @param     无
  39:Core/Src/Dshot.c ****  *  @note      注意关注定时器的分频和重载值与时间之间的关系
  40:Core/Src/Dshot.c ****  *  @Sample usage: Direct
  41:Core/Src/Dshot.c ****  **************************************************************/
  42:Core/Src/Dshot.c **** static void dshot_set_timer(void) {
  28              		.loc 1 42 35 view -0
  29              		.cfi_startproc
  30              		@ args = 0, pretend = 0, frame = 0
  31              		@ frame_needed = 0, uses_anonymous_args = 0
  32              		@ link register save eliminated.
  33 0000 10B4     		push	{r4}
  34              	.LCFI0:
  35              		.cfi_def_cfa_offset 4
  36              		.cfi_offset 4, -4
  43:Core/Src/Dshot.c ****   // motor1
  44:Core/Src/Dshot.c ****   __HAL_TIM_SET_PRESCALER(MOTOR_1_TIM, 7);
  37              		.loc 1 44 3 view .LVU1
  38 0002 0948     		ldr	r0, .L3
  39 0004 0268     		ldr	r2, [r0]
  40 0006 0721     		movs	r1, #7
  41 0008 9162     		str	r1, [r2, #40]
  45:Core/Src/Dshot.c ****   __HAL_TIM_SET_AUTORELOAD(MOTOR_1_TIM, MOTOR_BITLENGTH);
  42              		.loc 1 45 3 view .LVU2
  43              		.loc 1 45 3 view .LVU3
  44 000a 1423     		movs	r3, #20
  45 000c D362     		str	r3, [r2, #44]
  46              		.loc 1 45 3 view .LVU4
  47 000e C360     		str	r3, [r0, #12]
  48              		.loc 1 45 3 view .LVU5
  46:Core/Src/Dshot.c **** 
  47:Core/Src/Dshot.c ****   // motor2
  48:Core/Src/Dshot.c ****   __HAL_TIM_SET_PRESCALER(MOTOR_2_TIM, 7);
  49              		.loc 1 48 3 view .LVU6
  50 0010 064C     		ldr	r4, .L3+4
  51 0012 2068     		ldr	r0, [r4]
  52 0014 8162     		str	r1, [r0, #40]
  49:Core/Src/Dshot.c ****   __HAL_TIM_SET_AUTORELOAD(MOTOR_2_TIM, MOTOR_BITLENGTH);
  53              		.loc 1 49 3 view .LVU7
  54              		.loc 1 49 3 view .LVU8
  55 0016 C362     		str	r3, [r0, #44]
  56              		.loc 1 49 3 view .LVU9
  57 0018 E360     		str	r3, [r4, #12]
  58              		.loc 1 49 3 view .LVU10
  50:Core/Src/Dshot.c **** 
  51:Core/Src/Dshot.c ****   // motor3
  52:Core/Src/Dshot.c ****   __HAL_TIM_SET_PRESCALER(MOTOR_3_TIM, 7);
  59              		.loc 1 52 3 view .LVU11
  60 001a 8162     		str	r1, [r0, #40]
  53:Core/Src/Dshot.c ****   __HAL_TIM_SET_AUTORELOAD(MOTOR_3_TIM, MOTOR_BITLENGTH);
  61              		.loc 1 53 3 view .LVU12
  62              		.loc 1 53 3 view .LVU13
ARM GAS  /var/folders/mn/k5wp23016n9dfxcgh9w5nftw0000gn/T//ccFXrFKl.s 			page 3


  63 001c C362     		str	r3, [r0, #44]
  64              		.loc 1 53 3 view .LVU14
  65              		.loc 1 53 3 view .LVU15
  54:Core/Src/Dshot.c **** 
  55:Core/Src/Dshot.c ****   // motor4ß
  56:Core/Src/Dshot.c ****   __HAL_TIM_SET_PRESCALER(MOTOR_4_TIM, 7);
  66              		.loc 1 56 3 view .LVU16
  67 001e 9162     		str	r1, [r2, #40]
  57:Core/Src/Dshot.c ****   __HAL_TIM_SET_AUTORELOAD(MOTOR_4_TIM, MOTOR_BITLENGTH);
  68              		.loc 1 57 3 view .LVU17
  69              		.loc 1 57 3 view .LVU18
  70 0020 D362     		str	r3, [r2, #44]
  71              		.loc 1 57 3 view .LVU19
  72              		.loc 1 57 3 view .LVU20
  58:Core/Src/Dshot.c **** }
  73              		.loc 1 58 1 is_stmt 0 view .LVU21
  74 0022 5DF8044B 		ldr	r4, [sp], #4
  75              	.LCFI1:
  76              		.cfi_restore 4
  77              		.cfi_def_cfa_offset 0
  78 0026 7047     		bx	lr
  79              	.L4:
  80              		.align	2
  81              	.L3:
  82 0028 00000000 		.word	htim5
  83 002c 00000000 		.word	htim2
  84              		.cfi_endproc
  85              	.LFE218:
  87              		.section	.text.dshot_dma_tc_callback,"ax",%progbits
  88              		.align	1
  89              		.syntax unified
  90              		.thumb
  91              		.thumb_func
  93              	dshot_dma_tc_callback:
  94              	.LVL0:
  95              	.LFB219:
  59:Core/Src/Dshot.c **** 
  60:Core/Src/Dshot.c **** /***************************************************************
  61:Core/Src/Dshot.c ****  *  @brief     关闭dma通道，消除传输时间上造成的延时，以让下一次传输保持
  62:Core/Src/Dshot.c ****  *  @param     无
  63:Core/Src/Dshot.c ****  *  @note
  64:Core/Src/Dshot.c ****  *  @Sample usage: Direct
  65:Core/Src/Dshot.c ****  **************************************************************/
  66:Core/Src/Dshot.c **** static void dshot_dma_tc_callback(DMA_HandleTypeDef *hdma) {
  96              		.loc 1 66 60 is_stmt 1 view -0
  97              		.cfi_startproc
  98              		@ args = 0, pretend = 0, frame = 0
  99              		@ frame_needed = 0, uses_anonymous_args = 0
 100              		@ link register save eliminated.
  67:Core/Src/Dshot.c ****   TIM_HandleTypeDef *htim =
 101              		.loc 1 67 3 view .LVU23
 102              		.loc 1 67 22 is_stmt 0 view .LVU24
 103 0000 836B     		ldr	r3, [r0, #56]
 104              	.LVL1:
  68:Core/Src/Dshot.c ****       (TIM_HandleTypeDef *)((DMA_HandleTypeDef *)hdma)->Parent;
  69:Core/Src/Dshot.c **** 
  70:Core/Src/Dshot.c ****   if (hdma == htim->hdma[TIM_DMA_ID_CC1]) {
ARM GAS  /var/folders/mn/k5wp23016n9dfxcgh9w5nftw0000gn/T//ccFXrFKl.s 			page 4


 105              		.loc 1 70 3 is_stmt 1 view .LVU25
 106              		.loc 1 70 25 is_stmt 0 view .LVU26
 107 0002 5A6A     		ldr	r2, [r3, #36]
 108              		.loc 1 70 6 view .LVU27
 109 0004 8242     		cmp	r2, r0
 110 0006 09D0     		beq	.L10
  71:Core/Src/Dshot.c ****     __HAL_TIM_DISABLE_DMA(htim, TIM_DMA_CC1);
  72:Core/Src/Dshot.c ****   } else if (hdma == htim->hdma[TIM_DMA_ID_CC2]) {
 111              		.loc 1 72 10 is_stmt 1 view .LVU28
 112              		.loc 1 72 32 is_stmt 0 view .LVU29
 113 0008 9A6A     		ldr	r2, [r3, #40]
 114              		.loc 1 72 13 view .LVU30
 115 000a 8242     		cmp	r2, r0
 116 000c 0CD0     		beq	.L11
  73:Core/Src/Dshot.c ****     __HAL_TIM_DISABLE_DMA(htim, TIM_DMA_CC2);
  74:Core/Src/Dshot.c ****   } else if (hdma == htim->hdma[TIM_DMA_ID_CC3]) {
 117              		.loc 1 74 10 is_stmt 1 view .LVU31
 118              		.loc 1 74 32 is_stmt 0 view .LVU32
 119 000e DA6A     		ldr	r2, [r3, #44]
 120              		.loc 1 74 13 view .LVU33
 121 0010 8242     		cmp	r2, r0
 122 0012 0FD0     		beq	.L12
  75:Core/Src/Dshot.c ****     __HAL_TIM_DISABLE_DMA(htim, TIM_DMA_CC3);
  76:Core/Src/Dshot.c ****   } else if (hdma == htim->hdma[TIM_DMA_ID_CC4]) {
 123              		.loc 1 76 10 is_stmt 1 view .LVU34
 124              		.loc 1 76 32 is_stmt 0 view .LVU35
 125 0014 1A6B     		ldr	r2, [r3, #48]
 126              		.loc 1 76 13 view .LVU36
 127 0016 8242     		cmp	r2, r0
 128 0018 12D0     		beq	.L13
 129              	.LVL2:
 130              	.L5:
  77:Core/Src/Dshot.c ****     __HAL_TIM_DISABLE_DMA(htim, TIM_DMA_CC4);
  78:Core/Src/Dshot.c ****   }
  79:Core/Src/Dshot.c **** }
 131              		.loc 1 79 1 view .LVU37
 132 001a 7047     		bx	lr
 133              	.LVL3:
 134              	.L10:
  71:Core/Src/Dshot.c ****   } else if (hdma == htim->hdma[TIM_DMA_ID_CC2]) {
 135              		.loc 1 71 5 is_stmt 1 view .LVU38
 136 001c 1A68     		ldr	r2, [r3]
 137 001e D368     		ldr	r3, [r2, #12]
 138              	.LVL4:
  71:Core/Src/Dshot.c ****   } else if (hdma == htim->hdma[TIM_DMA_ID_CC2]) {
 139              		.loc 1 71 5 is_stmt 0 view .LVU39
 140 0020 23F40073 		bic	r3, r3, #512
 141 0024 D360     		str	r3, [r2, #12]
 142              	.LVL5:
  71:Core/Src/Dshot.c ****   } else if (hdma == htim->hdma[TIM_DMA_ID_CC2]) {
 143              		.loc 1 71 5 view .LVU40
 144 0026 7047     		bx	lr
 145              	.LVL6:
 146              	.L11:
  73:Core/Src/Dshot.c ****   } else if (hdma == htim->hdma[TIM_DMA_ID_CC3]) {
 147              		.loc 1 73 5 is_stmt 1 view .LVU41
 148 0028 1A68     		ldr	r2, [r3]
ARM GAS  /var/folders/mn/k5wp23016n9dfxcgh9w5nftw0000gn/T//ccFXrFKl.s 			page 5


 149 002a D368     		ldr	r3, [r2, #12]
 150              	.LVL7:
  73:Core/Src/Dshot.c ****   } else if (hdma == htim->hdma[TIM_DMA_ID_CC3]) {
 151              		.loc 1 73 5 is_stmt 0 view .LVU42
 152 002c 23F48063 		bic	r3, r3, #1024
 153 0030 D360     		str	r3, [r2, #12]
 154              	.LVL8:
  73:Core/Src/Dshot.c ****   } else if (hdma == htim->hdma[TIM_DMA_ID_CC3]) {
 155              		.loc 1 73 5 view .LVU43
 156 0032 7047     		bx	lr
 157              	.LVL9:
 158              	.L12:
  75:Core/Src/Dshot.c ****   } else if (hdma == htim->hdma[TIM_DMA_ID_CC4]) {
 159              		.loc 1 75 5 is_stmt 1 view .LVU44
 160 0034 1A68     		ldr	r2, [r3]
 161 0036 D368     		ldr	r3, [r2, #12]
 162              	.LVL10:
  75:Core/Src/Dshot.c ****   } else if (hdma == htim->hdma[TIM_DMA_ID_CC4]) {
 163              		.loc 1 75 5 is_stmt 0 view .LVU45
 164 0038 23F40063 		bic	r3, r3, #2048
 165 003c D360     		str	r3, [r2, #12]
 166              	.LVL11:
  75:Core/Src/Dshot.c ****   } else if (hdma == htim->hdma[TIM_DMA_ID_CC4]) {
 167              		.loc 1 75 5 view .LVU46
 168 003e 7047     		bx	lr
 169              	.LVL12:
 170              	.L13:
  77:Core/Src/Dshot.c ****   }
 171              		.loc 1 77 5 is_stmt 1 view .LVU47
 172 0040 1A68     		ldr	r2, [r3]
 173 0042 D368     		ldr	r3, [r2, #12]
 174              	.LVL13:
  77:Core/Src/Dshot.c ****   }
 175              		.loc 1 77 5 is_stmt 0 view .LVU48
 176 0044 23F48053 		bic	r3, r3, #4096
 177 0048 D360     		str	r3, [r2, #12]
 178              	.LVL14:
 179              		.loc 1 79 1 view .LVU49
 180 004a E6E7     		b	.L5
 181              		.cfi_endproc
 182              	.LFE219:
 184              		.section	.text.dshot_put_tc_callback_function,"ax",%progbits
 185              		.align	1
 186              		.syntax unified
 187              		.thumb
 188              		.thumb_func
 190              	dshot_put_tc_callback_function:
 191              	.LFB220:
  80:Core/Src/Dshot.c **** 
  81:Core/Src/Dshot.c **** /***************************************************************
  82:Core/Src/Dshot.c ****  *  @brief
  83:Core/Src/Dshot.c ****  *DMA传输完成之后的回调函数，用于设置传输完成之后执行的函数为：dshot_d
  84:Core/Src/Dshot.c ****  *  @param     无
  85:Core/Src/Dshot.c ****  *  @note
  86:Core/Src/Dshot.c ****  *  @Sample usage: Direct
  87:Core/Src/Dshot.c ****  **************************************************************/
  88:Core/Src/Dshot.c **** static void dshot_put_tc_callback_function() {
ARM GAS  /var/folders/mn/k5wp23016n9dfxcgh9w5nftw0000gn/T//ccFXrFKl.s 			page 6


 192              		.loc 1 88 46 is_stmt 1 view -0
 193              		.cfi_startproc
 194              		@ args = 0, pretend = 0, frame = 0
 195              		@ frame_needed = 0, uses_anonymous_args = 0
 196              		@ link register save eliminated.
  89:Core/Src/Dshot.c ****   // TIM_DMA_ID_CCx depends on timer channel
  90:Core/Src/Dshot.c ****   MOTOR_1_TIM->hdma[TIM_DMA_ID_CC4]->XferCpltCallback = dshot_dma_tc_callback;
 197              		.loc 1 90 3 view .LVU51
 198              		.loc 1 90 20 is_stmt 0 view .LVU52
 199 0000 054A     		ldr	r2, .L15
 200 0002 116B     		ldr	r1, [r2, #48]
 201              		.loc 1 90 55 view .LVU53
 202 0004 054B     		ldr	r3, .L15+4
 203 0006 CB63     		str	r3, [r1, #60]
  91:Core/Src/Dshot.c ****   MOTOR_2_TIM->hdma[TIM_DMA_ID_CC3]->XferCpltCallback = dshot_dma_tc_callback;
 204              		.loc 1 91 3 is_stmt 1 view .LVU54
 205              		.loc 1 91 20 is_stmt 0 view .LVU55
 206 0008 0549     		ldr	r1, .L15+8
 207 000a C86A     		ldr	r0, [r1, #44]
 208              		.loc 1 91 55 view .LVU56
 209 000c C363     		str	r3, [r0, #60]
  92:Core/Src/Dshot.c ****   MOTOR_3_TIM->hdma[TIM_DMA_ID_CC1]->XferCpltCallback = dshot_dma_tc_callback;
 210              		.loc 1 92 3 is_stmt 1 view .LVU57
 211              		.loc 1 92 20 is_stmt 0 view .LVU58
 212 000e 496A     		ldr	r1, [r1, #36]
 213              		.loc 1 92 55 view .LVU59
 214 0010 CB63     		str	r3, [r1, #60]
  93:Core/Src/Dshot.c ****   MOTOR_4_TIM->hdma[TIM_DMA_ID_CC2]->XferCpltCallback = dshot_dma_tc_callback;
 215              		.loc 1 93 3 is_stmt 1 view .LVU60
 216              		.loc 1 93 20 is_stmt 0 view .LVU61
 217 0012 926A     		ldr	r2, [r2, #40]
 218              		.loc 1 93 55 view .LVU62
 219 0014 D363     		str	r3, [r2, #60]
  94:Core/Src/Dshot.c **** }
 220              		.loc 1 94 1 view .LVU63
 221 0016 7047     		bx	lr
 222              	.L16:
 223              		.align	2
 224              	.L15:
 225 0018 00000000 		.word	htim5
 226 001c 00000000 		.word	dshot_dma_tc_callback
 227 0020 00000000 		.word	htim2
 228              		.cfi_endproc
 229              	.LFE220:
 231              		.section	.text.dshot_prepare_packet,"ax",%progbits
 232              		.align	1
 233              		.syntax unified
 234              		.thumb
 235              		.thumb_func
 237              	dshot_prepare_packet:
 238              	.LVL15:
 239              	.LFB222:
  95:Core/Src/Dshot.c **** 
  96:Core/Src/Dshot.c **** /***************************************************************
  97:Core/Src/Dshot.c ****  *  @brief     启动pwm脉冲信号传输
  98:Core/Src/Dshot.c ****  *  @param     无
  99:Core/Src/Dshot.c ****  *  @note
ARM GAS  /var/folders/mn/k5wp23016n9dfxcgh9w5nftw0000gn/T//ccFXrFKl.s 			page 7


 100:Core/Src/Dshot.c ****  *  @Sample usage: Direct
 101:Core/Src/Dshot.c ****  **************************************************************/
 102:Core/Src/Dshot.c **** static void dshot_start_pwm() {
 103:Core/Src/Dshot.c ****   // Start the timer channel now.
 104:Core/Src/Dshot.c ****   // Enabling/disabling DMA request can restart a new cycle without PWM
 105:Core/Src/Dshot.c ****   // start/stop.
 106:Core/Src/Dshot.c ****   HAL_TIM_PWM_Start(MOTOR_1_TIM, MOTOR_1_TIM_CHANNEL);
 107:Core/Src/Dshot.c ****   HAL_TIM_PWM_Start(MOTOR_2_TIM, MOTOR_2_TIM_CHANNEL);
 108:Core/Src/Dshot.c ****   HAL_TIM_PWM_Start(MOTOR_3_TIM, MOTOR_3_TIM_CHANNEL);
 109:Core/Src/Dshot.c ****   HAL_TIM_PWM_Start(MOTOR_4_TIM, MOTOR_4_TIM_CHANNEL);
 110:Core/Src/Dshot.c **** }
 111:Core/Src/Dshot.c **** 
 112:Core/Src/Dshot.c **** static uint16_t dshot_prepare_packet(uint16_t value) {
 240              		.loc 1 112 54 is_stmt 1 view -0
 241              		.cfi_startproc
 242              		@ args = 0, pretend = 0, frame = 0
 243              		@ frame_needed = 0, uses_anonymous_args = 0
 244              		@ link register save eliminated.
 113:Core/Src/Dshot.c ****   uint16_t packet;
 245              		.loc 1 113 3 view .LVU65
 114:Core/Src/Dshot.c ****   bool dshot_telemetry = false;
 246              		.loc 1 114 3 view .LVU66
 115:Core/Src/Dshot.c **** 
 116:Core/Src/Dshot.c ****   packet = (value << 1) | (dshot_telemetry ? 1 : 0);
 247              		.loc 1 116 3 view .LVU67
 248              		.loc 1 116 19 is_stmt 0 view .LVU68
 249 0000 4200     		lsls	r2, r0, #1
 250              		.loc 1 116 10 view .LVU69
 251 0002 92B2     		uxth	r2, r2
 252              	.LVL16:
 117:Core/Src/Dshot.c **** 
 118:Core/Src/Dshot.c ****   // compute checksum
 119:Core/Src/Dshot.c ****   unsigned csum = 0;
 253              		.loc 1 119 3 is_stmt 1 view .LVU70
 120:Core/Src/Dshot.c ****   unsigned csum_data = packet;
 254              		.loc 1 120 3 view .LVU71
 255              		.loc 1 120 12 is_stmt 0 view .LVU72
 256 0004 1146     		mov	r1, r2
 257              	.LVL17:
 121:Core/Src/Dshot.c **** 
 122:Core/Src/Dshot.c ****   for (int i = 0; i < 3; i++) {
 258              		.loc 1 122 3 is_stmt 1 view .LVU73
 259              	.LBB2:
 260              		.loc 1 122 8 view .LVU74
 261              		.loc 1 122 12 is_stmt 0 view .LVU75
 262 0006 0023     		movs	r3, #0
 263              	.LBE2:
 119:Core/Src/Dshot.c ****   unsigned csum_data = packet;
 264              		.loc 1 119 12 view .LVU76
 265 0008 1846     		mov	r0, r3
 266              	.LVL18:
 267              	.LBB3:
 268              		.loc 1 122 3 view .LVU77
 269 000a 02E0     		b	.L18
 270              	.LVL19:
 271              	.L19:
 123:Core/Src/Dshot.c ****     csum ^= csum_data;  // xor data by nibbles
ARM GAS  /var/folders/mn/k5wp23016n9dfxcgh9w5nftw0000gn/T//ccFXrFKl.s 			page 8


 272              		.loc 1 123 5 is_stmt 1 discriminator 3 view .LVU78
 273              		.loc 1 123 10 is_stmt 0 discriminator 3 view .LVU79
 274 000c 4840     		eors	r0, r0, r1
 275              	.LVL20:
 124:Core/Src/Dshot.c ****     csum_data >>= 4;
 276              		.loc 1 124 5 is_stmt 1 discriminator 3 view .LVU80
 277              		.loc 1 124 15 is_stmt 0 discriminator 3 view .LVU81
 278 000e 0909     		lsrs	r1, r1, #4
 279              	.LVL21:
 122:Core/Src/Dshot.c ****     csum ^= csum_data;  // xor data by nibbles
 280              		.loc 1 122 27 is_stmt 1 discriminator 3 view .LVU82
 281 0010 0133     		adds	r3, r3, #1
 282              	.LVL22:
 283              	.L18:
 122:Core/Src/Dshot.c ****     csum ^= csum_data;  // xor data by nibbles
 284              		.loc 1 122 21 discriminator 1 view .LVU83
 285 0012 022B     		cmp	r3, #2
 286 0014 FADD     		ble	.L19
 122:Core/Src/Dshot.c ****     csum ^= csum_data;  // xor data by nibbles
 287              		.loc 1 122 21 is_stmt 0 discriminator 1 view .LVU84
 288              	.LBE3:
 125:Core/Src/Dshot.c ****   }
 126:Core/Src/Dshot.c **** 
 127:Core/Src/Dshot.c ****   csum &= 0xf;
 289              		.loc 1 127 3 is_stmt 1 view .LVU85
 290              	.LVL23:
 128:Core/Src/Dshot.c ****   packet = (packet << 4) | csum;
 291              		.loc 1 128 3 view .LVU86
 292              		.loc 1 128 20 is_stmt 0 view .LVU87
 293 0016 1201     		lsls	r2, r2, #4
 294              	.LVL24:
 295              		.loc 1 128 20 view .LVU88
 296 0018 92B2     		uxth	r2, r2
 297              		.loc 1 128 26 view .LVU89
 298 001a 00F00F00 		and	r0, r0, #15
 299              	.LVL25:
 129:Core/Src/Dshot.c **** 
 130:Core/Src/Dshot.c ****   return packet;
 300              		.loc 1 130 3 is_stmt 1 view .LVU90
 131:Core/Src/Dshot.c **** }
 301              		.loc 1 131 1 is_stmt 0 view .LVU91
 302 001e 1043     		orrs	r0, r0, r2
 303              	.LVL26:
 304              		.loc 1 131 1 view .LVU92
 305 0020 7047     		bx	lr
 306              		.cfi_endproc
 307              	.LFE222:
 309              		.section	.text.dshot_prepare_dmabuffer,"ax",%progbits
 310              		.align	1
 311              		.syntax unified
 312              		.thumb
 313              		.thumb_func
 315              	dshot_prepare_dmabuffer:
 316              	.LVL27:
 317              	.LFB223:
 132:Core/Src/Dshot.c **** 
 133:Core/Src/Dshot.c **** // Convert 16 bits packet to 16 pwm signal
ARM GAS  /var/folders/mn/k5wp23016n9dfxcgh9w5nftw0000gn/T//ccFXrFKl.s 			page 9


 134:Core/Src/Dshot.c **** static void dshot_prepare_dmabuffer(uint32_t *motor_dmabuffer, uint16_t value) {
 318              		.loc 1 134 80 is_stmt 1 view -0
 319              		.cfi_startproc
 320              		@ args = 0, pretend = 0, frame = 0
 321              		@ frame_needed = 0, uses_anonymous_args = 0
 322              		.loc 1 134 80 is_stmt 0 view .LVU94
 323 0000 10B5     		push	{r4, lr}
 324              	.LCFI2:
 325              		.cfi_def_cfa_offset 8
 326              		.cfi_offset 4, -8
 327              		.cfi_offset 14, -4
 328 0002 0446     		mov	r4, r0
 135:Core/Src/Dshot.c ****   uint16_t packet;
 329              		.loc 1 135 3 is_stmt 1 view .LVU95
 136:Core/Src/Dshot.c ****   packet = dshot_prepare_packet(value);
 330              		.loc 1 136 3 view .LVU96
 331              		.loc 1 136 12 is_stmt 0 view .LVU97
 332 0004 0846     		mov	r0, r1
 333              	.LVL28:
 334              		.loc 1 136 12 view .LVU98
 335 0006 FFF7FEFF 		bl	dshot_prepare_packet
 336              	.LVL29:
 137:Core/Src/Dshot.c **** 
 138:Core/Src/Dshot.c ****   for (int i = 0; i < 16; i++) {
 337              		.loc 1 138 3 is_stmt 1 view .LVU99
 338              	.LBB4:
 339              		.loc 1 138 8 view .LVU100
 340              		.loc 1 138 12 is_stmt 0 view .LVU101
 341 000a 0023     		movs	r3, #0
 342              		.loc 1 138 3 view .LVU102
 343 000c 05E0     		b	.L21
 344              	.LVL30:
 345              	.L27:
 139:Core/Src/Dshot.c ****     motor_dmabuffer[i] = (packet & 0x8000) ? MOTOR_BIT_1 : MOTOR_BIT_0;
 346              		.loc 1 139 58 view .LVU103
 347 000e 0E22     		movs	r2, #14
 348              	.L22:
 349              		.loc 1 139 24 discriminator 4 view .LVU104
 350 0010 44F82320 		str	r2, [r4, r3, lsl #2]
 140:Core/Src/Dshot.c ****     packet <<= 1;
 351              		.loc 1 140 5 is_stmt 1 discriminator 4 view .LVU105
 352              		.loc 1 140 12 is_stmt 0 discriminator 4 view .LVU106
 353 0014 4000     		lsls	r0, r0, #1
 354              	.LVL31:
 355              		.loc 1 140 12 discriminator 4 view .LVU107
 356 0016 80B2     		uxth	r0, r0
 357              	.LVL32:
 138:Core/Src/Dshot.c ****     motor_dmabuffer[i] = (packet & 0x8000) ? MOTOR_BIT_1 : MOTOR_BIT_0;
 358              		.loc 1 138 28 is_stmt 1 discriminator 4 view .LVU108
 359 0018 0133     		adds	r3, r3, #1
 360              	.LVL33:
 361              	.L21:
 138:Core/Src/Dshot.c ****     motor_dmabuffer[i] = (packet & 0x8000) ? MOTOR_BIT_1 : MOTOR_BIT_0;
 362              		.loc 1 138 21 discriminator 2 view .LVU109
 363 001a 0F2B     		cmp	r3, #15
 364 001c 04DC     		bgt	.L26
 139:Core/Src/Dshot.c ****     motor_dmabuffer[i] = (packet & 0x8000) ? MOTOR_BIT_1 : MOTOR_BIT_0;
ARM GAS  /var/folders/mn/k5wp23016n9dfxcgh9w5nftw0000gn/T//ccFXrFKl.s 			page 10


 365              		.loc 1 139 5 view .LVU110
 139:Core/Src/Dshot.c ****     motor_dmabuffer[i] = (packet & 0x8000) ? MOTOR_BIT_1 : MOTOR_BIT_0;
 366              		.loc 1 139 58 is_stmt 0 view .LVU111
 367 001e 10F4004F 		tst	r0, #32768
 368 0022 F4D1     		bne	.L27
 369 0024 0722     		movs	r2, #7
 370 0026 F3E7     		b	.L22
 371              	.L26:
 372              	.LBE4:
 141:Core/Src/Dshot.c ****   }
 142:Core/Src/Dshot.c **** 
 143:Core/Src/Dshot.c ****   motor_dmabuffer[16] = 0;
 373              		.loc 1 143 3 is_stmt 1 view .LVU112
 374              		.loc 1 143 23 is_stmt 0 view .LVU113
 375 0028 0023     		movs	r3, #0
 376              	.LVL34:
 377              		.loc 1 143 23 view .LVU114
 378 002a 2364     		str	r3, [r4, #64]
 144:Core/Src/Dshot.c ****   motor_dmabuffer[17] = 0;
 379              		.loc 1 144 3 is_stmt 1 view .LVU115
 380              		.loc 1 144 23 is_stmt 0 view .LVU116
 381 002c 6364     		str	r3, [r4, #68]
 145:Core/Src/Dshot.c **** }
 382              		.loc 1 145 1 view .LVU117
 383 002e 10BD     		pop	{r4, pc}
 384              		.loc 1 145 1 view .LVU118
 385              		.cfi_endproc
 386              	.LFE223:
 388              		.section	.text.dshot_prepare_dmabuffer_all,"ax",%progbits
 389              		.align	1
 390              		.syntax unified
 391              		.thumb
 392              		.thumb_func
 394              	dshot_prepare_dmabuffer_all:
 395              	.LVL35:
 396              	.LFB224:
 146:Core/Src/Dshot.c **** 
 147:Core/Src/Dshot.c **** static void dshot_prepare_dmabuffer_all(uint16_t *motor_value) {
 397              		.loc 1 147 64 is_stmt 1 view -0
 398              		.cfi_startproc
 399              		@ args = 0, pretend = 0, frame = 0
 400              		@ frame_needed = 0, uses_anonymous_args = 0
 401              		.loc 1 147 64 is_stmt 0 view .LVU120
 402 0000 10B5     		push	{r4, lr}
 403              	.LCFI3:
 404              		.cfi_def_cfa_offset 8
 405              		.cfi_offset 4, -8
 406              		.cfi_offset 14, -4
 407 0002 0446     		mov	r4, r0
 148:Core/Src/Dshot.c ****   dshot_prepare_dmabuffer(motor1_dmabuffer, motor_value[0]);
 408              		.loc 1 148 3 is_stmt 1 view .LVU121
 409 0004 0188     		ldrh	r1, [r0]
 410 0006 0848     		ldr	r0, .L30
 411              	.LVL36:
 412              		.loc 1 148 3 is_stmt 0 view .LVU122
 413 0008 FFF7FEFF 		bl	dshot_prepare_dmabuffer
 414              	.LVL37:
ARM GAS  /var/folders/mn/k5wp23016n9dfxcgh9w5nftw0000gn/T//ccFXrFKl.s 			page 11


 149:Core/Src/Dshot.c ****   dshot_prepare_dmabuffer(motor2_dmabuffer, motor_value[1]);
 415              		.loc 1 149 3 is_stmt 1 view .LVU123
 416 000c 6188     		ldrh	r1, [r4, #2]
 417 000e 0748     		ldr	r0, .L30+4
 418 0010 FFF7FEFF 		bl	dshot_prepare_dmabuffer
 419              	.LVL38:
 150:Core/Src/Dshot.c ****   dshot_prepare_dmabuffer(motor3_dmabuffer, motor_value[2]);
 420              		.loc 1 150 3 view .LVU124
 421 0014 A188     		ldrh	r1, [r4, #4]
 422 0016 0648     		ldr	r0, .L30+8
 423 0018 FFF7FEFF 		bl	dshot_prepare_dmabuffer
 424              	.LVL39:
 151:Core/Src/Dshot.c ****   dshot_prepare_dmabuffer(motor4_dmabuffer, motor_value[3]);
 425              		.loc 1 151 3 view .LVU125
 426 001c E188     		ldrh	r1, [r4, #6]
 427 001e 0548     		ldr	r0, .L30+12
 428 0020 FFF7FEFF 		bl	dshot_prepare_dmabuffer
 429              	.LVL40:
 152:Core/Src/Dshot.c **** }
 430              		.loc 1 152 1 is_stmt 0 view .LVU126
 431 0024 10BD     		pop	{r4, pc}
 432              	.LVL41:
 433              	.L31:
 434              		.loc 1 152 1 view .LVU127
 435 0026 00BF     		.align	2
 436              	.L30:
 437 0028 00000000 		.word	motor1_dmabuffer
 438 002c 00000000 		.word	motor2_dmabuffer
 439 0030 00000000 		.word	motor3_dmabuffer
 440 0034 00000000 		.word	motor4_dmabuffer
 441              		.cfi_endproc
 442              	.LFE224:
 444              		.section	.text.dshot_enable_dma_request,"ax",%progbits
 445              		.align	1
 446              		.syntax unified
 447              		.thumb
 448              		.thumb_func
 450              	dshot_enable_dma_request:
 451              	.LFB226:
 153:Core/Src/Dshot.c **** 
 154:Core/Src/Dshot.c **** static void dshot_dma_start(void) {
 155:Core/Src/Dshot.c ****   HAL_DMA_Start_IT(
 156:Core/Src/Dshot.c ****       MOTOR_1_TIM->hdma[TIM_DMA_ID_CC4], (uint32_t)motor1_dmabuffer,
 157:Core/Src/Dshot.c ****       (uint32_t)&MOTOR_1_TIM->Instance->CCR4, DSHOT_DMA_BUFFER_SIZE);
 158:Core/Src/Dshot.c ****   HAL_DMA_Start_IT(
 159:Core/Src/Dshot.c ****       MOTOR_2_TIM->hdma[TIM_DMA_ID_CC3], (uint32_t)motor2_dmabuffer,
 160:Core/Src/Dshot.c ****       (uint32_t)&MOTOR_2_TIM->Instance->CCR3, DSHOT_DMA_BUFFER_SIZE);
 161:Core/Src/Dshot.c ****   HAL_DMA_Start_IT(
 162:Core/Src/Dshot.c ****       MOTOR_3_TIM->hdma[TIM_DMA_ID_CC1], (uint32_t)motor3_dmabuffer,
 163:Core/Src/Dshot.c ****       (uint32_t)&MOTOR_3_TIM->Instance->CCR1, DSHOT_DMA_BUFFER_SIZE);
 164:Core/Src/Dshot.c ****   HAL_DMA_Start_IT(
 165:Core/Src/Dshot.c ****       MOTOR_4_TIM->hdma[TIM_DMA_ID_CC2], (uint32_t)motor4_dmabuffer,
 166:Core/Src/Dshot.c ****       (uint32_t)&MOTOR_4_TIM->Instance->CCR2, DSHOT_DMA_BUFFER_SIZE);
 167:Core/Src/Dshot.c **** }
 168:Core/Src/Dshot.c **** 
 169:Core/Src/Dshot.c **** static int dshot_enable_dma_request(void) {
 452              		.loc 1 169 43 is_stmt 1 view -0
ARM GAS  /var/folders/mn/k5wp23016n9dfxcgh9w5nftw0000gn/T//ccFXrFKl.s 			page 12


 453              		.cfi_startproc
 454              		@ args = 0, pretend = 0, frame = 0
 455              		@ frame_needed = 0, uses_anonymous_args = 0
 456              		@ link register save eliminated.
 170:Core/Src/Dshot.c ****   __HAL_TIM_ENABLE_DMA(MOTOR_1_TIM, TIM_DMA_CC4);
 457              		.loc 1 170 3 view .LVU129
 458 0000 0A4B     		ldr	r3, .L33
 459 0002 1B68     		ldr	r3, [r3]
 460 0004 DA68     		ldr	r2, [r3, #12]
 461 0006 42F48052 		orr	r2, r2, #4096
 462 000a DA60     		str	r2, [r3, #12]
 171:Core/Src/Dshot.c ****   __HAL_TIM_ENABLE_DMA(MOTOR_2_TIM, TIM_DMA_CC3);
 463              		.loc 1 171 3 view .LVU130
 464 000c 084A     		ldr	r2, .L33+4
 465 000e 1268     		ldr	r2, [r2]
 466 0010 D168     		ldr	r1, [r2, #12]
 467 0012 41F40061 		orr	r1, r1, #2048
 468 0016 D160     		str	r1, [r2, #12]
 172:Core/Src/Dshot.c ****   __HAL_TIM_ENABLE_DMA(MOTOR_3_TIM, TIM_DMA_CC1);
 469              		.loc 1 172 3 view .LVU131
 470 0018 D168     		ldr	r1, [r2, #12]
 471 001a 41F40071 		orr	r1, r1, #512
 472 001e D160     		str	r1, [r2, #12]
 173:Core/Src/Dshot.c ****   __HAL_TIM_ENABLE_DMA(MOTOR_4_TIM, TIM_DMA_CC2);
 473              		.loc 1 173 3 view .LVU132
 474 0020 DA68     		ldr	r2, [r3, #12]
 475 0022 42F48062 		orr	r2, r2, #1024
 476 0026 DA60     		str	r2, [r3, #12]
 174:Core/Src/Dshot.c ****   return 1;
 477              		.loc 1 174 3 view .LVU133
 175:Core/Src/Dshot.c **** }
 478              		.loc 1 175 1 is_stmt 0 view .LVU134
 479 0028 0120     		movs	r0, #1
 480 002a 7047     		bx	lr
 481              	.L34:
 482              		.align	2
 483              	.L33:
 484 002c 00000000 		.word	htim5
 485 0030 00000000 		.word	htim2
 486              		.cfi_endproc
 487              	.LFE226:
 489              		.section	.text.dshot_dma_start,"ax",%progbits
 490              		.align	1
 491              		.syntax unified
 492              		.thumb
 493              		.thumb_func
 495              	dshot_dma_start:
 496              	.LFB225:
 154:Core/Src/Dshot.c ****   HAL_DMA_Start_IT(
 497              		.loc 1 154 35 is_stmt 1 view -0
 498              		.cfi_startproc
 499              		@ args = 0, pretend = 0, frame = 0
 500              		@ frame_needed = 0, uses_anonymous_args = 0
 501 0000 38B5     		push	{r3, r4, r5, lr}
 502              	.LCFI4:
 503              		.cfi_def_cfa_offset 16
 504              		.cfi_offset 3, -16
ARM GAS  /var/folders/mn/k5wp23016n9dfxcgh9w5nftw0000gn/T//ccFXrFKl.s 			page 13


 505              		.cfi_offset 4, -12
 506              		.cfi_offset 5, -8
 507              		.cfi_offset 14, -4
 155:Core/Src/Dshot.c ****       MOTOR_1_TIM->hdma[TIM_DMA_ID_CC4], (uint32_t)motor1_dmabuffer,
 508              		.loc 1 155 3 view .LVU136
 157:Core/Src/Dshot.c ****   HAL_DMA_Start_IT(
 509              		.loc 1 157 29 is_stmt 0 view .LVU137
 510 0002 0F4C     		ldr	r4, .L37
 511 0004 2268     		ldr	r2, [r4]
 155:Core/Src/Dshot.c ****       MOTOR_1_TIM->hdma[TIM_DMA_ID_CC4], (uint32_t)motor1_dmabuffer,
 512              		.loc 1 155 3 view .LVU138
 513 0006 1223     		movs	r3, #18
 514 0008 4032     		adds	r2, r2, #64
 515 000a 0E49     		ldr	r1, .L37+4
 516 000c 206B     		ldr	r0, [r4, #48]
 517 000e FFF7FEFF 		bl	HAL_DMA_Start_IT
 518              	.LVL42:
 158:Core/Src/Dshot.c ****       MOTOR_2_TIM->hdma[TIM_DMA_ID_CC3], (uint32_t)motor2_dmabuffer,
 519              		.loc 1 158 3 is_stmt 1 view .LVU139
 160:Core/Src/Dshot.c ****   HAL_DMA_Start_IT(
 520              		.loc 1 160 29 is_stmt 0 view .LVU140
 521 0012 0D4D     		ldr	r5, .L37+8
 522 0014 2A68     		ldr	r2, [r5]
 158:Core/Src/Dshot.c ****       MOTOR_2_TIM->hdma[TIM_DMA_ID_CC3], (uint32_t)motor2_dmabuffer,
 523              		.loc 1 158 3 view .LVU141
 524 0016 1223     		movs	r3, #18
 525 0018 3C32     		adds	r2, r2, #60
 526 001a 0C49     		ldr	r1, .L37+12
 527 001c E86A     		ldr	r0, [r5, #44]
 528 001e FFF7FEFF 		bl	HAL_DMA_Start_IT
 529              	.LVL43:
 161:Core/Src/Dshot.c ****       MOTOR_3_TIM->hdma[TIM_DMA_ID_CC1], (uint32_t)motor3_dmabuffer,
 530              		.loc 1 161 3 is_stmt 1 view .LVU142
 163:Core/Src/Dshot.c ****   HAL_DMA_Start_IT(
 531              		.loc 1 163 29 is_stmt 0 view .LVU143
 532 0022 2A68     		ldr	r2, [r5]
 161:Core/Src/Dshot.c ****       MOTOR_3_TIM->hdma[TIM_DMA_ID_CC1], (uint32_t)motor3_dmabuffer,
 533              		.loc 1 161 3 view .LVU144
 534 0024 1223     		movs	r3, #18
 535 0026 3432     		adds	r2, r2, #52
 536 0028 0949     		ldr	r1, .L37+16
 537 002a 686A     		ldr	r0, [r5, #36]
 538 002c FFF7FEFF 		bl	HAL_DMA_Start_IT
 539              	.LVL44:
 164:Core/Src/Dshot.c ****       MOTOR_4_TIM->hdma[TIM_DMA_ID_CC2], (uint32_t)motor4_dmabuffer,
 540              		.loc 1 164 3 is_stmt 1 view .LVU145
 166:Core/Src/Dshot.c **** }
 541              		.loc 1 166 29 is_stmt 0 view .LVU146
 542 0030 2268     		ldr	r2, [r4]
 164:Core/Src/Dshot.c ****       MOTOR_4_TIM->hdma[TIM_DMA_ID_CC2], (uint32_t)motor4_dmabuffer,
 543              		.loc 1 164 3 view .LVU147
 544 0032 1223     		movs	r3, #18
 545 0034 3832     		adds	r2, r2, #56
 546 0036 0749     		ldr	r1, .L37+20
 547 0038 A06A     		ldr	r0, [r4, #40]
 548 003a FFF7FEFF 		bl	HAL_DMA_Start_IT
 549              	.LVL45:
ARM GAS  /var/folders/mn/k5wp23016n9dfxcgh9w5nftw0000gn/T//ccFXrFKl.s 			page 14


 167:Core/Src/Dshot.c **** 
 550              		.loc 1 167 1 view .LVU148
 551 003e 38BD     		pop	{r3, r4, r5, pc}
 552              	.L38:
 553              		.align	2
 554              	.L37:
 555 0040 00000000 		.word	htim5
 556 0044 00000000 		.word	motor1_dmabuffer
 557 0048 00000000 		.word	htim2
 558 004c 00000000 		.word	motor2_dmabuffer
 559 0050 00000000 		.word	motor3_dmabuffer
 560 0054 00000000 		.word	motor4_dmabuffer
 561              		.cfi_endproc
 562              	.LFE225:
 564              		.section	.text.dshot_start_pwm,"ax",%progbits
 565              		.align	1
 566              		.syntax unified
 567              		.thumb
 568              		.thumb_func
 570              	dshot_start_pwm:
 571              	.LFB221:
 102:Core/Src/Dshot.c ****   // Start the timer channel now.
 572              		.loc 1 102 31 is_stmt 1 view -0
 573              		.cfi_startproc
 574              		@ args = 0, pretend = 0, frame = 0
 575              		@ frame_needed = 0, uses_anonymous_args = 0
 576 0000 38B5     		push	{r3, r4, r5, lr}
 577              	.LCFI5:
 578              		.cfi_def_cfa_offset 16
 579              		.cfi_offset 3, -16
 580              		.cfi_offset 4, -12
 581              		.cfi_offset 5, -8
 582              		.cfi_offset 14, -4
 106:Core/Src/Dshot.c ****   HAL_TIM_PWM_Start(MOTOR_2_TIM, MOTOR_2_TIM_CHANNEL);
 583              		.loc 1 106 3 view .LVU150
 584 0002 094C     		ldr	r4, .L41
 585 0004 0C21     		movs	r1, #12
 586 0006 2046     		mov	r0, r4
 587 0008 FFF7FEFF 		bl	HAL_TIM_PWM_Start
 588              	.LVL46:
 107:Core/Src/Dshot.c ****   HAL_TIM_PWM_Start(MOTOR_3_TIM, MOTOR_3_TIM_CHANNEL);
 589              		.loc 1 107 3 view .LVU151
 590 000c 074D     		ldr	r5, .L41+4
 591 000e 0821     		movs	r1, #8
 592 0010 2846     		mov	r0, r5
 593 0012 FFF7FEFF 		bl	HAL_TIM_PWM_Start
 594              	.LVL47:
 108:Core/Src/Dshot.c ****   HAL_TIM_PWM_Start(MOTOR_4_TIM, MOTOR_4_TIM_CHANNEL);
 595              		.loc 1 108 3 view .LVU152
 596 0016 0021     		movs	r1, #0
 597 0018 2846     		mov	r0, r5
 598 001a FFF7FEFF 		bl	HAL_TIM_PWM_Start
 599              	.LVL48:
 109:Core/Src/Dshot.c **** }
 600              		.loc 1 109 3 view .LVU153
 601 001e 0421     		movs	r1, #4
 602 0020 2046     		mov	r0, r4
ARM GAS  /var/folders/mn/k5wp23016n9dfxcgh9w5nftw0000gn/T//ccFXrFKl.s 			page 15


 603 0022 FFF7FEFF 		bl	HAL_TIM_PWM_Start
 604              	.LVL49:
 110:Core/Src/Dshot.c **** 
 605              		.loc 1 110 1 is_stmt 0 view .LVU154
 606 0026 38BD     		pop	{r3, r4, r5, pc}
 607              	.L42:
 608              		.align	2
 609              	.L41:
 610 0028 00000000 		.word	htim5
 611 002c 00000000 		.word	htim2
 612              		.cfi_endproc
 613              	.LFE221:
 615              		.section	.text.dshot_write,"ax",%progbits
 616              		.align	1
 617              		.global	dshot_write
 618              		.syntax unified
 619              		.thumb
 620              		.thumb_func
 622              	dshot_write:
 623              	.LVL50:
 624              	.LFB216:
  23:Core/Src/Dshot.c ****   dshot_prepare_dmabuffer_all(motor_value);
 625              		.loc 1 23 40 is_stmt 1 view -0
 626              		.cfi_startproc
 627              		@ args = 0, pretend = 0, frame = 0
 628              		@ frame_needed = 0, uses_anonymous_args = 0
  23:Core/Src/Dshot.c ****   dshot_prepare_dmabuffer_all(motor_value);
 629              		.loc 1 23 40 is_stmt 0 view .LVU156
 630 0000 08B5     		push	{r3, lr}
 631              	.LCFI6:
 632              		.cfi_def_cfa_offset 8
 633              		.cfi_offset 3, -8
 634              		.cfi_offset 14, -4
  24:Core/Src/Dshot.c ****   dshot_dma_start();
 635              		.loc 1 24 3 is_stmt 1 view .LVU157
 636 0002 FFF7FEFF 		bl	dshot_prepare_dmabuffer_all
 637              	.LVL51:
  25:Core/Src/Dshot.c ****   return dshot_enable_dma_request();
 638              		.loc 1 25 3 view .LVU158
 639 0006 FFF7FEFF 		bl	dshot_dma_start
 640              	.LVL52:
  26:Core/Src/Dshot.c **** }
 641              		.loc 1 26 3 view .LVU159
  26:Core/Src/Dshot.c **** }
 642              		.loc 1 26 10 is_stmt 0 view .LVU160
 643 000a FFF7FEFF 		bl	dshot_enable_dma_request
 644              	.LVL53:
  27:Core/Src/Dshot.c **** 
 645              		.loc 1 27 1 view .LVU161
 646 000e 08BD     		pop	{r3, pc}
 647              		.cfi_endproc
 648              	.LFE216:
 650              		.section	.text.dshot_init,"ax",%progbits
 651              		.align	1
 652              		.global	dshot_init
 653              		.syntax unified
 654              		.thumb
ARM GAS  /var/folders/mn/k5wp23016n9dfxcgh9w5nftw0000gn/T//ccFXrFKl.s 			page 16


 655              		.thumb_func
 657              	dshot_init:
 658              	.LFB217:
  30:Core/Src/Dshot.c ****   dshot_set_timer();
 659              		.loc 1 30 23 is_stmt 1 view -0
 660              		.cfi_startproc
 661              		@ args = 0, pretend = 0, frame = 0
 662              		@ frame_needed = 0, uses_anonymous_args = 0
 663 0000 08B5     		push	{r3, lr}
 664              	.LCFI7:
 665              		.cfi_def_cfa_offset 8
 666              		.cfi_offset 3, -8
 667              		.cfi_offset 14, -4
  31:Core/Src/Dshot.c ****   dshot_put_tc_callback_function();
 668              		.loc 1 31 3 view .LVU163
 669 0002 FFF7FEFF 		bl	dshot_set_timer
 670              	.LVL54:
  32:Core/Src/Dshot.c ****   dshot_start_pwm();
 671              		.loc 1 32 3 view .LVU164
 672 0006 FFF7FEFF 		bl	dshot_put_tc_callback_function
 673              	.LVL55:
  33:Core/Src/Dshot.c **** }
 674              		.loc 1 33 3 view .LVU165
 675 000a FFF7FEFF 		bl	dshot_start_pwm
 676              	.LVL56:
  34:Core/Src/Dshot.c **** 
 677              		.loc 1 34 1 is_stmt 0 view .LVU166
 678 000e 08BD     		pop	{r3, pc}
 679              		.cfi_endproc
 680              	.LFE217:
 682              		.section	.bss.motor4_dmabuffer,"aw",%nobits
 683              		.align	2
 686              	motor4_dmabuffer:
 687 0000 00000000 		.space	72
 687      00000000 
 687      00000000 
 687      00000000 
 687      00000000 
 688              		.section	.bss.motor3_dmabuffer,"aw",%nobits
 689              		.align	2
 692              	motor3_dmabuffer:
 693 0000 00000000 		.space	72
 693      00000000 
 693      00000000 
 693      00000000 
 693      00000000 
 694              		.section	.bss.motor2_dmabuffer,"aw",%nobits
 695              		.align	2
 698              	motor2_dmabuffer:
 699 0000 00000000 		.space	72
 699      00000000 
 699      00000000 
 699      00000000 
 699      00000000 
 700              		.section	.bss.motor1_dmabuffer,"aw",%nobits
 701              		.align	2
 704              	motor1_dmabuffer:
ARM GAS  /var/folders/mn/k5wp23016n9dfxcgh9w5nftw0000gn/T//ccFXrFKl.s 			page 17


 705 0000 00000000 		.space	72
 705      00000000 
 705      00000000 
 705      00000000 
 705      00000000 
 706              		.text
 707              	.Letext0:
 708              		.file 2 "/Users/echo/Development/arm-gnu-toolchain/arm64-arm-none-eabi12/arm-none-eabi/include/mac
 709              		.file 3 "/Users/echo/Development/arm-gnu-toolchain/arm64-arm-none-eabi12/arm-none-eabi/include/sys
 710              		.file 4 "Drivers/CMSIS/Device/ST/STM32F4xx/Include/stm32f411xe.h"
 711              		.file 5 "Drivers/STM32F4xx_HAL_Driver/Inc/stm32f4xx_hal_def.h"
 712              		.file 6 "Drivers/STM32F4xx_HAL_Driver/Inc/stm32f4xx_hal_dma.h"
 713              		.file 7 "Drivers/STM32F4xx_HAL_Driver/Inc/stm32f4xx_hal_tim.h"
 714              		.file 8 "Core/Inc/Dshot_tim.h"
ARM GAS  /var/folders/mn/k5wp23016n9dfxcgh9w5nftw0000gn/T//ccFXrFKl.s 			page 18


DEFINED SYMBOLS
                            *ABS*:00000000 Dshot.c
/var/folders/mn/k5wp23016n9dfxcgh9w5nftw0000gn/T//ccFXrFKl.s:21     .text.dshot_set_timer:00000000 $t
/var/folders/mn/k5wp23016n9dfxcgh9w5nftw0000gn/T//ccFXrFKl.s:26     .text.dshot_set_timer:00000000 dshot_set_timer
/var/folders/mn/k5wp23016n9dfxcgh9w5nftw0000gn/T//ccFXrFKl.s:82     .text.dshot_set_timer:00000028 $d
/var/folders/mn/k5wp23016n9dfxcgh9w5nftw0000gn/T//ccFXrFKl.s:88     .text.dshot_dma_tc_callback:00000000 $t
/var/folders/mn/k5wp23016n9dfxcgh9w5nftw0000gn/T//ccFXrFKl.s:93     .text.dshot_dma_tc_callback:00000000 dshot_dma_tc_callback
/var/folders/mn/k5wp23016n9dfxcgh9w5nftw0000gn/T//ccFXrFKl.s:185    .text.dshot_put_tc_callback_function:00000000 $t
/var/folders/mn/k5wp23016n9dfxcgh9w5nftw0000gn/T//ccFXrFKl.s:190    .text.dshot_put_tc_callback_function:00000000 dshot_put_tc_callback_function
/var/folders/mn/k5wp23016n9dfxcgh9w5nftw0000gn/T//ccFXrFKl.s:225    .text.dshot_put_tc_callback_function:00000018 $d
/var/folders/mn/k5wp23016n9dfxcgh9w5nftw0000gn/T//ccFXrFKl.s:232    .text.dshot_prepare_packet:00000000 $t
/var/folders/mn/k5wp23016n9dfxcgh9w5nftw0000gn/T//ccFXrFKl.s:237    .text.dshot_prepare_packet:00000000 dshot_prepare_packet
/var/folders/mn/k5wp23016n9dfxcgh9w5nftw0000gn/T//ccFXrFKl.s:310    .text.dshot_prepare_dmabuffer:00000000 $t
/var/folders/mn/k5wp23016n9dfxcgh9w5nftw0000gn/T//ccFXrFKl.s:315    .text.dshot_prepare_dmabuffer:00000000 dshot_prepare_dmabuffer
/var/folders/mn/k5wp23016n9dfxcgh9w5nftw0000gn/T//ccFXrFKl.s:389    .text.dshot_prepare_dmabuffer_all:00000000 $t
/var/folders/mn/k5wp23016n9dfxcgh9w5nftw0000gn/T//ccFXrFKl.s:394    .text.dshot_prepare_dmabuffer_all:00000000 dshot_prepare_dmabuffer_all
/var/folders/mn/k5wp23016n9dfxcgh9w5nftw0000gn/T//ccFXrFKl.s:437    .text.dshot_prepare_dmabuffer_all:00000028 $d
/var/folders/mn/k5wp23016n9dfxcgh9w5nftw0000gn/T//ccFXrFKl.s:704    .bss.motor1_dmabuffer:00000000 motor1_dmabuffer
/var/folders/mn/k5wp23016n9dfxcgh9w5nftw0000gn/T//ccFXrFKl.s:698    .bss.motor2_dmabuffer:00000000 motor2_dmabuffer
/var/folders/mn/k5wp23016n9dfxcgh9w5nftw0000gn/T//ccFXrFKl.s:692    .bss.motor3_dmabuffer:00000000 motor3_dmabuffer
/var/folders/mn/k5wp23016n9dfxcgh9w5nftw0000gn/T//ccFXrFKl.s:686    .bss.motor4_dmabuffer:00000000 motor4_dmabuffer
/var/folders/mn/k5wp23016n9dfxcgh9w5nftw0000gn/T//ccFXrFKl.s:445    .text.dshot_enable_dma_request:00000000 $t
/var/folders/mn/k5wp23016n9dfxcgh9w5nftw0000gn/T//ccFXrFKl.s:450    .text.dshot_enable_dma_request:00000000 dshot_enable_dma_request
/var/folders/mn/k5wp23016n9dfxcgh9w5nftw0000gn/T//ccFXrFKl.s:484    .text.dshot_enable_dma_request:0000002c $d
/var/folders/mn/k5wp23016n9dfxcgh9w5nftw0000gn/T//ccFXrFKl.s:490    .text.dshot_dma_start:00000000 $t
/var/folders/mn/k5wp23016n9dfxcgh9w5nftw0000gn/T//ccFXrFKl.s:495    .text.dshot_dma_start:00000000 dshot_dma_start
/var/folders/mn/k5wp23016n9dfxcgh9w5nftw0000gn/T//ccFXrFKl.s:555    .text.dshot_dma_start:00000040 $d
/var/folders/mn/k5wp23016n9dfxcgh9w5nftw0000gn/T//ccFXrFKl.s:565    .text.dshot_start_pwm:00000000 $t
/var/folders/mn/k5wp23016n9dfxcgh9w5nftw0000gn/T//ccFXrFKl.s:570    .text.dshot_start_pwm:00000000 dshot_start_pwm
/var/folders/mn/k5wp23016n9dfxcgh9w5nftw0000gn/T//ccFXrFKl.s:610    .text.dshot_start_pwm:00000028 $d
/var/folders/mn/k5wp23016n9dfxcgh9w5nftw0000gn/T//ccFXrFKl.s:616    .text.dshot_write:00000000 $t
/var/folders/mn/k5wp23016n9dfxcgh9w5nftw0000gn/T//ccFXrFKl.s:622    .text.dshot_write:00000000 dshot_write
/var/folders/mn/k5wp23016n9dfxcgh9w5nftw0000gn/T//ccFXrFKl.s:651    .text.dshot_init:00000000 $t
/var/folders/mn/k5wp23016n9dfxcgh9w5nftw0000gn/T//ccFXrFKl.s:657    .text.dshot_init:00000000 dshot_init
/var/folders/mn/k5wp23016n9dfxcgh9w5nftw0000gn/T//ccFXrFKl.s:683    .bss.motor4_dmabuffer:00000000 $d
/var/folders/mn/k5wp23016n9dfxcgh9w5nftw0000gn/T//ccFXrFKl.s:689    .bss.motor3_dmabuffer:00000000 $d
/var/folders/mn/k5wp23016n9dfxcgh9w5nftw0000gn/T//ccFXrFKl.s:695    .bss.motor2_dmabuffer:00000000 $d
/var/folders/mn/k5wp23016n9dfxcgh9w5nftw0000gn/T//ccFXrFKl.s:701    .bss.motor1_dmabuffer:00000000 $d

UNDEFINED SYMBOLS
htim5
htim2
HAL_DMA_Start_IT
HAL_TIM_PWM_Start
