ARM GAS  /var/folders/mn/k5wp23016n9dfxcgh9w5nftw0000gn/T//ccLOGHnY.s 			page 1


   1              		.cpu cortex-m4
   2              		.arch armv7e-m
   3              		.fpu fpv4-sp-d16
   4              		.eabi_attribute 27, 1
   5              		.eabi_attribute 28, 1
   6              		.eabi_attribute 20, 1
   7              		.eabi_attribute 21, 1
   8              		.eabi_attribute 23, 3
   9              		.eabi_attribute 24, 1
  10              		.eabi_attribute 25, 1
  11              		.eabi_attribute 26, 1
  12              		.eabi_attribute 30, 1
  13              		.eabi_attribute 34, 1
  14              		.eabi_attribute 18, 4
  15              		.file	"iic.c"
  16              		.text
  17              	.Ltext0:
  18              		.cfi_sections	.debug_frame
  19              		.file 1 "Core/Src/driver/iic.c"
  20              		.section	.text.MX_I2C1_Init,"ax",%progbits
  21              		.align	1
  22              		.global	MX_I2C1_Init
  23              		.syntax unified
  24              		.thumb
  25              		.thumb_func
  27              	MX_I2C1_Init:
  28              	.LFB216:
   1:Core/Src/driver/iic.c **** #include "driver/iic.h"
   2:Core/Src/driver/iic.c **** #include "stm32f4xx_hal_i2c.h"
   3:Core/Src/driver/iic.c **** 
   4:Core/Src/driver/iic.c **** 
   5:Core/Src/driver/iic.c **** I2C_HandleTypeDef hi2c1;
   6:Core/Src/driver/iic.c **** DMA_HandleTypeDef hdma_i2c1_tx;
   7:Core/Src/driver/iic.c **** DMA_HandleTypeDef hdma_i2c1_rx;
   8:Core/Src/driver/iic.c **** 
   9:Core/Src/driver/iic.c **** /**
  10:Core/Src/driver/iic.c ****   * @brief I2C1 Initialization Function
  11:Core/Src/driver/iic.c ****   * @param None
  12:Core/Src/driver/iic.c ****   * @retval None
  13:Core/Src/driver/iic.c ****   */
  14:Core/Src/driver/iic.c **** void MX_I2C1_Init(void)
  15:Core/Src/driver/iic.c **** {
  29              		.loc 1 15 1 view -0
  30              		.cfi_startproc
  31              		@ args = 0, pretend = 0, frame = 0
  32              		@ frame_needed = 0, uses_anonymous_args = 0
  33 0000 08B5     		push	{r3, lr}
  34              	.LCFI0:
  35              		.cfi_def_cfa_offset 8
  36              		.cfi_offset 3, -8
  37              		.cfi_offset 14, -4
  16:Core/Src/driver/iic.c **** 
  17:Core/Src/driver/iic.c ****   /* USER CODE BEGIN I2C1_Init 0 */
  18:Core/Src/driver/iic.c **** 
  19:Core/Src/driver/iic.c ****   /* USER CODE END I2C1_Init 0 */
  20:Core/Src/driver/iic.c **** 
  21:Core/Src/driver/iic.c ****   /* USER CODE BEGIN I2C1_Init 1 */
ARM GAS  /var/folders/mn/k5wp23016n9dfxcgh9w5nftw0000gn/T//ccLOGHnY.s 			page 2


  22:Core/Src/driver/iic.c **** 
  23:Core/Src/driver/iic.c ****   /* USER CODE END I2C1_Init 1 */
  24:Core/Src/driver/iic.c ****   hi2c1.Instance = I2C1;
  38              		.loc 1 24 3 view .LVU1
  39              		.loc 1 24 18 is_stmt 0 view .LVU2
  40 0002 0B48     		ldr	r0, .L5
  41 0004 0B4B     		ldr	r3, .L5+4
  42 0006 0360     		str	r3, [r0]
  25:Core/Src/driver/iic.c ****   hi2c1.Init.ClockSpeed = 350000;
  43              		.loc 1 25 3 is_stmt 1 view .LVU3
  44              		.loc 1 25 25 is_stmt 0 view .LVU4
  45 0008 0B4B     		ldr	r3, .L5+8
  46 000a 4360     		str	r3, [r0, #4]
  26:Core/Src/driver/iic.c ****   hi2c1.Init.DutyCycle = I2C_DUTYCYCLE_2;
  47              		.loc 1 26 3 is_stmt 1 view .LVU5
  48              		.loc 1 26 24 is_stmt 0 view .LVU6
  49 000c 0023     		movs	r3, #0
  50 000e 8360     		str	r3, [r0, #8]
  27:Core/Src/driver/iic.c ****   hi2c1.Init.OwnAddress1 = 0;
  51              		.loc 1 27 3 is_stmt 1 view .LVU7
  52              		.loc 1 27 26 is_stmt 0 view .LVU8
  53 0010 C360     		str	r3, [r0, #12]
  28:Core/Src/driver/iic.c ****   hi2c1.Init.AddressingMode = I2C_ADDRESSINGMODE_7BIT;
  54              		.loc 1 28 3 is_stmt 1 view .LVU9
  55              		.loc 1 28 29 is_stmt 0 view .LVU10
  56 0012 4FF48042 		mov	r2, #16384
  57 0016 0261     		str	r2, [r0, #16]
  29:Core/Src/driver/iic.c ****   hi2c1.Init.DualAddressMode = I2C_DUALADDRESS_DISABLE;
  58              		.loc 1 29 3 is_stmt 1 view .LVU11
  59              		.loc 1 29 30 is_stmt 0 view .LVU12
  60 0018 4361     		str	r3, [r0, #20]
  30:Core/Src/driver/iic.c ****   hi2c1.Init.OwnAddress2 = 0;
  61              		.loc 1 30 3 is_stmt 1 view .LVU13
  62              		.loc 1 30 26 is_stmt 0 view .LVU14
  63 001a 8361     		str	r3, [r0, #24]
  31:Core/Src/driver/iic.c ****   hi2c1.Init.GeneralCallMode = I2C_GENERALCALL_DISABLE;
  64              		.loc 1 31 3 is_stmt 1 view .LVU15
  65              		.loc 1 31 30 is_stmt 0 view .LVU16
  66 001c C361     		str	r3, [r0, #28]
  32:Core/Src/driver/iic.c ****   hi2c1.Init.NoStretchMode = I2C_NOSTRETCH_DISABLE;
  67              		.loc 1 32 3 is_stmt 1 view .LVU17
  68              		.loc 1 32 28 is_stmt 0 view .LVU18
  69 001e 0362     		str	r3, [r0, #32]
  33:Core/Src/driver/iic.c ****   if (HAL_I2C_Init(&hi2c1) != HAL_OK)
  70              		.loc 1 33 3 is_stmt 1 view .LVU19
  71              		.loc 1 33 7 is_stmt 0 view .LVU20
  72 0020 FFF7FEFF 		bl	HAL_I2C_Init
  73              	.LVL0:
  74              		.loc 1 33 6 view .LVU21
  75 0024 00B9     		cbnz	r0, .L4
  76              	.L1:
  34:Core/Src/driver/iic.c ****   {
  35:Core/Src/driver/iic.c ****     Error_Handler();
  36:Core/Src/driver/iic.c ****   }
  37:Core/Src/driver/iic.c ****   /* USER CODE BEGIN I2C1_Init 2 */
  38:Core/Src/driver/iic.c **** 
  39:Core/Src/driver/iic.c ****   /* USER CODE END I2C1_Init 2 */
ARM GAS  /var/folders/mn/k5wp23016n9dfxcgh9w5nftw0000gn/T//ccLOGHnY.s 			page 3


  40:Core/Src/driver/iic.c **** 
  41:Core/Src/driver/iic.c **** }
  77              		.loc 1 41 1 view .LVU22
  78 0026 08BD     		pop	{r3, pc}
  79              	.L4:
  35:Core/Src/driver/iic.c ****   }
  80              		.loc 1 35 5 is_stmt 1 view .LVU23
  81 0028 FFF7FEFF 		bl	Error_Handler
  82              	.LVL1:
  83              		.loc 1 41 1 is_stmt 0 view .LVU24
  84 002c FBE7     		b	.L1
  85              	.L6:
  86 002e 00BF     		.align	2
  87              	.L5:
  88 0030 00000000 		.word	hi2c1
  89 0034 00540040 		.word	1073763328
  90 0038 30570500 		.word	350000
  91              		.cfi_endproc
  92              	.LFE216:
  94              		.section	.text.HAL_I2C_MspInit,"ax",%progbits
  95              		.align	1
  96              		.global	HAL_I2C_MspInit
  97              		.syntax unified
  98              		.thumb
  99              		.thumb_func
 101              	HAL_I2C_MspInit:
 102              	.LVL2:
 103              	.LFB217:
  42:Core/Src/driver/iic.c **** 
  43:Core/Src/driver/iic.c **** /**
  44:Core/Src/driver/iic.c **** * @brief I2C MSP Initialization
  45:Core/Src/driver/iic.c **** * This function configures the hardware resources used in this example
  46:Core/Src/driver/iic.c **** * @param hi2c: I2C handle pointer
  47:Core/Src/driver/iic.c **** * @retval None
  48:Core/Src/driver/iic.c **** */
  49:Core/Src/driver/iic.c **** void HAL_I2C_MspInit(I2C_HandleTypeDef* hi2c)
  50:Core/Src/driver/iic.c **** {
 104              		.loc 1 50 1 is_stmt 1 view -0
 105              		.cfi_startproc
 106              		@ args = 0, pretend = 0, frame = 32
 107              		@ frame_needed = 0, uses_anonymous_args = 0
 108              		.loc 1 50 1 is_stmt 0 view .LVU26
 109 0000 70B5     		push	{r4, r5, r6, lr}
 110              	.LCFI1:
 111              		.cfi_def_cfa_offset 16
 112              		.cfi_offset 4, -16
 113              		.cfi_offset 5, -12
 114              		.cfi_offset 6, -8
 115              		.cfi_offset 14, -4
 116 0002 88B0     		sub	sp, sp, #32
 117              	.LCFI2:
 118              		.cfi_def_cfa_offset 48
  51:Core/Src/driver/iic.c ****   GPIO_InitTypeDef GPIO_InitStruct = {0};
 119              		.loc 1 51 3 is_stmt 1 view .LVU27
 120              		.loc 1 51 20 is_stmt 0 view .LVU28
 121 0004 0023     		movs	r3, #0
 122 0006 0393     		str	r3, [sp, #12]
ARM GAS  /var/folders/mn/k5wp23016n9dfxcgh9w5nftw0000gn/T//ccLOGHnY.s 			page 4


 123 0008 0493     		str	r3, [sp, #16]
 124 000a 0593     		str	r3, [sp, #20]
 125 000c 0693     		str	r3, [sp, #24]
 126 000e 0793     		str	r3, [sp, #28]
  52:Core/Src/driver/iic.c ****   if(hi2c->Instance==I2C1)
 127              		.loc 1 52 3 is_stmt 1 view .LVU29
 128              		.loc 1 52 10 is_stmt 0 view .LVU30
 129 0010 0268     		ldr	r2, [r0]
 130              		.loc 1 52 5 view .LVU31
 131 0012 364B     		ldr	r3, .L15
 132 0014 9A42     		cmp	r2, r3
 133 0016 01D0     		beq	.L12
 134              	.LVL3:
 135              	.L7:
  53:Core/Src/driver/iic.c ****   {
  54:Core/Src/driver/iic.c ****   /* USER CODE BEGIN I2C1_MspInit 0 */
  55:Core/Src/driver/iic.c **** 
  56:Core/Src/driver/iic.c ****   /* USER CODE END I2C1_MspInit 0 */
  57:Core/Src/driver/iic.c **** 
  58:Core/Src/driver/iic.c ****     __HAL_RCC_GPIOB_CLK_ENABLE();
  59:Core/Src/driver/iic.c ****     /**I2C1 GPIO Configuration
  60:Core/Src/driver/iic.c ****     PB6     ------> I2C1_SCL
  61:Core/Src/driver/iic.c ****     PB7     ------> I2C1_SDA
  62:Core/Src/driver/iic.c ****     */
  63:Core/Src/driver/iic.c ****     GPIO_InitStruct.Pin = GPIO_PIN_6|GPIO_PIN_7;
  64:Core/Src/driver/iic.c ****     GPIO_InitStruct.Mode = GPIO_MODE_AF_OD;
  65:Core/Src/driver/iic.c ****     GPIO_InitStruct.Pull = GPIO_NOPULL;
  66:Core/Src/driver/iic.c ****     GPIO_InitStruct.Speed = GPIO_SPEED_FREQ_VERY_HIGH;
  67:Core/Src/driver/iic.c ****     GPIO_InitStruct.Alternate = GPIO_AF4_I2C1;
  68:Core/Src/driver/iic.c ****     HAL_GPIO_Init(GPIOB, &GPIO_InitStruct);
  69:Core/Src/driver/iic.c **** 
  70:Core/Src/driver/iic.c ****     /* Peripheral clock enable */
  71:Core/Src/driver/iic.c ****     __HAL_RCC_I2C1_CLK_ENABLE();
  72:Core/Src/driver/iic.c **** 
  73:Core/Src/driver/iic.c ****     /* I2C1 DMA Init */
  74:Core/Src/driver/iic.c ****     /* I2C1_TX Init */
  75:Core/Src/driver/iic.c ****     hdma_i2c1_tx.Instance = DMA1_Stream7;
  76:Core/Src/driver/iic.c ****     hdma_i2c1_tx.Init.Channel = DMA_CHANNEL_1;
  77:Core/Src/driver/iic.c ****     hdma_i2c1_tx.Init.Direction = DMA_MEMORY_TO_PERIPH;
  78:Core/Src/driver/iic.c ****     hdma_i2c1_tx.Init.PeriphInc = DMA_PINC_DISABLE;
  79:Core/Src/driver/iic.c ****     hdma_i2c1_tx.Init.MemInc = DMA_MINC_ENABLE;
  80:Core/Src/driver/iic.c ****     hdma_i2c1_tx.Init.PeriphDataAlignment = DMA_PDATAALIGN_BYTE;
  81:Core/Src/driver/iic.c ****     hdma_i2c1_tx.Init.MemDataAlignment = DMA_MDATAALIGN_BYTE;
  82:Core/Src/driver/iic.c ****     hdma_i2c1_tx.Init.Mode = DMA_NORMAL;
  83:Core/Src/driver/iic.c ****     hdma_i2c1_tx.Init.Priority = DMA_PRIORITY_LOW;
  84:Core/Src/driver/iic.c ****     hdma_i2c1_tx.Init.FIFOMode = DMA_FIFOMODE_DISABLE;
  85:Core/Src/driver/iic.c ****     if (HAL_DMA_Init(&hdma_i2c1_tx) != HAL_OK)
  86:Core/Src/driver/iic.c ****     {
  87:Core/Src/driver/iic.c ****       Error_Handler();
  88:Core/Src/driver/iic.c ****     }
  89:Core/Src/driver/iic.c **** 
  90:Core/Src/driver/iic.c ****     __HAL_LINKDMA(hi2c,hdmatx,hdma_i2c1_tx);
  91:Core/Src/driver/iic.c **** 
  92:Core/Src/driver/iic.c ****     /* I2C1_RX Init */
  93:Core/Src/driver/iic.c ****     hdma_i2c1_rx.Instance = DMA1_Stream0;
  94:Core/Src/driver/iic.c ****     hdma_i2c1_rx.Init.Channel = DMA_CHANNEL_1;
  95:Core/Src/driver/iic.c ****     hdma_i2c1_rx.Init.Direction = DMA_PERIPH_TO_MEMORY;
ARM GAS  /var/folders/mn/k5wp23016n9dfxcgh9w5nftw0000gn/T//ccLOGHnY.s 			page 5


  96:Core/Src/driver/iic.c ****     hdma_i2c1_rx.Init.PeriphInc = DMA_PINC_DISABLE;
  97:Core/Src/driver/iic.c ****     hdma_i2c1_rx.Init.MemInc = DMA_MINC_ENABLE;
  98:Core/Src/driver/iic.c ****     hdma_i2c1_rx.Init.PeriphDataAlignment = DMA_PDATAALIGN_BYTE;
  99:Core/Src/driver/iic.c ****     hdma_i2c1_rx.Init.MemDataAlignment = DMA_MDATAALIGN_BYTE;
 100:Core/Src/driver/iic.c ****     hdma_i2c1_rx.Init.Mode = DMA_NORMAL;
 101:Core/Src/driver/iic.c ****     hdma_i2c1_rx.Init.Priority = DMA_PRIORITY_LOW;
 102:Core/Src/driver/iic.c ****     hdma_i2c1_rx.Init.FIFOMode = DMA_FIFOMODE_DISABLE;
 103:Core/Src/driver/iic.c ****     if (HAL_DMA_Init(&hdma_i2c1_rx) != HAL_OK)
 104:Core/Src/driver/iic.c ****     {
 105:Core/Src/driver/iic.c ****       Error_Handler();
 106:Core/Src/driver/iic.c ****     }
 107:Core/Src/driver/iic.c **** 
 108:Core/Src/driver/iic.c ****     __HAL_LINKDMA(hi2c,hdmarx,hdma_i2c1_rx);
 109:Core/Src/driver/iic.c **** 
 110:Core/Src/driver/iic.c ****     /* I2C1 interrupt Init */
 111:Core/Src/driver/iic.c ****     HAL_NVIC_SetPriority(I2C1_EV_IRQn, 2, 1);
 112:Core/Src/driver/iic.c ****     HAL_NVIC_EnableIRQ(I2C1_EV_IRQn);
 113:Core/Src/driver/iic.c ****     HAL_NVIC_SetPriority(I2C1_ER_IRQn, 2, 1);
 114:Core/Src/driver/iic.c ****     HAL_NVIC_EnableIRQ(I2C1_ER_IRQn);
 115:Core/Src/driver/iic.c ****   /* USER CODE BEGIN I2C1_MspInit 1 */
 116:Core/Src/driver/iic.c **** 
 117:Core/Src/driver/iic.c ****   /* USER CODE END I2C1_MspInit 1 */
 118:Core/Src/driver/iic.c ****   }
 119:Core/Src/driver/iic.c **** 
 120:Core/Src/driver/iic.c **** }
 136              		.loc 1 120 1 view .LVU32
 137 0018 08B0     		add	sp, sp, #32
 138              	.LCFI3:
 139              		.cfi_remember_state
 140              		.cfi_def_cfa_offset 16
 141              		@ sp needed
 142 001a 70BD     		pop	{r4, r5, r6, pc}
 143              	.LVL4:
 144              	.L12:
 145              	.LCFI4:
 146              		.cfi_restore_state
 147              		.loc 1 120 1 view .LVU33
 148 001c 0446     		mov	r4, r0
  58:Core/Src/driver/iic.c ****     /**I2C1 GPIO Configuration
 149              		.loc 1 58 5 is_stmt 1 view .LVU34
 150              	.LBB2:
  58:Core/Src/driver/iic.c ****     /**I2C1 GPIO Configuration
 151              		.loc 1 58 5 view .LVU35
 152 001e 0025     		movs	r5, #0
 153 0020 0195     		str	r5, [sp, #4]
  58:Core/Src/driver/iic.c ****     /**I2C1 GPIO Configuration
 154              		.loc 1 58 5 view .LVU36
 155 0022 334E     		ldr	r6, .L15+4
 156 0024 336B     		ldr	r3, [r6, #48]
 157 0026 43F00203 		orr	r3, r3, #2
 158 002a 3363     		str	r3, [r6, #48]
  58:Core/Src/driver/iic.c ****     /**I2C1 GPIO Configuration
 159              		.loc 1 58 5 view .LVU37
 160 002c 336B     		ldr	r3, [r6, #48]
 161 002e 03F00203 		and	r3, r3, #2
 162 0032 0193     		str	r3, [sp, #4]
  58:Core/Src/driver/iic.c ****     /**I2C1 GPIO Configuration
ARM GAS  /var/folders/mn/k5wp23016n9dfxcgh9w5nftw0000gn/T//ccLOGHnY.s 			page 6


 163              		.loc 1 58 5 view .LVU38
 164 0034 019B     		ldr	r3, [sp, #4]
 165              	.LBE2:
  58:Core/Src/driver/iic.c ****     /**I2C1 GPIO Configuration
 166              		.loc 1 58 5 view .LVU39
  63:Core/Src/driver/iic.c ****     GPIO_InitStruct.Mode = GPIO_MODE_AF_OD;
 167              		.loc 1 63 5 view .LVU40
  63:Core/Src/driver/iic.c ****     GPIO_InitStruct.Mode = GPIO_MODE_AF_OD;
 168              		.loc 1 63 25 is_stmt 0 view .LVU41
 169 0036 C023     		movs	r3, #192
 170 0038 0393     		str	r3, [sp, #12]
  64:Core/Src/driver/iic.c ****     GPIO_InitStruct.Pull = GPIO_NOPULL;
 171              		.loc 1 64 5 is_stmt 1 view .LVU42
  64:Core/Src/driver/iic.c ****     GPIO_InitStruct.Pull = GPIO_NOPULL;
 172              		.loc 1 64 26 is_stmt 0 view .LVU43
 173 003a 1223     		movs	r3, #18
 174 003c 0493     		str	r3, [sp, #16]
  65:Core/Src/driver/iic.c ****     GPIO_InitStruct.Speed = GPIO_SPEED_FREQ_VERY_HIGH;
 175              		.loc 1 65 5 is_stmt 1 view .LVU44
  66:Core/Src/driver/iic.c ****     GPIO_InitStruct.Alternate = GPIO_AF4_I2C1;
 176              		.loc 1 66 5 view .LVU45
  66:Core/Src/driver/iic.c ****     GPIO_InitStruct.Alternate = GPIO_AF4_I2C1;
 177              		.loc 1 66 27 is_stmt 0 view .LVU46
 178 003e 0323     		movs	r3, #3
 179 0040 0693     		str	r3, [sp, #24]
  67:Core/Src/driver/iic.c ****     HAL_GPIO_Init(GPIOB, &GPIO_InitStruct);
 180              		.loc 1 67 5 is_stmt 1 view .LVU47
  67:Core/Src/driver/iic.c ****     HAL_GPIO_Init(GPIOB, &GPIO_InitStruct);
 181              		.loc 1 67 31 is_stmt 0 view .LVU48
 182 0042 0423     		movs	r3, #4
 183 0044 0793     		str	r3, [sp, #28]
  68:Core/Src/driver/iic.c **** 
 184              		.loc 1 68 5 is_stmt 1 view .LVU49
 185 0046 03A9     		add	r1, sp, #12
 186 0048 2A48     		ldr	r0, .L15+8
 187              	.LVL5:
  68:Core/Src/driver/iic.c **** 
 188              		.loc 1 68 5 is_stmt 0 view .LVU50
 189 004a FFF7FEFF 		bl	HAL_GPIO_Init
 190              	.LVL6:
  71:Core/Src/driver/iic.c **** 
 191              		.loc 1 71 5 is_stmt 1 view .LVU51
 192              	.LBB3:
  71:Core/Src/driver/iic.c **** 
 193              		.loc 1 71 5 view .LVU52
 194 004e 0295     		str	r5, [sp, #8]
  71:Core/Src/driver/iic.c **** 
 195              		.loc 1 71 5 view .LVU53
 196 0050 336C     		ldr	r3, [r6, #64]
 197 0052 43F40013 		orr	r3, r3, #2097152
 198 0056 3364     		str	r3, [r6, #64]
  71:Core/Src/driver/iic.c **** 
 199              		.loc 1 71 5 view .LVU54
 200 0058 336C     		ldr	r3, [r6, #64]
 201 005a 03F40013 		and	r3, r3, #2097152
 202 005e 0293     		str	r3, [sp, #8]
  71:Core/Src/driver/iic.c **** 
ARM GAS  /var/folders/mn/k5wp23016n9dfxcgh9w5nftw0000gn/T//ccLOGHnY.s 			page 7


 203              		.loc 1 71 5 view .LVU55
 204 0060 029B     		ldr	r3, [sp, #8]
 205              	.LBE3:
  71:Core/Src/driver/iic.c **** 
 206              		.loc 1 71 5 view .LVU56
  75:Core/Src/driver/iic.c ****     hdma_i2c1_tx.Init.Channel = DMA_CHANNEL_1;
 207              		.loc 1 75 5 view .LVU57
  75:Core/Src/driver/iic.c ****     hdma_i2c1_tx.Init.Channel = DMA_CHANNEL_1;
 208              		.loc 1 75 27 is_stmt 0 view .LVU58
 209 0062 2548     		ldr	r0, .L15+12
 210 0064 254B     		ldr	r3, .L15+16
 211 0066 0360     		str	r3, [r0]
  76:Core/Src/driver/iic.c ****     hdma_i2c1_tx.Init.Direction = DMA_MEMORY_TO_PERIPH;
 212              		.loc 1 76 5 is_stmt 1 view .LVU59
  76:Core/Src/driver/iic.c ****     hdma_i2c1_tx.Init.Direction = DMA_MEMORY_TO_PERIPH;
 213              		.loc 1 76 31 is_stmt 0 view .LVU60
 214 0068 4FF00073 		mov	r3, #33554432
 215 006c 4360     		str	r3, [r0, #4]
  77:Core/Src/driver/iic.c ****     hdma_i2c1_tx.Init.PeriphInc = DMA_PINC_DISABLE;
 216              		.loc 1 77 5 is_stmt 1 view .LVU61
  77:Core/Src/driver/iic.c ****     hdma_i2c1_tx.Init.PeriphInc = DMA_PINC_DISABLE;
 217              		.loc 1 77 33 is_stmt 0 view .LVU62
 218 006e 4023     		movs	r3, #64
 219 0070 8360     		str	r3, [r0, #8]
  78:Core/Src/driver/iic.c ****     hdma_i2c1_tx.Init.MemInc = DMA_MINC_ENABLE;
 220              		.loc 1 78 5 is_stmt 1 view .LVU63
  78:Core/Src/driver/iic.c ****     hdma_i2c1_tx.Init.MemInc = DMA_MINC_ENABLE;
 221              		.loc 1 78 33 is_stmt 0 view .LVU64
 222 0072 C560     		str	r5, [r0, #12]
  79:Core/Src/driver/iic.c ****     hdma_i2c1_tx.Init.PeriphDataAlignment = DMA_PDATAALIGN_BYTE;
 223              		.loc 1 79 5 is_stmt 1 view .LVU65
  79:Core/Src/driver/iic.c ****     hdma_i2c1_tx.Init.PeriphDataAlignment = DMA_PDATAALIGN_BYTE;
 224              		.loc 1 79 30 is_stmt 0 view .LVU66
 225 0074 4FF48063 		mov	r3, #1024
 226 0078 0361     		str	r3, [r0, #16]
  80:Core/Src/driver/iic.c ****     hdma_i2c1_tx.Init.MemDataAlignment = DMA_MDATAALIGN_BYTE;
 227              		.loc 1 80 5 is_stmt 1 view .LVU67
  80:Core/Src/driver/iic.c ****     hdma_i2c1_tx.Init.MemDataAlignment = DMA_MDATAALIGN_BYTE;
 228              		.loc 1 80 43 is_stmt 0 view .LVU68
 229 007a 4561     		str	r5, [r0, #20]
  81:Core/Src/driver/iic.c ****     hdma_i2c1_tx.Init.Mode = DMA_NORMAL;
 230              		.loc 1 81 5 is_stmt 1 view .LVU69
  81:Core/Src/driver/iic.c ****     hdma_i2c1_tx.Init.Mode = DMA_NORMAL;
 231              		.loc 1 81 40 is_stmt 0 view .LVU70
 232 007c 8561     		str	r5, [r0, #24]
  82:Core/Src/driver/iic.c ****     hdma_i2c1_tx.Init.Priority = DMA_PRIORITY_LOW;
 233              		.loc 1 82 5 is_stmt 1 view .LVU71
  82:Core/Src/driver/iic.c ****     hdma_i2c1_tx.Init.Priority = DMA_PRIORITY_LOW;
 234              		.loc 1 82 28 is_stmt 0 view .LVU72
 235 007e C561     		str	r5, [r0, #28]
  83:Core/Src/driver/iic.c ****     hdma_i2c1_tx.Init.FIFOMode = DMA_FIFOMODE_DISABLE;
 236              		.loc 1 83 5 is_stmt 1 view .LVU73
  83:Core/Src/driver/iic.c ****     hdma_i2c1_tx.Init.FIFOMode = DMA_FIFOMODE_DISABLE;
 237              		.loc 1 83 32 is_stmt 0 view .LVU74
 238 0080 0562     		str	r5, [r0, #32]
  84:Core/Src/driver/iic.c ****     if (HAL_DMA_Init(&hdma_i2c1_tx) != HAL_OK)
 239              		.loc 1 84 5 is_stmt 1 view .LVU75
ARM GAS  /var/folders/mn/k5wp23016n9dfxcgh9w5nftw0000gn/T//ccLOGHnY.s 			page 8


  84:Core/Src/driver/iic.c ****     if (HAL_DMA_Init(&hdma_i2c1_tx) != HAL_OK)
 240              		.loc 1 84 32 is_stmt 0 view .LVU76
 241 0082 4562     		str	r5, [r0, #36]
  85:Core/Src/driver/iic.c ****     {
 242              		.loc 1 85 5 is_stmt 1 view .LVU77
  85:Core/Src/driver/iic.c ****     {
 243              		.loc 1 85 9 is_stmt 0 view .LVU78
 244 0084 FFF7FEFF 		bl	HAL_DMA_Init
 245              	.LVL7:
  85:Core/Src/driver/iic.c ****     {
 246              		.loc 1 85 8 view .LVU79
 247 0088 50BB     		cbnz	r0, .L13
 248              	.L9:
  90:Core/Src/driver/iic.c **** 
 249              		.loc 1 90 5 is_stmt 1 view .LVU80
  90:Core/Src/driver/iic.c **** 
 250              		.loc 1 90 5 view .LVU81
 251 008a 1B4B     		ldr	r3, .L15+12
 252 008c 6363     		str	r3, [r4, #52]
  90:Core/Src/driver/iic.c **** 
 253              		.loc 1 90 5 view .LVU82
 254 008e 9C63     		str	r4, [r3, #56]
  90:Core/Src/driver/iic.c **** 
 255              		.loc 1 90 5 view .LVU83
  93:Core/Src/driver/iic.c ****     hdma_i2c1_rx.Init.Channel = DMA_CHANNEL_1;
 256              		.loc 1 93 5 view .LVU84
  93:Core/Src/driver/iic.c ****     hdma_i2c1_rx.Init.Channel = DMA_CHANNEL_1;
 257              		.loc 1 93 27 is_stmt 0 view .LVU85
 258 0090 1B48     		ldr	r0, .L15+20
 259 0092 1C4B     		ldr	r3, .L15+24
 260 0094 0360     		str	r3, [r0]
  94:Core/Src/driver/iic.c ****     hdma_i2c1_rx.Init.Direction = DMA_PERIPH_TO_MEMORY;
 261              		.loc 1 94 5 is_stmt 1 view .LVU86
  94:Core/Src/driver/iic.c ****     hdma_i2c1_rx.Init.Direction = DMA_PERIPH_TO_MEMORY;
 262              		.loc 1 94 31 is_stmt 0 view .LVU87
 263 0096 4FF00073 		mov	r3, #33554432
 264 009a 4360     		str	r3, [r0, #4]
  95:Core/Src/driver/iic.c ****     hdma_i2c1_rx.Init.PeriphInc = DMA_PINC_DISABLE;
 265              		.loc 1 95 5 is_stmt 1 view .LVU88
  95:Core/Src/driver/iic.c ****     hdma_i2c1_rx.Init.PeriphInc = DMA_PINC_DISABLE;
 266              		.loc 1 95 33 is_stmt 0 view .LVU89
 267 009c 0023     		movs	r3, #0
 268 009e 8360     		str	r3, [r0, #8]
  96:Core/Src/driver/iic.c ****     hdma_i2c1_rx.Init.MemInc = DMA_MINC_ENABLE;
 269              		.loc 1 96 5 is_stmt 1 view .LVU90
  96:Core/Src/driver/iic.c ****     hdma_i2c1_rx.Init.MemInc = DMA_MINC_ENABLE;
 270              		.loc 1 96 33 is_stmt 0 view .LVU91
 271 00a0 C360     		str	r3, [r0, #12]
  97:Core/Src/driver/iic.c ****     hdma_i2c1_rx.Init.PeriphDataAlignment = DMA_PDATAALIGN_BYTE;
 272              		.loc 1 97 5 is_stmt 1 view .LVU92
  97:Core/Src/driver/iic.c ****     hdma_i2c1_rx.Init.PeriphDataAlignment = DMA_PDATAALIGN_BYTE;
 273              		.loc 1 97 30 is_stmt 0 view .LVU93
 274 00a2 4FF48062 		mov	r2, #1024
 275 00a6 0261     		str	r2, [r0, #16]
  98:Core/Src/driver/iic.c ****     hdma_i2c1_rx.Init.MemDataAlignment = DMA_MDATAALIGN_BYTE;
 276              		.loc 1 98 5 is_stmt 1 view .LVU94
  98:Core/Src/driver/iic.c ****     hdma_i2c1_rx.Init.MemDataAlignment = DMA_MDATAALIGN_BYTE;
ARM GAS  /var/folders/mn/k5wp23016n9dfxcgh9w5nftw0000gn/T//ccLOGHnY.s 			page 9


 277              		.loc 1 98 43 is_stmt 0 view .LVU95
 278 00a8 4361     		str	r3, [r0, #20]
  99:Core/Src/driver/iic.c ****     hdma_i2c1_rx.Init.Mode = DMA_NORMAL;
 279              		.loc 1 99 5 is_stmt 1 view .LVU96
  99:Core/Src/driver/iic.c ****     hdma_i2c1_rx.Init.Mode = DMA_NORMAL;
 280              		.loc 1 99 40 is_stmt 0 view .LVU97
 281 00aa 8361     		str	r3, [r0, #24]
 100:Core/Src/driver/iic.c ****     hdma_i2c1_rx.Init.Priority = DMA_PRIORITY_LOW;
 282              		.loc 1 100 5 is_stmt 1 view .LVU98
 100:Core/Src/driver/iic.c ****     hdma_i2c1_rx.Init.Priority = DMA_PRIORITY_LOW;
 283              		.loc 1 100 28 is_stmt 0 view .LVU99
 284 00ac C361     		str	r3, [r0, #28]
 101:Core/Src/driver/iic.c ****     hdma_i2c1_rx.Init.FIFOMode = DMA_FIFOMODE_DISABLE;
 285              		.loc 1 101 5 is_stmt 1 view .LVU100
 101:Core/Src/driver/iic.c ****     hdma_i2c1_rx.Init.FIFOMode = DMA_FIFOMODE_DISABLE;
 286              		.loc 1 101 32 is_stmt 0 view .LVU101
 287 00ae 0362     		str	r3, [r0, #32]
 102:Core/Src/driver/iic.c ****     if (HAL_DMA_Init(&hdma_i2c1_rx) != HAL_OK)
 288              		.loc 1 102 5 is_stmt 1 view .LVU102
 102:Core/Src/driver/iic.c ****     if (HAL_DMA_Init(&hdma_i2c1_rx) != HAL_OK)
 289              		.loc 1 102 32 is_stmt 0 view .LVU103
 290 00b0 4362     		str	r3, [r0, #36]
 103:Core/Src/driver/iic.c ****     {
 291              		.loc 1 103 5 is_stmt 1 view .LVU104
 103:Core/Src/driver/iic.c ****     {
 292              		.loc 1 103 9 is_stmt 0 view .LVU105
 293 00b2 FFF7FEFF 		bl	HAL_DMA_Init
 294              	.LVL8:
 103:Core/Src/driver/iic.c ****     {
 295              		.loc 1 103 8 view .LVU106
 296 00b6 B0B9     		cbnz	r0, .L14
 297              	.L10:
 108:Core/Src/driver/iic.c **** 
 298              		.loc 1 108 5 is_stmt 1 view .LVU107
 108:Core/Src/driver/iic.c **** 
 299              		.loc 1 108 5 view .LVU108
 300 00b8 114B     		ldr	r3, .L15+20
 301 00ba A363     		str	r3, [r4, #56]
 108:Core/Src/driver/iic.c **** 
 302              		.loc 1 108 5 view .LVU109
 303 00bc 9C63     		str	r4, [r3, #56]
 108:Core/Src/driver/iic.c **** 
 304              		.loc 1 108 5 view .LVU110
 111:Core/Src/driver/iic.c ****     HAL_NVIC_EnableIRQ(I2C1_EV_IRQn);
 305              		.loc 1 111 5 view .LVU111
 306 00be 0122     		movs	r2, #1
 307 00c0 0221     		movs	r1, #2
 308 00c2 1F20     		movs	r0, #31
 309 00c4 FFF7FEFF 		bl	HAL_NVIC_SetPriority
 310              	.LVL9:
 112:Core/Src/driver/iic.c ****     HAL_NVIC_SetPriority(I2C1_ER_IRQn, 2, 1);
 311              		.loc 1 112 5 view .LVU112
 312 00c8 1F20     		movs	r0, #31
 313 00ca FFF7FEFF 		bl	HAL_NVIC_EnableIRQ
 314              	.LVL10:
 113:Core/Src/driver/iic.c ****     HAL_NVIC_EnableIRQ(I2C1_ER_IRQn);
 315              		.loc 1 113 5 view .LVU113
ARM GAS  /var/folders/mn/k5wp23016n9dfxcgh9w5nftw0000gn/T//ccLOGHnY.s 			page 10


 316 00ce 0122     		movs	r2, #1
 317 00d0 0221     		movs	r1, #2
 318 00d2 2020     		movs	r0, #32
 319 00d4 FFF7FEFF 		bl	HAL_NVIC_SetPriority
 320              	.LVL11:
 114:Core/Src/driver/iic.c ****   /* USER CODE BEGIN I2C1_MspInit 1 */
 321              		.loc 1 114 5 view .LVU114
 322 00d8 2020     		movs	r0, #32
 323 00da FFF7FEFF 		bl	HAL_NVIC_EnableIRQ
 324              	.LVL12:
 325              		.loc 1 120 1 is_stmt 0 view .LVU115
 326 00de 9BE7     		b	.L7
 327              	.L13:
  87:Core/Src/driver/iic.c ****     }
 328              		.loc 1 87 7 is_stmt 1 view .LVU116
 329 00e0 FFF7FEFF 		bl	Error_Handler
 330              	.LVL13:
 331 00e4 D1E7     		b	.L9
 332              	.L14:
 105:Core/Src/driver/iic.c ****     }
 333              		.loc 1 105 7 view .LVU117
 334 00e6 FFF7FEFF 		bl	Error_Handler
 335              	.LVL14:
 336 00ea E5E7     		b	.L10
 337              	.L16:
 338              		.align	2
 339              	.L15:
 340 00ec 00540040 		.word	1073763328
 341 00f0 00380240 		.word	1073887232
 342 00f4 00040240 		.word	1073873920
 343 00f8 00000000 		.word	hdma_i2c1_tx
 344 00fc B8600240 		.word	1073897656
 345 0100 00000000 		.word	hdma_i2c1_rx
 346 0104 10600240 		.word	1073897488
 347              		.cfi_endproc
 348              	.LFE217:
 350              		.section	.text.HAL_I2C_MspDeInit,"ax",%progbits
 351              		.align	1
 352              		.global	HAL_I2C_MspDeInit
 353              		.syntax unified
 354              		.thumb
 355              		.thumb_func
 357              	HAL_I2C_MspDeInit:
 358              	.LVL15:
 359              	.LFB218:
 121:Core/Src/driver/iic.c **** 
 122:Core/Src/driver/iic.c **** /**
 123:Core/Src/driver/iic.c **** * @brief I2C MSP De-Initialization
 124:Core/Src/driver/iic.c **** * This function freeze the hardware resources used in this example
 125:Core/Src/driver/iic.c **** * @param hi2c: I2C handle pointer
 126:Core/Src/driver/iic.c **** * @retval None
 127:Core/Src/driver/iic.c **** */
 128:Core/Src/driver/iic.c **** void HAL_I2C_MspDeInit(I2C_HandleTypeDef* hi2c)
 129:Core/Src/driver/iic.c **** {
 360              		.loc 1 129 1 view -0
 361              		.cfi_startproc
 362              		@ args = 0, pretend = 0, frame = 0
ARM GAS  /var/folders/mn/k5wp23016n9dfxcgh9w5nftw0000gn/T//ccLOGHnY.s 			page 11


 363              		@ frame_needed = 0, uses_anonymous_args = 0
 364              		.loc 1 129 1 is_stmt 0 view .LVU119
 365 0000 38B5     		push	{r3, r4, r5, lr}
 366              	.LCFI5:
 367              		.cfi_def_cfa_offset 16
 368              		.cfi_offset 3, -16
 369              		.cfi_offset 4, -12
 370              		.cfi_offset 5, -8
 371              		.cfi_offset 14, -4
 130:Core/Src/driver/iic.c ****   if(hi2c->Instance==I2C1)
 372              		.loc 1 130 3 is_stmt 1 view .LVU120
 373              		.loc 1 130 10 is_stmt 0 view .LVU121
 374 0002 0268     		ldr	r2, [r0]
 375              		.loc 1 130 5 view .LVU122
 376 0004 0F4B     		ldr	r3, .L21
 377 0006 9A42     		cmp	r2, r3
 378 0008 00D0     		beq	.L20
 379              	.LVL16:
 380              	.L17:
 131:Core/Src/driver/iic.c ****   {
 132:Core/Src/driver/iic.c ****   /* USER CODE BEGIN I2C1_MspDeInit 0 */
 133:Core/Src/driver/iic.c **** 
 134:Core/Src/driver/iic.c ****   /* USER CODE END I2C1_MspDeInit 0 */
 135:Core/Src/driver/iic.c ****     /* Peripheral clock disable */
 136:Core/Src/driver/iic.c ****     __HAL_RCC_I2C1_CLK_DISABLE();
 137:Core/Src/driver/iic.c **** 
 138:Core/Src/driver/iic.c ****     /**I2C1 GPIO Configuration
 139:Core/Src/driver/iic.c ****     PB6     ------> I2C1_SCL
 140:Core/Src/driver/iic.c ****     PB7     ------> I2C1_SDA
 141:Core/Src/driver/iic.c ****     */
 142:Core/Src/driver/iic.c ****     HAL_GPIO_DeInit(GPIOB, GPIO_PIN_6);
 143:Core/Src/driver/iic.c **** 
 144:Core/Src/driver/iic.c ****     HAL_GPIO_DeInit(GPIOB, GPIO_PIN_7);
 145:Core/Src/driver/iic.c **** 
 146:Core/Src/driver/iic.c ****     /* I2C1 DMA DeInit */
 147:Core/Src/driver/iic.c ****     HAL_DMA_DeInit(hi2c->hdmatx);
 148:Core/Src/driver/iic.c ****     HAL_DMA_DeInit(hi2c->hdmarx);
 149:Core/Src/driver/iic.c **** 
 150:Core/Src/driver/iic.c ****     /* I2C1 interrupt DeInit */
 151:Core/Src/driver/iic.c ****     HAL_NVIC_DisableIRQ(I2C1_EV_IRQn);
 152:Core/Src/driver/iic.c ****     HAL_NVIC_DisableIRQ(I2C1_ER_IRQn);
 153:Core/Src/driver/iic.c ****   /* USER CODE BEGIN I2C1_MspDeInit 1 */
 154:Core/Src/driver/iic.c **** 
 155:Core/Src/driver/iic.c ****   /* USER CODE END I2C1_MspDeInit 1 */
 156:Core/Src/driver/iic.c ****   }
 157:Core/Src/driver/iic.c **** 
 158:Core/Src/driver/iic.c **** }
 381              		.loc 1 158 1 view .LVU123
 382 000a 38BD     		pop	{r3, r4, r5, pc}
 383              	.LVL17:
 384              	.L20:
 385              		.loc 1 158 1 view .LVU124
 386 000c 0446     		mov	r4, r0
 136:Core/Src/driver/iic.c **** 
 387              		.loc 1 136 5 is_stmt 1 view .LVU125
 388 000e 0E4A     		ldr	r2, .L21+4
 389 0010 136C     		ldr	r3, [r2, #64]
ARM GAS  /var/folders/mn/k5wp23016n9dfxcgh9w5nftw0000gn/T//ccLOGHnY.s 			page 12


 390 0012 23F40013 		bic	r3, r3, #2097152
 391 0016 1364     		str	r3, [r2, #64]
 142:Core/Src/driver/iic.c **** 
 392              		.loc 1 142 5 view .LVU126
 393 0018 0C4D     		ldr	r5, .L21+8
 394 001a 4021     		movs	r1, #64
 395 001c 2846     		mov	r0, r5
 396              	.LVL18:
 142:Core/Src/driver/iic.c **** 
 397              		.loc 1 142 5 is_stmt 0 view .LVU127
 398 001e FFF7FEFF 		bl	HAL_GPIO_DeInit
 399              	.LVL19:
 144:Core/Src/driver/iic.c **** 
 400              		.loc 1 144 5 is_stmt 1 view .LVU128
 401 0022 8021     		movs	r1, #128
 402 0024 2846     		mov	r0, r5
 403 0026 FFF7FEFF 		bl	HAL_GPIO_DeInit
 404              	.LVL20:
 147:Core/Src/driver/iic.c ****     HAL_DMA_DeInit(hi2c->hdmarx);
 405              		.loc 1 147 5 view .LVU129
 406 002a 606B     		ldr	r0, [r4, #52]
 407 002c FFF7FEFF 		bl	HAL_DMA_DeInit
 408              	.LVL21:
 148:Core/Src/driver/iic.c **** 
 409              		.loc 1 148 5 view .LVU130
 410 0030 A06B     		ldr	r0, [r4, #56]
 411 0032 FFF7FEFF 		bl	HAL_DMA_DeInit
 412              	.LVL22:
 151:Core/Src/driver/iic.c ****     HAL_NVIC_DisableIRQ(I2C1_ER_IRQn);
 413              		.loc 1 151 5 view .LVU131
 414 0036 1F20     		movs	r0, #31
 415 0038 FFF7FEFF 		bl	HAL_NVIC_DisableIRQ
 416              	.LVL23:
 152:Core/Src/driver/iic.c ****   /* USER CODE BEGIN I2C1_MspDeInit 1 */
 417              		.loc 1 152 5 view .LVU132
 418 003c 2020     		movs	r0, #32
 419 003e FFF7FEFF 		bl	HAL_NVIC_DisableIRQ
 420              	.LVL24:
 421              		.loc 1 158 1 is_stmt 0 view .LVU133
 422 0042 E2E7     		b	.L17
 423              	.L22:
 424              		.align	2
 425              	.L21:
 426 0044 00540040 		.word	1073763328
 427 0048 00380240 		.word	1073887232
 428 004c 00040240 		.word	1073873920
 429              		.cfi_endproc
 430              	.LFE218:
 432              		.global	hdma_i2c1_rx
 433              		.section	.bss.hdma_i2c1_rx,"aw",%nobits
 434              		.align	2
 437              	hdma_i2c1_rx:
 438 0000 00000000 		.space	96
 438      00000000 
 438      00000000 
 438      00000000 
 438      00000000 
ARM GAS  /var/folders/mn/k5wp23016n9dfxcgh9w5nftw0000gn/T//ccLOGHnY.s 			page 13


 439              		.global	hdma_i2c1_tx
 440              		.section	.bss.hdma_i2c1_tx,"aw",%nobits
 441              		.align	2
 444              	hdma_i2c1_tx:
 445 0000 00000000 		.space	96
 445      00000000 
 445      00000000 
 445      00000000 
 445      00000000 
 446              		.global	hi2c1
 447              		.section	.bss.hi2c1,"aw",%nobits
 448              		.align	2
 451              	hi2c1:
 452 0000 00000000 		.space	84
 452      00000000 
 452      00000000 
 452      00000000 
 452      00000000 
 453              		.text
 454              	.Letext0:
 455              		.file 2 "Drivers/CMSIS/Device/ST/STM32F4xx/Include/stm32f411xe.h"
 456              		.file 3 "/Users/echo/Development/arm-gnu-toolchain/arm64-arm-none-eabi12/arm-none-eabi/include/mac
 457              		.file 4 "/Users/echo/Development/arm-gnu-toolchain/arm64-arm-none-eabi12/arm-none-eabi/include/sys
 458              		.file 5 "Drivers/STM32F4xx_HAL_Driver/Inc/stm32f4xx_hal_def.h"
 459              		.file 6 "Drivers/STM32F4xx_HAL_Driver/Inc/stm32f4xx_hal_gpio.h"
 460              		.file 7 "Drivers/STM32F4xx_HAL_Driver/Inc/stm32f4xx_hal_dma.h"
 461              		.file 8 "Drivers/STM32F4xx_HAL_Driver/Inc/stm32f4xx_hal_i2c.h"
 462              		.file 9 "Core/Inc/driver/iic.h"
 463              		.file 10 "Drivers/STM32F4xx_HAL_Driver/Inc/stm32f4xx_hal_cortex.h"
 464              		.file 11 "Core/Inc/main.h"
ARM GAS  /var/folders/mn/k5wp23016n9dfxcgh9w5nftw0000gn/T//ccLOGHnY.s 			page 14


DEFINED SYMBOLS
                            *ABS*:00000000 iic.c
/var/folders/mn/k5wp23016n9dfxcgh9w5nftw0000gn/T//ccLOGHnY.s:21     .text.MX_I2C1_Init:00000000 $t
/var/folders/mn/k5wp23016n9dfxcgh9w5nftw0000gn/T//ccLOGHnY.s:27     .text.MX_I2C1_Init:00000000 MX_I2C1_Init
/var/folders/mn/k5wp23016n9dfxcgh9w5nftw0000gn/T//ccLOGHnY.s:88     .text.MX_I2C1_Init:00000030 $d
/var/folders/mn/k5wp23016n9dfxcgh9w5nftw0000gn/T//ccLOGHnY.s:451    .bss.hi2c1:00000000 hi2c1
/var/folders/mn/k5wp23016n9dfxcgh9w5nftw0000gn/T//ccLOGHnY.s:95     .text.HAL_I2C_MspInit:00000000 $t
/var/folders/mn/k5wp23016n9dfxcgh9w5nftw0000gn/T//ccLOGHnY.s:101    .text.HAL_I2C_MspInit:00000000 HAL_I2C_MspInit
/var/folders/mn/k5wp23016n9dfxcgh9w5nftw0000gn/T//ccLOGHnY.s:340    .text.HAL_I2C_MspInit:000000ec $d
/var/folders/mn/k5wp23016n9dfxcgh9w5nftw0000gn/T//ccLOGHnY.s:444    .bss.hdma_i2c1_tx:00000000 hdma_i2c1_tx
/var/folders/mn/k5wp23016n9dfxcgh9w5nftw0000gn/T//ccLOGHnY.s:437    .bss.hdma_i2c1_rx:00000000 hdma_i2c1_rx
/var/folders/mn/k5wp23016n9dfxcgh9w5nftw0000gn/T//ccLOGHnY.s:351    .text.HAL_I2C_MspDeInit:00000000 $t
/var/folders/mn/k5wp23016n9dfxcgh9w5nftw0000gn/T//ccLOGHnY.s:357    .text.HAL_I2C_MspDeInit:00000000 HAL_I2C_MspDeInit
/var/folders/mn/k5wp23016n9dfxcgh9w5nftw0000gn/T//ccLOGHnY.s:426    .text.HAL_I2C_MspDeInit:00000044 $d
/var/folders/mn/k5wp23016n9dfxcgh9w5nftw0000gn/T//ccLOGHnY.s:434    .bss.hdma_i2c1_rx:00000000 $d
/var/folders/mn/k5wp23016n9dfxcgh9w5nftw0000gn/T//ccLOGHnY.s:441    .bss.hdma_i2c1_tx:00000000 $d
/var/folders/mn/k5wp23016n9dfxcgh9w5nftw0000gn/T//ccLOGHnY.s:448    .bss.hi2c1:00000000 $d

UNDEFINED SYMBOLS
HAL_I2C_Init
Error_Handler
HAL_GPIO_Init
HAL_DMA_Init
HAL_NVIC_SetPriority
HAL_NVIC_EnableIRQ
HAL_GPIO_DeInit
HAL_DMA_DeInit
HAL_NVIC_DisableIRQ
