ARM GAS  /var/folders/mn/k5wp23016n9dfxcgh9w5nftw0000gn/T//ccnZSQC1.s 			page 1


   1              		.cpu cortex-m4
   2              		.arch armv7e-m
   3              		.fpu fpv4-sp-d16
   4              		.eabi_attribute 27, 1
   5              		.eabi_attribute 28, 1
   6              		.eabi_attribute 20, 1
   7              		.eabi_attribute 21, 1
   8              		.eabi_attribute 23, 3
   9              		.eabi_attribute 24, 1
  10              		.eabi_attribute 25, 1
  11              		.eabi_attribute 26, 1
  12              		.eabi_attribute 30, 1
  13              		.eabi_attribute 34, 1
  14              		.eabi_attribute 18, 4
  15              		.file	"log_stm32.c"
  16              		.text
  17              	.Ltext0:
  18              		.cfi_sections	.debug_frame
  19              		.file 1 "Middlewares/MPU6050_Motion_Driver/driver/stm32L/log_stm32.c"
  20              		.section	.text._MLPrintLog,"ax",%progbits
  21              		.align	1
  22              		.global	_MLPrintLog
  23              		.syntax unified
  24              		.thumb
  25              		.thumb_func
  27              	_MLPrintLog:
  28              	.LVL0:
  29              	.LFB220:
   1:Middlewares/MPU6050_Motion_Driver/driver/stm32L/log_stm32.c **** /*
   2:Middlewares/MPU6050_Motion_Driver/driver/stm32L/log_stm32.c ****  $License:
   3:Middlewares/MPU6050_Motion_Driver/driver/stm32L/log_stm32.c ****     Copyright (C) 2010 InvenSense Corporation, All Rights Reserved.
   4:Middlewares/MPU6050_Motion_Driver/driver/stm32L/log_stm32.c ****  $
   5:Middlewares/MPU6050_Motion_Driver/driver/stm32L/log_stm32.c ****  */
   6:Middlewares/MPU6050_Motion_Driver/driver/stm32L/log_stm32.c **** /*******************************************************************************
   7:Middlewares/MPU6050_Motion_Driver/driver/stm32L/log_stm32.c ****  * $Id: $
   8:Middlewares/MPU6050_Motion_Driver/driver/stm32L/log_stm32.c ****  *******************************************************************************/
   9:Middlewares/MPU6050_Motion_Driver/driver/stm32L/log_stm32.c **** 
  10:Middlewares/MPU6050_Motion_Driver/driver/stm32L/log_stm32.c **** /**
  11:Middlewares/MPU6050_Motion_Driver/driver/stm32L/log_stm32.c ****  *  @defgroup MSP430_System_Layer MSP430 System Layer
  12:Middlewares/MPU6050_Motion_Driver/driver/stm32L/log_stm32.c ****  *  @brief  MSP430 System Layer APIs.
  13:Middlewares/MPU6050_Motion_Driver/driver/stm32L/log_stm32.c ****  *          To interface with any platform, eMPL needs access to various
  14:Middlewares/MPU6050_Motion_Driver/driver/stm32L/log_stm32.c ****  *          system layer functions.
  15:Middlewares/MPU6050_Motion_Driver/driver/stm32L/log_stm32.c ****  *
  16:Middlewares/MPU6050_Motion_Driver/driver/stm32L/log_stm32.c ****  *  @{
  17:Middlewares/MPU6050_Motion_Driver/driver/stm32L/log_stm32.c ****  *      @file   log_msp430.c
  18:Middlewares/MPU6050_Motion_Driver/driver/stm32L/log_stm32.c ****  *      @brief  Logging facility for the TI MSP430.
  19:Middlewares/MPU6050_Motion_Driver/driver/stm32L/log_stm32.c ****  */
  20:Middlewares/MPU6050_Motion_Driver/driver/stm32L/log_stm32.c **** 
  21:Middlewares/MPU6050_Motion_Driver/driver/stm32L/log_stm32.c **** #include <stdio.h>
  22:Middlewares/MPU6050_Motion_Driver/driver/stm32L/log_stm32.c **** #include <stdint.h>
  23:Middlewares/MPU6050_Motion_Driver/driver/stm32L/log_stm32.c **** #include <stdlib.h>
  24:Middlewares/MPU6050_Motion_Driver/driver/stm32L/log_stm32.c **** #include <string.h>
  25:Middlewares/MPU6050_Motion_Driver/driver/stm32L/log_stm32.c **** #include <stdarg.h>
  26:Middlewares/MPU6050_Motion_Driver/driver/stm32L/log_stm32.c **** 
  27:Middlewares/MPU6050_Motion_Driver/driver/stm32L/log_stm32.c **** #include "packet.h"
  28:Middlewares/MPU6050_Motion_Driver/driver/stm32L/log_stm32.c **** #include "log.h"
  29:Middlewares/MPU6050_Motion_Driver/driver/stm32L/log_stm32.c **** #include "stm32f4xx.h"
ARM GAS  /var/folders/mn/k5wp23016n9dfxcgh9w5nftw0000gn/T//ccnZSQC1.s 			page 2


  30:Middlewares/MPU6050_Motion_Driver/driver/stm32L/log_stm32.c **** #include "stm32f4xx_hal_uart.h"
  31:Middlewares/MPU6050_Motion_Driver/driver/stm32L/log_stm32.c **** #include "uart.h"
  32:Middlewares/MPU6050_Motion_Driver/driver/stm32L/log_stm32.c **** 
  33:Middlewares/MPU6050_Motion_Driver/driver/stm32L/log_stm32.c **** #define BUF_SIZE        (256)
  34:Middlewares/MPU6050_Motion_Driver/driver/stm32L/log_stm32.c **** #define PACKET_LENGTH   (23)
  35:Middlewares/MPU6050_Motion_Driver/driver/stm32L/log_stm32.c **** 
  36:Middlewares/MPU6050_Motion_Driver/driver/stm32L/log_stm32.c **** #define PACKET_DEBUG    (1)
  37:Middlewares/MPU6050_Motion_Driver/driver/stm32L/log_stm32.c **** #define PACKET_QUAT     (2)
  38:Middlewares/MPU6050_Motion_Driver/driver/stm32L/log_stm32.c **** #define PACKET_DATA     (3)
  39:Middlewares/MPU6050_Motion_Driver/driver/stm32L/log_stm32.c **** 
  40:Middlewares/MPU6050_Motion_Driver/driver/stm32L/log_stm32.c **** /**
  41:Middlewares/MPU6050_Motion_Driver/driver/stm32L/log_stm32.c ****  *  @brief      Prints a variable argument log message.
  42:Middlewares/MPU6050_Motion_Driver/driver/stm32L/log_stm32.c ****  *  USB output will be formatted as follows:\n
  43:Middlewares/MPU6050_Motion_Driver/driver/stm32L/log_stm32.c ****  *  packet[0]       = $\n
  44:Middlewares/MPU6050_Motion_Driver/driver/stm32L/log_stm32.c ****  *  packet[1]       = packet type (1: debug, 2: quat, 3: data)\n
  45:Middlewares/MPU6050_Motion_Driver/driver/stm32L/log_stm32.c ****  *  packet[2]       = \n for debug packets: log priority\n
  46:Middlewares/MPU6050_Motion_Driver/driver/stm32L/log_stm32.c ****  *                    for quaternion packets: unused\n
  47:Middlewares/MPU6050_Motion_Driver/driver/stm32L/log_stm32.c ****  *                    for data packets: packet content (accel, gyro, etc)\n
  48:Middlewares/MPU6050_Motion_Driver/driver/stm32L/log_stm32.c ****  *  packet[3-20]    = data\n
  49:Middlewares/MPU6050_Motion_Driver/driver/stm32L/log_stm32.c ****  *  packet[21]      = \\r\n
  50:Middlewares/MPU6050_Motion_Driver/driver/stm32L/log_stm32.c ****  *  packet[22]      = \\n
  51:Middlewares/MPU6050_Motion_Driver/driver/stm32L/log_stm32.c ****  *  @param[in]  priority    Log priority (based on Android).
  52:Middlewares/MPU6050_Motion_Driver/driver/stm32L/log_stm32.c ****  *  @param[in]  tag         File specific string.
  53:Middlewares/MPU6050_Motion_Driver/driver/stm32L/log_stm32.c ****  *  @param[in]  fmt         String of text with optional format tags.
  54:Middlewares/MPU6050_Motion_Driver/driver/stm32L/log_stm32.c ****  *
  55:Middlewares/MPU6050_Motion_Driver/driver/stm32L/log_stm32.c ****  *  @return     0 if successful.
  56:Middlewares/MPU6050_Motion_Driver/driver/stm32L/log_stm32.c ****  */
  57:Middlewares/MPU6050_Motion_Driver/driver/stm32L/log_stm32.c **** int _MLPrintLog (int priority, const char* tag, const char* fmt, ...)
  58:Middlewares/MPU6050_Motion_Driver/driver/stm32L/log_stm32.c **** {
  30              		.loc 1 58 1 view -0
  31              		.cfi_startproc
  32              		@ args = 4, pretend = 8, frame = 288
  33              		@ frame_needed = 0, uses_anonymous_args = 1
  34              		.loc 1 58 1 is_stmt 0 view .LVU1
  35 0000 0CB4     		push	{r2, r3}
  36              	.LCFI0:
  37              		.cfi_def_cfa_offset 8
  38              		.cfi_offset 2, -8
  39              		.cfi_offset 3, -4
  40 0002 70B5     		push	{r4, r5, r6, lr}
  41              	.LCFI1:
  42              		.cfi_def_cfa_offset 24
  43              		.cfi_offset 4, -24
  44              		.cfi_offset 5, -20
  45              		.cfi_offset 6, -16
  46              		.cfi_offset 14, -12
  47 0004 C8B0     		sub	sp, sp, #288
  48              	.LCFI2:
  49              		.cfi_def_cfa_offset 312
  50 0006 0446     		mov	r4, r0
  59:Middlewares/MPU6050_Motion_Driver/driver/stm32L/log_stm32.c ****     va_list args;
  51              		.loc 1 59 5 is_stmt 1 view .LVU2
  60:Middlewares/MPU6050_Motion_Driver/driver/stm32L/log_stm32.c ****     int length, ii, i;
  52              		.loc 1 60 5 view .LVU3
  61:Middlewares/MPU6050_Motion_Driver/driver/stm32L/log_stm32.c ****     char buf[BUF_SIZE], out[PACKET_LENGTH], this_length;
  53              		.loc 1 61 5 view .LVU4
  62:Middlewares/MPU6050_Motion_Driver/driver/stm32L/log_stm32.c **** 
ARM GAS  /var/folders/mn/k5wp23016n9dfxcgh9w5nftw0000gn/T//ccnZSQC1.s 			page 3


  63:Middlewares/MPU6050_Motion_Driver/driver/stm32L/log_stm32.c ****     /* This can be modified to exit for unsupported priorities. */
  64:Middlewares/MPU6050_Motion_Driver/driver/stm32L/log_stm32.c ****     switch (priority) {
  54              		.loc 1 64 5 view .LVU5
  55 0008 0628     		cmp	r0, #6
  56 000a 08DC     		bgt	.L2
  57 000c 0028     		cmp	r0, #0
  58 000e 0ADA     		bge	.L3
  59 0010 0026     		movs	r6, #0
  60              	.LVL1:
  61              	.L1:
  65:Middlewares/MPU6050_Motion_Driver/driver/stm32L/log_stm32.c ****     case MPL_LOG_UNKNOWN:
  66:Middlewares/MPU6050_Motion_Driver/driver/stm32L/log_stm32.c ****     case MPL_LOG_DEFAULT:
  67:Middlewares/MPU6050_Motion_Driver/driver/stm32L/log_stm32.c ****     case MPL_LOG_VERBOSE:
  68:Middlewares/MPU6050_Motion_Driver/driver/stm32L/log_stm32.c ****     case MPL_LOG_DEBUG:
  69:Middlewares/MPU6050_Motion_Driver/driver/stm32L/log_stm32.c ****     case MPL_LOG_INFO:
  70:Middlewares/MPU6050_Motion_Driver/driver/stm32L/log_stm32.c ****     case MPL_LOG_WARN:
  71:Middlewares/MPU6050_Motion_Driver/driver/stm32L/log_stm32.c ****     case MPL_LOG_ERROR:
  72:Middlewares/MPU6050_Motion_Driver/driver/stm32L/log_stm32.c ****     case MPL_LOG_SILENT:
  73:Middlewares/MPU6050_Motion_Driver/driver/stm32L/log_stm32.c ****         break;
  74:Middlewares/MPU6050_Motion_Driver/driver/stm32L/log_stm32.c ****     default:
  75:Middlewares/MPU6050_Motion_Driver/driver/stm32L/log_stm32.c ****         return 0;
  76:Middlewares/MPU6050_Motion_Driver/driver/stm32L/log_stm32.c ****     }
  77:Middlewares/MPU6050_Motion_Driver/driver/stm32L/log_stm32.c **** 
  78:Middlewares/MPU6050_Motion_Driver/driver/stm32L/log_stm32.c ****     va_start(args, fmt);
  79:Middlewares/MPU6050_Motion_Driver/driver/stm32L/log_stm32.c **** 
  80:Middlewares/MPU6050_Motion_Driver/driver/stm32L/log_stm32.c ****     length = vsprintf(buf, fmt, args);
  81:Middlewares/MPU6050_Motion_Driver/driver/stm32L/log_stm32.c ****     if (length <= 0) {
  82:Middlewares/MPU6050_Motion_Driver/driver/stm32L/log_stm32.c ****         va_end(args);
  83:Middlewares/MPU6050_Motion_Driver/driver/stm32L/log_stm32.c ****         return length;
  84:Middlewares/MPU6050_Motion_Driver/driver/stm32L/log_stm32.c ****     }
  85:Middlewares/MPU6050_Motion_Driver/driver/stm32L/log_stm32.c **** 
  86:Middlewares/MPU6050_Motion_Driver/driver/stm32L/log_stm32.c ****     memset(out, 0, PACKET_LENGTH);
  87:Middlewares/MPU6050_Motion_Driver/driver/stm32L/log_stm32.c ****     out[0] = '$';
  88:Middlewares/MPU6050_Motion_Driver/driver/stm32L/log_stm32.c ****     out[1] = PACKET_DEBUG;
  89:Middlewares/MPU6050_Motion_Driver/driver/stm32L/log_stm32.c ****     out[2] = priority;
  90:Middlewares/MPU6050_Motion_Driver/driver/stm32L/log_stm32.c ****     out[21] = '\r';
  91:Middlewares/MPU6050_Motion_Driver/driver/stm32L/log_stm32.c ****     out[22] = '\n';
  92:Middlewares/MPU6050_Motion_Driver/driver/stm32L/log_stm32.c ****     for (ii = 0; ii < length; ii += (PACKET_LENGTH-5)) {
  93:Middlewares/MPU6050_Motion_Driver/driver/stm32L/log_stm32.c **** #define min(a,b) ((a < b) ? a : b)
  94:Middlewares/MPU6050_Motion_Driver/driver/stm32L/log_stm32.c ****         this_length = min(length-ii, PACKET_LENGTH-5);
  95:Middlewares/MPU6050_Motion_Driver/driver/stm32L/log_stm32.c ****         memset(out+3, 0, 18);
  96:Middlewares/MPU6050_Motion_Driver/driver/stm32L/log_stm32.c ****         memcpy(out+3, buf+ii, this_length);
  97:Middlewares/MPU6050_Motion_Driver/driver/stm32L/log_stm32.c ****         for (i=0; i<PACKET_LENGTH; i++) {
  98:Middlewares/MPU6050_Motion_Driver/driver/stm32L/log_stm32.c ****          // fputc(out[i]);
  99:Middlewares/MPU6050_Motion_Driver/driver/stm32L/log_stm32.c ****          HAL_UART_Transmit(&UART1_Handler, (uint8_t *)out+i, 1, 0x10);
 100:Middlewares/MPU6050_Motion_Driver/driver/stm32L/log_stm32.c ****         }
 101:Middlewares/MPU6050_Motion_Driver/driver/stm32L/log_stm32.c ****     }
 102:Middlewares/MPU6050_Motion_Driver/driver/stm32L/log_stm32.c ****     
 103:Middlewares/MPU6050_Motion_Driver/driver/stm32L/log_stm32.c ****             
 104:Middlewares/MPU6050_Motion_Driver/driver/stm32L/log_stm32.c ****     va_end(args);
 105:Middlewares/MPU6050_Motion_Driver/driver/stm32L/log_stm32.c **** 
 106:Middlewares/MPU6050_Motion_Driver/driver/stm32L/log_stm32.c ****     return 0;
 107:Middlewares/MPU6050_Motion_Driver/driver/stm32L/log_stm32.c **** }
  62              		.loc 1 107 1 is_stmt 0 view .LVU6
  63 0012 3046     		mov	r0, r6
  64 0014 48B0     		add	sp, sp, #288
  65              	.LCFI3:
ARM GAS  /var/folders/mn/k5wp23016n9dfxcgh9w5nftw0000gn/T//ccnZSQC1.s 			page 4


  66              		.cfi_remember_state
  67              		.cfi_def_cfa_offset 24
  68              		@ sp needed
  69 0016 BDE87040 		pop	{r4, r5, r6, lr}
  70              	.LCFI4:
  71              		.cfi_restore 14
  72              		.cfi_restore 6
  73              		.cfi_restore 5
  74              		.cfi_restore 4
  75              		.cfi_def_cfa_offset 8
  76 001a 02B0     		add	sp, sp, #8
  77              	.LCFI5:
  78              		.cfi_restore 3
  79              		.cfi_restore 2
  80              		.cfi_def_cfa_offset 0
  81 001c 7047     		bx	lr
  82              	.LVL2:
  83              	.L2:
  84              	.LCFI6:
  85              		.cfi_restore_state
  64:Middlewares/MPU6050_Motion_Driver/driver/stm32L/log_stm32.c ****     case MPL_LOG_UNKNOWN:
  86              		.loc 1 64 5 view .LVU7
  87 001e 0828     		cmp	r0, #8
  88 0020 01D0     		beq	.L3
  89 0022 0026     		movs	r6, #0
  90 0024 F5E7     		b	.L1
  91              	.L3:
  73:Middlewares/MPU6050_Motion_Driver/driver/stm32L/log_stm32.c ****     default:
  92              		.loc 1 73 9 is_stmt 1 view .LVU8
  78:Middlewares/MPU6050_Motion_Driver/driver/stm32L/log_stm32.c **** 
  93              		.loc 1 78 5 view .LVU9
  94 0026 4DAA     		add	r2, sp, #308
  95 0028 4792     		str	r2, [sp, #284]
  80:Middlewares/MPU6050_Motion_Driver/driver/stm32L/log_stm32.c ****     if (length <= 0) {
  96              		.loc 1 80 5 view .LVU10
  80:Middlewares/MPU6050_Motion_Driver/driver/stm32L/log_stm32.c ****     if (length <= 0) {
  97              		.loc 1 80 14 is_stmt 0 view .LVU11
  98 002a 4C99     		ldr	r1, [sp, #304]
  99              	.LVL3:
  80:Middlewares/MPU6050_Motion_Driver/driver/stm32L/log_stm32.c ****     if (length <= 0) {
 100              		.loc 1 80 14 view .LVU12
 101 002c 07A8     		add	r0, sp, #28
 102              	.LVL4:
  80:Middlewares/MPU6050_Motion_Driver/driver/stm32L/log_stm32.c ****     if (length <= 0) {
 103              		.loc 1 80 14 view .LVU13
 104 002e FFF7FEFF 		bl	vsprintf
 105              	.LVL5:
  81:Middlewares/MPU6050_Motion_Driver/driver/stm32L/log_stm32.c ****         va_end(args);
 106              		.loc 1 81 5 is_stmt 1 view .LVU14
  81:Middlewares/MPU6050_Motion_Driver/driver/stm32L/log_stm32.c ****         va_end(args);
 107              		.loc 1 81 8 is_stmt 0 view .LVU15
 108 0032 061E     		subs	r6, r0, #0
 109 0034 EDDD     		ble	.L1
  86:Middlewares/MPU6050_Motion_Driver/driver/stm32L/log_stm32.c ****     out[0] = '$';
 110              		.loc 1 86 5 is_stmt 1 view .LVU16
 111 0036 0025     		movs	r5, #0
 112 0038 0195     		str	r5, [sp, #4]
ARM GAS  /var/folders/mn/k5wp23016n9dfxcgh9w5nftw0000gn/T//ccnZSQC1.s 			page 5


 113 003a 0295     		str	r5, [sp, #8]
 114 003c 0395     		str	r5, [sp, #12]
 115 003e 0495     		str	r5, [sp, #16]
 116 0040 0595     		str	r5, [sp, #20]
 117 0042 CDF81750 		str	r5, [sp, #23]	@ unaligned
  87:Middlewares/MPU6050_Motion_Driver/driver/stm32L/log_stm32.c ****     out[1] = PACKET_DEBUG;
 118              		.loc 1 87 5 view .LVU17
  87:Middlewares/MPU6050_Motion_Driver/driver/stm32L/log_stm32.c ****     out[1] = PACKET_DEBUG;
 119              		.loc 1 87 12 is_stmt 0 view .LVU18
 120 0046 2423     		movs	r3, #36
 121 0048 8DF80430 		strb	r3, [sp, #4]
  88:Middlewares/MPU6050_Motion_Driver/driver/stm32L/log_stm32.c ****     out[2] = priority;
 122              		.loc 1 88 5 is_stmt 1 view .LVU19
  88:Middlewares/MPU6050_Motion_Driver/driver/stm32L/log_stm32.c ****     out[2] = priority;
 123              		.loc 1 88 12 is_stmt 0 view .LVU20
 124 004c 0123     		movs	r3, #1
 125 004e 8DF80530 		strb	r3, [sp, #5]
  89:Middlewares/MPU6050_Motion_Driver/driver/stm32L/log_stm32.c ****     out[21] = '\r';
 126              		.loc 1 89 5 is_stmt 1 view .LVU21
  89:Middlewares/MPU6050_Motion_Driver/driver/stm32L/log_stm32.c ****     out[21] = '\r';
 127              		.loc 1 89 12 is_stmt 0 view .LVU22
 128 0052 8DF80640 		strb	r4, [sp, #6]
  90:Middlewares/MPU6050_Motion_Driver/driver/stm32L/log_stm32.c ****     out[22] = '\n';
 129              		.loc 1 90 5 is_stmt 1 view .LVU23
  90:Middlewares/MPU6050_Motion_Driver/driver/stm32L/log_stm32.c ****     out[22] = '\n';
 130              		.loc 1 90 13 is_stmt 0 view .LVU24
 131 0056 0D23     		movs	r3, #13
 132 0058 8DF81930 		strb	r3, [sp, #25]
  91:Middlewares/MPU6050_Motion_Driver/driver/stm32L/log_stm32.c ****     for (ii = 0; ii < length; ii += (PACKET_LENGTH-5)) {
 133              		.loc 1 91 5 is_stmt 1 view .LVU25
  91:Middlewares/MPU6050_Motion_Driver/driver/stm32L/log_stm32.c ****     for (ii = 0; ii < length; ii += (PACKET_LENGTH-5)) {
 134              		.loc 1 91 13 is_stmt 0 view .LVU26
 135 005c 0A23     		movs	r3, #10
 136 005e 8DF81A30 		strb	r3, [sp, #26]
  92:Middlewares/MPU6050_Motion_Driver/driver/stm32L/log_stm32.c **** #define min(a,b) ((a < b) ? a : b)
 137              		.loc 1 92 5 is_stmt 1 view .LVU27
 138              	.LVL6:
  92:Middlewares/MPU6050_Motion_Driver/driver/stm32L/log_stm32.c **** #define min(a,b) ((a < b) ? a : b)
 139              		.loc 1 92 5 is_stmt 0 view .LVU28
 140 0062 0AE0     		b	.L5
 141              	.LVL7:
 142              	.L7:
  99:Middlewares/MPU6050_Motion_Driver/driver/stm32L/log_stm32.c ****         }
 143              		.loc 1 99 10 is_stmt 1 discriminator 3 view .LVU29
 144 0064 1023     		movs	r3, #16
 145 0066 0122     		movs	r2, #1
 146 0068 01A9     		add	r1, sp, #4
 147 006a 2144     		add	r1, r1, r4
 148 006c 1048     		ldr	r0, .L12
 149 006e FFF7FEFF 		bl	HAL_UART_Transmit
 150              	.LVL8:
  97:Middlewares/MPU6050_Motion_Driver/driver/stm32L/log_stm32.c ****          // fputc(out[i]);
 151              		.loc 1 97 37 discriminator 3 view .LVU30
 152 0072 0134     		adds	r4, r4, #1
 153              	.LVL9:
 154              	.L6:
  97:Middlewares/MPU6050_Motion_Driver/driver/stm32L/log_stm32.c ****          // fputc(out[i]);
ARM GAS  /var/folders/mn/k5wp23016n9dfxcgh9w5nftw0000gn/T//ccnZSQC1.s 			page 6


 155              		.loc 1 97 20 discriminator 1 view .LVU31
 156 0074 162C     		cmp	r4, #22
 157 0076 F5DD     		ble	.L7
  92:Middlewares/MPU6050_Motion_Driver/driver/stm32L/log_stm32.c **** #define min(a,b) ((a < b) ? a : b)
 158              		.loc 1 92 34 discriminator 2 view .LVU32
 159 0078 1235     		adds	r5, r5, #18
 160              	.LVL10:
 161              	.L5:
  92:Middlewares/MPU6050_Motion_Driver/driver/stm32L/log_stm32.c **** #define min(a,b) ((a < b) ? a : b)
 162              		.loc 1 92 21 discriminator 1 view .LVU33
 163 007a B542     		cmp	r5, r6
 164 007c 16DA     		bge	.L11
  94:Middlewares/MPU6050_Motion_Driver/driver/stm32L/log_stm32.c ****         memset(out+3, 0, 18);
 165              		.loc 1 94 9 view .LVU34
  94:Middlewares/MPU6050_Motion_Driver/driver/stm32L/log_stm32.c ****         memset(out+3, 0, 18);
 166              		.loc 1 94 23 is_stmt 0 view .LVU35
 167 007e 721B     		subs	r2, r6, r5
 168 0080 122A     		cmp	r2, #18
 169 0082 A8BF     		it	ge
 170 0084 1222     		movge	r2, #18
 171              	.LVL11:
  95:Middlewares/MPU6050_Motion_Driver/driver/stm32L/log_stm32.c ****         memcpy(out+3, buf+ii, this_length);
 172              		.loc 1 95 9 is_stmt 1 view .LVU36
 173 0086 0024     		movs	r4, #0
 174 0088 CDF80740 		str	r4, [sp, #7]	@ unaligned
 175 008c CDF80B40 		str	r4, [sp, #11]	@ unaligned
 176 0090 CDF80F40 		str	r4, [sp, #15]	@ unaligned
 177 0094 CDF81340 		str	r4, [sp, #19]	@ unaligned
 178 0098 ADF81740 		strh	r4, [sp, #23]	@ unaligned
  96:Middlewares/MPU6050_Motion_Driver/driver/stm32L/log_stm32.c ****         for (i=0; i<PACKET_LENGTH; i++) {
 179              		.loc 1 96 9 view .LVU37
 180 009c D2B2     		uxtb	r2, r2
  96:Middlewares/MPU6050_Motion_Driver/driver/stm32L/log_stm32.c ****         for (i=0; i<PACKET_LENGTH; i++) {
 181              		.loc 1 96 9 is_stmt 0 view .LVU38
 182 009e 07AB     		add	r3, sp, #28
 183 00a0 5919     		adds	r1, r3, r5
 184 00a2 0DF10700 		add	r0, sp, #7
 185 00a6 FFF7FEFF 		bl	memcpy
 186              	.LVL12:
  97:Middlewares/MPU6050_Motion_Driver/driver/stm32L/log_stm32.c ****          // fputc(out[i]);
 187              		.loc 1 97 9 is_stmt 1 view .LVU39
  97:Middlewares/MPU6050_Motion_Driver/driver/stm32L/log_stm32.c ****          // fputc(out[i]);
 188              		.loc 1 97 9 is_stmt 0 view .LVU40
 189 00aa E3E7     		b	.L6
 190              	.LVL13:
 191              	.L11:
 106:Middlewares/MPU6050_Motion_Driver/driver/stm32L/log_stm32.c **** }
 192              		.loc 1 106 12 view .LVU41
 193 00ac 0026     		movs	r6, #0
 194              	.LVL14:
 106:Middlewares/MPU6050_Motion_Driver/driver/stm32L/log_stm32.c **** }
 195              		.loc 1 106 12 view .LVU42
 196 00ae B0E7     		b	.L1
 197              	.L13:
 198              		.align	2
 199              	.L12:
 200 00b0 00000000 		.word	UART1_Handler
ARM GAS  /var/folders/mn/k5wp23016n9dfxcgh9w5nftw0000gn/T//ccnZSQC1.s 			page 7


 201              		.cfi_endproc
 202              	.LFE220:
 204              		.section	.text.eMPL_send_quat,"ax",%progbits
 205              		.align	1
 206              		.global	eMPL_send_quat
 207              		.syntax unified
 208              		.thumb
 209              		.thumb_func
 211              	eMPL_send_quat:
 212              	.LVL15:
 213              	.LFB221:
 108:Middlewares/MPU6050_Motion_Driver/driver/stm32L/log_stm32.c **** 
 109:Middlewares/MPU6050_Motion_Driver/driver/stm32L/log_stm32.c **** void eMPL_send_quat(long *quat)
 110:Middlewares/MPU6050_Motion_Driver/driver/stm32L/log_stm32.c **** {
 214              		.loc 1 110 1 is_stmt 1 view -0
 215              		.cfi_startproc
 216              		@ args = 0, pretend = 0, frame = 24
 217              		@ frame_needed = 0, uses_anonymous_args = 0
 111:Middlewares/MPU6050_Motion_Driver/driver/stm32L/log_stm32.c ****     char out[PACKET_LENGTH];
 218              		.loc 1 111 5 view .LVU44
 112:Middlewares/MPU6050_Motion_Driver/driver/stm32L/log_stm32.c ****     int i;
 219              		.loc 1 112 5 view .LVU45
 113:Middlewares/MPU6050_Motion_Driver/driver/stm32L/log_stm32.c ****     if (!quat)
 220              		.loc 1 113 5 view .LVU46
 221              		.loc 1 113 8 is_stmt 0 view .LVU47
 222 0000 0028     		cmp	r0, #0
 223 0002 5AD0     		beq	.L20
 110:Middlewares/MPU6050_Motion_Driver/driver/stm32L/log_stm32.c ****     char out[PACKET_LENGTH];
 224              		.loc 1 110 1 view .LVU48
 225 0004 10B5     		push	{r4, lr}
 226              	.LCFI7:
 227              		.cfi_def_cfa_offset 8
 228              		.cfi_offset 4, -8
 229              		.cfi_offset 14, -4
 230 0006 86B0     		sub	sp, sp, #24
 231              	.LCFI8:
 232              		.cfi_def_cfa_offset 32
 114:Middlewares/MPU6050_Motion_Driver/driver/stm32L/log_stm32.c ****         return;
 115:Middlewares/MPU6050_Motion_Driver/driver/stm32L/log_stm32.c ****     memset(out, 0, PACKET_LENGTH);
 233              		.loc 1 115 5 is_stmt 1 view .LVU49
 234 0008 0024     		movs	r4, #0
 235 000a 0094     		str	r4, [sp]
 236 000c 0194     		str	r4, [sp, #4]
 237 000e 0294     		str	r4, [sp, #8]
 238 0010 0394     		str	r4, [sp, #12]
 239 0012 0494     		str	r4, [sp, #16]
 240 0014 CDF81340 		str	r4, [sp, #19]	@ unaligned
 116:Middlewares/MPU6050_Motion_Driver/driver/stm32L/log_stm32.c ****     out[0] = '$';
 241              		.loc 1 116 5 view .LVU50
 242              		.loc 1 116 12 is_stmt 0 view .LVU51
 243 0018 2422     		movs	r2, #36
 244 001a 8DF80020 		strb	r2, [sp]
 117:Middlewares/MPU6050_Motion_Driver/driver/stm32L/log_stm32.c ****     out[1] = PACKET_QUAT;
 245              		.loc 1 117 5 is_stmt 1 view .LVU52
 246              		.loc 1 117 12 is_stmt 0 view .LVU53
 247 001e 0222     		movs	r2, #2
 248 0020 8DF80120 		strb	r2, [sp, #1]
ARM GAS  /var/folders/mn/k5wp23016n9dfxcgh9w5nftw0000gn/T//ccnZSQC1.s 			page 8


 118:Middlewares/MPU6050_Motion_Driver/driver/stm32L/log_stm32.c ****     out[3] = (char)(quat[0] >> 24);
 249              		.loc 1 118 5 is_stmt 1 view .LVU54
 250              		.loc 1 118 25 is_stmt 0 view .LVU55
 251 0024 0268     		ldr	r2, [r0]
 252              		.loc 1 118 14 view .LVU56
 253 0026 110E     		lsrs	r1, r2, #24
 254              		.loc 1 118 12 view .LVU57
 255 0028 8DF80310 		strb	r1, [sp, #3]
 119:Middlewares/MPU6050_Motion_Driver/driver/stm32L/log_stm32.c ****     out[4] = (char)(quat[0] >> 16);
 256              		.loc 1 119 5 is_stmt 1 view .LVU58
 257              		.loc 1 119 14 is_stmt 0 view .LVU59
 258 002c C2F30741 		ubfx	r1, r2, #16, #8
 259              		.loc 1 119 12 view .LVU60
 260 0030 8DF80410 		strb	r1, [sp, #4]
 120:Middlewares/MPU6050_Motion_Driver/driver/stm32L/log_stm32.c ****     out[5] = (char)(quat[0] >> 8);
 261              		.loc 1 120 5 is_stmt 1 view .LVU61
 262              		.loc 1 120 14 is_stmt 0 view .LVU62
 263 0034 C2F30721 		ubfx	r1, r2, #8, #8
 264              		.loc 1 120 12 view .LVU63
 265 0038 8DF80510 		strb	r1, [sp, #5]
 121:Middlewares/MPU6050_Motion_Driver/driver/stm32L/log_stm32.c ****     out[6] = (char)quat[0];
 266              		.loc 1 121 5 is_stmt 1 view .LVU64
 267              		.loc 1 121 12 is_stmt 0 view .LVU65
 268 003c 8DF80620 		strb	r2, [sp, #6]
 122:Middlewares/MPU6050_Motion_Driver/driver/stm32L/log_stm32.c ****     out[7] = (char)(quat[1] >> 24);
 269              		.loc 1 122 5 is_stmt 1 view .LVU66
 270              		.loc 1 122 25 is_stmt 0 view .LVU67
 271 0040 4268     		ldr	r2, [r0, #4]
 272              		.loc 1 122 14 view .LVU68
 273 0042 110E     		lsrs	r1, r2, #24
 274              		.loc 1 122 12 view .LVU69
 275 0044 8DF80710 		strb	r1, [sp, #7]
 123:Middlewares/MPU6050_Motion_Driver/driver/stm32L/log_stm32.c ****     out[8] = (char)(quat[1] >> 16);
 276              		.loc 1 123 5 is_stmt 1 view .LVU70
 277              		.loc 1 123 14 is_stmt 0 view .LVU71
 278 0048 C2F30741 		ubfx	r1, r2, #16, #8
 279              		.loc 1 123 12 view .LVU72
 280 004c 8DF80810 		strb	r1, [sp, #8]
 124:Middlewares/MPU6050_Motion_Driver/driver/stm32L/log_stm32.c ****     out[9] = (char)(quat[1] >> 8);
 281              		.loc 1 124 5 is_stmt 1 view .LVU73
 282              		.loc 1 124 14 is_stmt 0 view .LVU74
 283 0050 C2F30721 		ubfx	r1, r2, #8, #8
 284              		.loc 1 124 12 view .LVU75
 285 0054 8DF80910 		strb	r1, [sp, #9]
 125:Middlewares/MPU6050_Motion_Driver/driver/stm32L/log_stm32.c ****     out[10] = (char)quat[1];
 286              		.loc 1 125 5 is_stmt 1 view .LVU76
 287              		.loc 1 125 13 is_stmt 0 view .LVU77
 288 0058 8DF80A20 		strb	r2, [sp, #10]
 126:Middlewares/MPU6050_Motion_Driver/driver/stm32L/log_stm32.c ****     out[11] = (char)(quat[2] >> 24);
 289              		.loc 1 126 5 is_stmt 1 view .LVU78
 290              		.loc 1 126 26 is_stmt 0 view .LVU79
 291 005c 8268     		ldr	r2, [r0, #8]
 292              		.loc 1 126 15 view .LVU80
 293 005e 110E     		lsrs	r1, r2, #24
 294              		.loc 1 126 13 view .LVU81
 295 0060 8DF80B10 		strb	r1, [sp, #11]
 127:Middlewares/MPU6050_Motion_Driver/driver/stm32L/log_stm32.c ****     out[12] = (char)(quat[2] >> 16);
ARM GAS  /var/folders/mn/k5wp23016n9dfxcgh9w5nftw0000gn/T//ccnZSQC1.s 			page 9


 296              		.loc 1 127 5 is_stmt 1 view .LVU82
 297              		.loc 1 127 15 is_stmt 0 view .LVU83
 298 0064 C2F30741 		ubfx	r1, r2, #16, #8
 299              		.loc 1 127 13 view .LVU84
 300 0068 8DF80C10 		strb	r1, [sp, #12]
 128:Middlewares/MPU6050_Motion_Driver/driver/stm32L/log_stm32.c ****     out[13] = (char)(quat[2] >> 8);
 301              		.loc 1 128 5 is_stmt 1 view .LVU85
 302              		.loc 1 128 15 is_stmt 0 view .LVU86
 303 006c C2F30721 		ubfx	r1, r2, #8, #8
 304              		.loc 1 128 13 view .LVU87
 305 0070 8DF80D10 		strb	r1, [sp, #13]
 129:Middlewares/MPU6050_Motion_Driver/driver/stm32L/log_stm32.c ****     out[14] = (char)quat[2];
 306              		.loc 1 129 5 is_stmt 1 view .LVU88
 307              		.loc 1 129 13 is_stmt 0 view .LVU89
 308 0074 8DF80E20 		strb	r2, [sp, #14]
 130:Middlewares/MPU6050_Motion_Driver/driver/stm32L/log_stm32.c ****     out[15] = (char)(quat[3] >> 24);
 309              		.loc 1 130 5 is_stmt 1 view .LVU90
 310              		.loc 1 130 26 is_stmt 0 view .LVU91
 311 0078 C368     		ldr	r3, [r0, #12]
 312              		.loc 1 130 15 view .LVU92
 313 007a 1A0E     		lsrs	r2, r3, #24
 314              		.loc 1 130 13 view .LVU93
 315 007c 8DF80F20 		strb	r2, [sp, #15]
 131:Middlewares/MPU6050_Motion_Driver/driver/stm32L/log_stm32.c ****     out[16] = (char)(quat[3] >> 16);
 316              		.loc 1 131 5 is_stmt 1 view .LVU94
 317              		.loc 1 131 15 is_stmt 0 view .LVU95
 318 0080 C3F30742 		ubfx	r2, r3, #16, #8
 319              		.loc 1 131 13 view .LVU96
 320 0084 8DF81020 		strb	r2, [sp, #16]
 132:Middlewares/MPU6050_Motion_Driver/driver/stm32L/log_stm32.c ****     out[17] = (char)(quat[3] >> 8);
 321              		.loc 1 132 5 is_stmt 1 view .LVU97
 322              		.loc 1 132 15 is_stmt 0 view .LVU98
 323 0088 C3F30722 		ubfx	r2, r3, #8, #8
 324              		.loc 1 132 13 view .LVU99
 325 008c 8DF81120 		strb	r2, [sp, #17]
 133:Middlewares/MPU6050_Motion_Driver/driver/stm32L/log_stm32.c ****     out[18] = (char)quat[3];
 326              		.loc 1 133 5 is_stmt 1 view .LVU100
 327              		.loc 1 133 13 is_stmt 0 view .LVU101
 328 0090 8DF81230 		strb	r3, [sp, #18]
 134:Middlewares/MPU6050_Motion_Driver/driver/stm32L/log_stm32.c ****     out[21] = '\r';
 329              		.loc 1 134 5 is_stmt 1 view .LVU102
 330              		.loc 1 134 13 is_stmt 0 view .LVU103
 331 0094 0D23     		movs	r3, #13
 332 0096 8DF81530 		strb	r3, [sp, #21]
 135:Middlewares/MPU6050_Motion_Driver/driver/stm32L/log_stm32.c ****     out[22] = '\n';
 333              		.loc 1 135 5 is_stmt 1 view .LVU104
 334              		.loc 1 135 13 is_stmt 0 view .LVU105
 335 009a 0A23     		movs	r3, #10
 336 009c 8DF81630 		strb	r3, [sp, #22]
 136:Middlewares/MPU6050_Motion_Driver/driver/stm32L/log_stm32.c ****     
 137:Middlewares/MPU6050_Motion_Driver/driver/stm32L/log_stm32.c ****     for (i=0; i<PACKET_LENGTH; i++) {
 337              		.loc 1 137 5 is_stmt 1 view .LVU106
 338              	.LVL16:
 339              		.loc 1 137 5 is_stmt 0 view .LVU107
 340 00a0 07E0     		b	.L17
 341              	.LVL17:
 342              	.L18:
ARM GAS  /var/folders/mn/k5wp23016n9dfxcgh9w5nftw0000gn/T//ccnZSQC1.s 			page 10


 138:Middlewares/MPU6050_Motion_Driver/driver/stm32L/log_stm32.c ****       // fputc(out[i]);
 139:Middlewares/MPU6050_Motion_Driver/driver/stm32L/log_stm32.c ****          HAL_UART_Transmit(&UART1_Handler, (uint8_t *)out+i, 1, 0x10);
 343              		.loc 1 139 10 is_stmt 1 discriminator 3 view .LVU108
 344 00a2 1023     		movs	r3, #16
 345 00a4 0122     		movs	r2, #1
 346 00a6 0DEB0401 		add	r1, sp, r4
 347 00aa 0448     		ldr	r0, .L23
 348 00ac FFF7FEFF 		bl	HAL_UART_Transmit
 349              	.LVL18:
 137:Middlewares/MPU6050_Motion_Driver/driver/stm32L/log_stm32.c ****       // fputc(out[i]);
 350              		.loc 1 137 33 discriminator 3 view .LVU109
 351 00b0 0134     		adds	r4, r4, #1
 352              	.LVL19:
 353              	.L17:
 137:Middlewares/MPU6050_Motion_Driver/driver/stm32L/log_stm32.c ****       // fputc(out[i]);
 354              		.loc 1 137 16 discriminator 1 view .LVU110
 355 00b2 162C     		cmp	r4, #22
 356 00b4 F5DD     		ble	.L18
 140:Middlewares/MPU6050_Motion_Driver/driver/stm32L/log_stm32.c ****     }
 141:Middlewares/MPU6050_Motion_Driver/driver/stm32L/log_stm32.c **** }
 357              		.loc 1 141 1 is_stmt 0 view .LVU111
 358 00b6 06B0     		add	sp, sp, #24
 359              	.LCFI9:
 360              		.cfi_def_cfa_offset 8
 361              		@ sp needed
 362 00b8 10BD     		pop	{r4, pc}
 363              	.LVL20:
 364              	.L20:
 365              	.LCFI10:
 366              		.cfi_def_cfa_offset 0
 367              		.cfi_restore 4
 368              		.cfi_restore 14
 369              		.loc 1 141 1 view .LVU112
 370 00ba 7047     		bx	lr
 371              	.L24:
 372              		.align	2
 373              	.L23:
 374 00bc 00000000 		.word	UART1_Handler
 375              		.cfi_endproc
 376              	.LFE221:
 378              		.section	.text.eMPL_send_data,"ax",%progbits
 379              		.align	1
 380              		.global	eMPL_send_data
 381              		.syntax unified
 382              		.thumb
 383              		.thumb_func
 385              	eMPL_send_data:
 386              	.LVL21:
 387              	.LFB222:
 142:Middlewares/MPU6050_Motion_Driver/driver/stm32L/log_stm32.c **** 
 143:Middlewares/MPU6050_Motion_Driver/driver/stm32L/log_stm32.c **** void eMPL_send_data(unsigned char type, long *data)
 144:Middlewares/MPU6050_Motion_Driver/driver/stm32L/log_stm32.c **** {
 388              		.loc 1 144 1 is_stmt 1 view -0
 389              		.cfi_startproc
 390              		@ args = 0, pretend = 0, frame = 24
 391              		@ frame_needed = 0, uses_anonymous_args = 0
 145:Middlewares/MPU6050_Motion_Driver/driver/stm32L/log_stm32.c ****     char out[PACKET_LENGTH];
ARM GAS  /var/folders/mn/k5wp23016n9dfxcgh9w5nftw0000gn/T//ccnZSQC1.s 			page 11


 392              		.loc 1 145 5 view .LVU114
 146:Middlewares/MPU6050_Motion_Driver/driver/stm32L/log_stm32.c ****     int i;
 393              		.loc 1 146 5 view .LVU115
 147:Middlewares/MPU6050_Motion_Driver/driver/stm32L/log_stm32.c ****     if (!data)
 394              		.loc 1 147 5 view .LVU116
 395              		.loc 1 147 8 is_stmt 0 view .LVU117
 396 0000 0029     		cmp	r1, #0
 397 0002 00F0C080 		beq	.L39
 144:Middlewares/MPU6050_Motion_Driver/driver/stm32L/log_stm32.c ****     char out[PACKET_LENGTH];
 398              		.loc 1 144 1 view .LVU118
 399 0006 10B5     		push	{r4, lr}
 400              	.LCFI11:
 401              		.cfi_def_cfa_offset 8
 402              		.cfi_offset 4, -8
 403              		.cfi_offset 14, -4
 404 0008 86B0     		sub	sp, sp, #24
 405              	.LCFI12:
 406              		.cfi_def_cfa_offset 32
 407 000a 0A46     		mov	r2, r1
 148:Middlewares/MPU6050_Motion_Driver/driver/stm32L/log_stm32.c ****         return;
 149:Middlewares/MPU6050_Motion_Driver/driver/stm32L/log_stm32.c ****     memset(out, 0, PACKET_LENGTH);
 408              		.loc 1 149 5 is_stmt 1 view .LVU119
 409 000c 0023     		movs	r3, #0
 410 000e 0093     		str	r3, [sp]
 411 0010 0193     		str	r3, [sp, #4]
 412 0012 0293     		str	r3, [sp, #8]
 413 0014 0393     		str	r3, [sp, #12]
 414 0016 0493     		str	r3, [sp, #16]
 415 0018 CDF81330 		str	r3, [sp, #19]	@ unaligned
 150:Middlewares/MPU6050_Motion_Driver/driver/stm32L/log_stm32.c ****     out[0] = '$';
 416              		.loc 1 150 5 view .LVU120
 417              		.loc 1 150 12 is_stmt 0 view .LVU121
 418 001c 2423     		movs	r3, #36
 419 001e 8DF80030 		strb	r3, [sp]
 151:Middlewares/MPU6050_Motion_Driver/driver/stm32L/log_stm32.c ****     out[1] = PACKET_DATA;
 420              		.loc 1 151 5 is_stmt 1 view .LVU122
 421              		.loc 1 151 12 is_stmt 0 view .LVU123
 422 0022 0323     		movs	r3, #3
 423 0024 8DF80130 		strb	r3, [sp, #1]
 152:Middlewares/MPU6050_Motion_Driver/driver/stm32L/log_stm32.c ****     out[2] = type;
 424              		.loc 1 152 5 is_stmt 1 view .LVU124
 425              		.loc 1 152 12 is_stmt 0 view .LVU125
 426 0028 8DF80200 		strb	r0, [sp, #2]
 153:Middlewares/MPU6050_Motion_Driver/driver/stm32L/log_stm32.c ****     out[21] = '\r';
 427              		.loc 1 153 5 is_stmt 1 view .LVU126
 428              		.loc 1 153 13 is_stmt 0 view .LVU127
 429 002c 0D23     		movs	r3, #13
 430 002e 8DF81530 		strb	r3, [sp, #21]
 154:Middlewares/MPU6050_Motion_Driver/driver/stm32L/log_stm32.c ****     out[22] = '\n';
 431              		.loc 1 154 5 is_stmt 1 view .LVU128
 432              		.loc 1 154 13 is_stmt 0 view .LVU129
 433 0032 0A23     		movs	r3, #10
 434 0034 8DF81630 		strb	r3, [sp, #22]
 155:Middlewares/MPU6050_Motion_Driver/driver/stm32L/log_stm32.c ****     switch (type) {
 435              		.loc 1 155 5 is_stmt 1 view .LVU130
 436 0038 0628     		cmp	r0, #6
 437 003a 00F2A280 		bhi	.L25
ARM GAS  /var/folders/mn/k5wp23016n9dfxcgh9w5nftw0000gn/T//ccnZSQC1.s 			page 12


 438 003e DFE800F0 		tbb	[pc, r0]
 439              	.L28:
 440 0042 5B       		.byte	(.L30-.L28)/2
 441 0043 5B       		.byte	(.L30-.L28)/2
 442 0044 5B       		.byte	(.L30-.L28)/2
 443 0045 4D       		.byte	(.L31-.L28)/2
 444 0046 5B       		.byte	(.L30-.L28)/2
 445 0047 04       		.byte	(.L29-.L28)/2
 446 0048 87       		.byte	(.L27-.L28)/2
 447 0049 00       		.p2align 1
 448              	.L29:
 156:Middlewares/MPU6050_Motion_Driver/driver/stm32L/log_stm32.c ****     /* Two bytes per-element. */
 157:Middlewares/MPU6050_Motion_Driver/driver/stm32L/log_stm32.c ****     case PACKET_DATA_ROT:
 158:Middlewares/MPU6050_Motion_Driver/driver/stm32L/log_stm32.c ****         out[3] = (char)(data[0] >> 24);
 449              		.loc 1 158 9 view .LVU131
 450              		.loc 1 158 29 is_stmt 0 view .LVU132
 451 004a 0B68     		ldr	r3, [r1]
 452              		.loc 1 158 18 view .LVU133
 453 004c 190E     		lsrs	r1, r3, #24
 454              	.LVL22:
 455              		.loc 1 158 16 view .LVU134
 456 004e 8DF80310 		strb	r1, [sp, #3]
 159:Middlewares/MPU6050_Motion_Driver/driver/stm32L/log_stm32.c ****         out[4] = (char)(data[0] >> 16);
 457              		.loc 1 159 9 is_stmt 1 view .LVU135
 458              		.loc 1 159 18 is_stmt 0 view .LVU136
 459 0052 C3F30743 		ubfx	r3, r3, #16, #8
 460              		.loc 1 159 16 view .LVU137
 461 0056 8DF80430 		strb	r3, [sp, #4]
 160:Middlewares/MPU6050_Motion_Driver/driver/stm32L/log_stm32.c ****         out[5] = (char)(data[1] >> 24);
 462              		.loc 1 160 9 is_stmt 1 view .LVU138
 463              		.loc 1 160 29 is_stmt 0 view .LVU139
 464 005a 5368     		ldr	r3, [r2, #4]
 465              		.loc 1 160 18 view .LVU140
 466 005c 190E     		lsrs	r1, r3, #24
 467              		.loc 1 160 16 view .LVU141
 468 005e 8DF80510 		strb	r1, [sp, #5]
 161:Middlewares/MPU6050_Motion_Driver/driver/stm32L/log_stm32.c ****         out[6] = (char)(data[1] >> 16);
 469              		.loc 1 161 9 is_stmt 1 view .LVU142
 470              		.loc 1 161 18 is_stmt 0 view .LVU143
 471 0062 C3F30743 		ubfx	r3, r3, #16, #8
 472              		.loc 1 161 16 view .LVU144
 473 0066 8DF80630 		strb	r3, [sp, #6]
 162:Middlewares/MPU6050_Motion_Driver/driver/stm32L/log_stm32.c ****         out[7] = (char)(data[2] >> 24);
 474              		.loc 1 162 9 is_stmt 1 view .LVU145
 475              		.loc 1 162 29 is_stmt 0 view .LVU146
 476 006a 9368     		ldr	r3, [r2, #8]
 477              		.loc 1 162 18 view .LVU147
 478 006c 190E     		lsrs	r1, r3, #24
 479              		.loc 1 162 16 view .LVU148
 480 006e 8DF80710 		strb	r1, [sp, #7]
 163:Middlewares/MPU6050_Motion_Driver/driver/stm32L/log_stm32.c ****         out[8] = (char)(data[2] >> 16);
 481              		.loc 1 163 9 is_stmt 1 view .LVU149
 482              		.loc 1 163 18 is_stmt 0 view .LVU150
 483 0072 C3F30743 		ubfx	r3, r3, #16, #8
 484              		.loc 1 163 16 view .LVU151
 485 0076 8DF80830 		strb	r3, [sp, #8]
 164:Middlewares/MPU6050_Motion_Driver/driver/stm32L/log_stm32.c ****         out[9] = (char)(data[3] >> 24);
ARM GAS  /var/folders/mn/k5wp23016n9dfxcgh9w5nftw0000gn/T//ccnZSQC1.s 			page 13


 486              		.loc 1 164 9 is_stmt 1 view .LVU152
 487              		.loc 1 164 29 is_stmt 0 view .LVU153
 488 007a D368     		ldr	r3, [r2, #12]
 489              		.loc 1 164 18 view .LVU154
 490 007c 190E     		lsrs	r1, r3, #24
 491              		.loc 1 164 16 view .LVU155
 492 007e 8DF80910 		strb	r1, [sp, #9]
 165:Middlewares/MPU6050_Motion_Driver/driver/stm32L/log_stm32.c ****         out[10] = (char)(data[3] >> 16);
 493              		.loc 1 165 9 is_stmt 1 view .LVU156
 494              		.loc 1 165 19 is_stmt 0 view .LVU157
 495 0082 C3F30743 		ubfx	r3, r3, #16, #8
 496              		.loc 1 165 17 view .LVU158
 497 0086 8DF80A30 		strb	r3, [sp, #10]
 166:Middlewares/MPU6050_Motion_Driver/driver/stm32L/log_stm32.c ****         out[11] = (char)(data[4] >> 24);
 498              		.loc 1 166 9 is_stmt 1 view .LVU159
 499              		.loc 1 166 30 is_stmt 0 view .LVU160
 500 008a 1369     		ldr	r3, [r2, #16]
 501              		.loc 1 166 19 view .LVU161
 502 008c 190E     		lsrs	r1, r3, #24
 503              		.loc 1 166 17 view .LVU162
 504 008e 8DF80B10 		strb	r1, [sp, #11]
 167:Middlewares/MPU6050_Motion_Driver/driver/stm32L/log_stm32.c ****         out[12] = (char)(data[4] >> 16);
 505              		.loc 1 167 9 is_stmt 1 view .LVU163
 506              		.loc 1 167 19 is_stmt 0 view .LVU164
 507 0092 C3F30743 		ubfx	r3, r3, #16, #8
 508              		.loc 1 167 17 view .LVU165
 509 0096 8DF80C30 		strb	r3, [sp, #12]
 168:Middlewares/MPU6050_Motion_Driver/driver/stm32L/log_stm32.c ****         out[13] = (char)(data[5] >> 24);
 510              		.loc 1 168 9 is_stmt 1 view .LVU166
 511              		.loc 1 168 30 is_stmt 0 view .LVU167
 512 009a 5369     		ldr	r3, [r2, #20]
 513              		.loc 1 168 19 view .LVU168
 514 009c 190E     		lsrs	r1, r3, #24
 515              		.loc 1 168 17 view .LVU169
 516 009e 8DF80D10 		strb	r1, [sp, #13]
 169:Middlewares/MPU6050_Motion_Driver/driver/stm32L/log_stm32.c ****         out[14] = (char)(data[5] >> 16);
 517              		.loc 1 169 9 is_stmt 1 view .LVU170
 518              		.loc 1 169 19 is_stmt 0 view .LVU171
 519 00a2 C3F30743 		ubfx	r3, r3, #16, #8
 520              		.loc 1 169 17 view .LVU172
 521 00a6 8DF80E30 		strb	r3, [sp, #14]
 170:Middlewares/MPU6050_Motion_Driver/driver/stm32L/log_stm32.c ****         out[15] = (char)(data[6] >> 24);
 522              		.loc 1 170 9 is_stmt 1 view .LVU173
 523              		.loc 1 170 30 is_stmt 0 view .LVU174
 524 00aa 9369     		ldr	r3, [r2, #24]
 525              		.loc 1 170 19 view .LVU175
 526 00ac 190E     		lsrs	r1, r3, #24
 527              		.loc 1 170 17 view .LVU176
 528 00ae 8DF80F10 		strb	r1, [sp, #15]
 171:Middlewares/MPU6050_Motion_Driver/driver/stm32L/log_stm32.c ****         out[16] = (char)(data[6] >> 16);
 529              		.loc 1 171 9 is_stmt 1 view .LVU177
 530              		.loc 1 171 19 is_stmt 0 view .LVU178
 531 00b2 C3F30743 		ubfx	r3, r3, #16, #8
 532              		.loc 1 171 17 view .LVU179
 533 00b6 8DF81030 		strb	r3, [sp, #16]
 172:Middlewares/MPU6050_Motion_Driver/driver/stm32L/log_stm32.c ****         out[17] = (char)(data[7] >> 24);
 534              		.loc 1 172 9 is_stmt 1 view .LVU180
ARM GAS  /var/folders/mn/k5wp23016n9dfxcgh9w5nftw0000gn/T//ccnZSQC1.s 			page 14


 535              		.loc 1 172 30 is_stmt 0 view .LVU181
 536 00ba D369     		ldr	r3, [r2, #28]
 537              		.loc 1 172 19 view .LVU182
 538 00bc 190E     		lsrs	r1, r3, #24
 539              		.loc 1 172 17 view .LVU183
 540 00be 8DF81110 		strb	r1, [sp, #17]
 173:Middlewares/MPU6050_Motion_Driver/driver/stm32L/log_stm32.c ****         out[18] = (char)(data[7] >> 16);
 541              		.loc 1 173 9 is_stmt 1 view .LVU184
 542              		.loc 1 173 19 is_stmt 0 view .LVU185
 543 00c2 C3F30743 		ubfx	r3, r3, #16, #8
 544              		.loc 1 173 17 view .LVU186
 545 00c6 8DF81230 		strb	r3, [sp, #18]
 174:Middlewares/MPU6050_Motion_Driver/driver/stm32L/log_stm32.c ****         out[19] = (char)(data[8] >> 24);
 546              		.loc 1 174 9 is_stmt 1 view .LVU187
 547              		.loc 1 174 30 is_stmt 0 view .LVU188
 548 00ca 136A     		ldr	r3, [r2, #32]
 549              		.loc 1 174 19 view .LVU189
 550 00cc 1A0E     		lsrs	r2, r3, #24
 551              	.LVL23:
 552              		.loc 1 174 17 view .LVU190
 553 00ce 8DF81320 		strb	r2, [sp, #19]
 175:Middlewares/MPU6050_Motion_Driver/driver/stm32L/log_stm32.c ****         out[20] = (char)(data[8] >> 16);
 554              		.loc 1 175 9 is_stmt 1 view .LVU191
 555              		.loc 1 175 19 is_stmt 0 view .LVU192
 556 00d2 C3F30743 		ubfx	r3, r3, #16, #8
 557              		.loc 1 175 17 view .LVU193
 558 00d6 8DF81430 		strb	r3, [sp, #20]
 176:Middlewares/MPU6050_Motion_Driver/driver/stm32L/log_stm32.c ****         break;
 559              		.loc 1 176 9 is_stmt 1 view .LVU194
 560 00da 37E0     		b	.L32
 561              	.LVL24:
 562              	.L31:
 177:Middlewares/MPU6050_Motion_Driver/driver/stm32L/log_stm32.c ****     /* Four bytes per-element. */
 178:Middlewares/MPU6050_Motion_Driver/driver/stm32L/log_stm32.c ****     /* Four elements. */
 179:Middlewares/MPU6050_Motion_Driver/driver/stm32L/log_stm32.c ****     case PACKET_DATA_QUAT:
 180:Middlewares/MPU6050_Motion_Driver/driver/stm32L/log_stm32.c ****         out[15] = (char)(data[3] >> 24);
 563              		.loc 1 180 9 view .LVU195
 564              		.loc 1 180 30 is_stmt 0 view .LVU196
 565 00dc CB68     		ldr	r3, [r1, #12]
 566              		.loc 1 180 19 view .LVU197
 567 00de 190E     		lsrs	r1, r3, #24
 568              	.LVL25:
 569              		.loc 1 180 17 view .LVU198
 570 00e0 8DF80F10 		strb	r1, [sp, #15]
 181:Middlewares/MPU6050_Motion_Driver/driver/stm32L/log_stm32.c ****         out[16] = (char)(data[3] >> 16);
 571              		.loc 1 181 9 is_stmt 1 view .LVU199
 572              		.loc 1 181 19 is_stmt 0 view .LVU200
 573 00e4 C3F30741 		ubfx	r1, r3, #16, #8
 574              		.loc 1 181 17 view .LVU201
 575 00e8 8DF81010 		strb	r1, [sp, #16]
 182:Middlewares/MPU6050_Motion_Driver/driver/stm32L/log_stm32.c ****         out[17] = (char)(data[3] >> 8);
 576              		.loc 1 182 9 is_stmt 1 view .LVU202
 577              		.loc 1 182 19 is_stmt 0 view .LVU203
 578 00ec C3F30721 		ubfx	r1, r3, #8, #8
 579              		.loc 1 182 17 view .LVU204
 580 00f0 8DF81110 		strb	r1, [sp, #17]
 183:Middlewares/MPU6050_Motion_Driver/driver/stm32L/log_stm32.c ****         out[18] = (char)data[3];
ARM GAS  /var/folders/mn/k5wp23016n9dfxcgh9w5nftw0000gn/T//ccnZSQC1.s 			page 15


 581              		.loc 1 183 9 is_stmt 1 view .LVU205
 582              		.loc 1 183 17 is_stmt 0 view .LVU206
 583 00f4 8DF81230 		strb	r3, [sp, #18]
 584              	.L30:
 184:Middlewares/MPU6050_Motion_Driver/driver/stm32L/log_stm32.c ****     /* Three elements. */
 185:Middlewares/MPU6050_Motion_Driver/driver/stm32L/log_stm32.c ****     case PACKET_DATA_ACCEL:
 186:Middlewares/MPU6050_Motion_Driver/driver/stm32L/log_stm32.c ****     case PACKET_DATA_GYRO:
 187:Middlewares/MPU6050_Motion_Driver/driver/stm32L/log_stm32.c ****     case PACKET_DATA_COMPASS:
 188:Middlewares/MPU6050_Motion_Driver/driver/stm32L/log_stm32.c ****     case PACKET_DATA_EULER:
 189:Middlewares/MPU6050_Motion_Driver/driver/stm32L/log_stm32.c ****         out[3] = (char)(data[0] >> 24);
 585              		.loc 1 189 9 is_stmt 1 view .LVU207
 586              		.loc 1 189 29 is_stmt 0 view .LVU208
 587 00f8 1368     		ldr	r3, [r2]
 588              		.loc 1 189 18 view .LVU209
 589 00fa 190E     		lsrs	r1, r3, #24
 590              		.loc 1 189 16 view .LVU210
 591 00fc 8DF80310 		strb	r1, [sp, #3]
 190:Middlewares/MPU6050_Motion_Driver/driver/stm32L/log_stm32.c ****         out[4] = (char)(data[0] >> 16);
 592              		.loc 1 190 9 is_stmt 1 view .LVU211
 593              		.loc 1 190 18 is_stmt 0 view .LVU212
 594 0100 C3F30741 		ubfx	r1, r3, #16, #8
 595              		.loc 1 190 16 view .LVU213
 596 0104 8DF80410 		strb	r1, [sp, #4]
 191:Middlewares/MPU6050_Motion_Driver/driver/stm32L/log_stm32.c ****         out[5] = (char)(data[0] >> 8);
 597              		.loc 1 191 9 is_stmt 1 view .LVU214
 598              		.loc 1 191 18 is_stmt 0 view .LVU215
 599 0108 C3F30721 		ubfx	r1, r3, #8, #8
 600              		.loc 1 191 16 view .LVU216
 601 010c 8DF80510 		strb	r1, [sp, #5]
 192:Middlewares/MPU6050_Motion_Driver/driver/stm32L/log_stm32.c ****         out[6] = (char)data[0];
 602              		.loc 1 192 9 is_stmt 1 view .LVU217
 603              		.loc 1 192 16 is_stmt 0 view .LVU218
 604 0110 8DF80630 		strb	r3, [sp, #6]
 193:Middlewares/MPU6050_Motion_Driver/driver/stm32L/log_stm32.c ****         out[7] = (char)(data[1] >> 24);
 605              		.loc 1 193 9 is_stmt 1 view .LVU219
 606              		.loc 1 193 29 is_stmt 0 view .LVU220
 607 0114 5368     		ldr	r3, [r2, #4]
 608              		.loc 1 193 18 view .LVU221
 609 0116 190E     		lsrs	r1, r3, #24
 610              		.loc 1 193 16 view .LVU222
 611 0118 8DF80710 		strb	r1, [sp, #7]
 194:Middlewares/MPU6050_Motion_Driver/driver/stm32L/log_stm32.c ****         out[8] = (char)(data[1] >> 16);
 612              		.loc 1 194 9 is_stmt 1 view .LVU223
 613              		.loc 1 194 18 is_stmt 0 view .LVU224
 614 011c C3F30741 		ubfx	r1, r3, #16, #8
 615              		.loc 1 194 16 view .LVU225
 616 0120 8DF80810 		strb	r1, [sp, #8]
 195:Middlewares/MPU6050_Motion_Driver/driver/stm32L/log_stm32.c ****         out[9] = (char)(data[1] >> 8);
 617              		.loc 1 195 9 is_stmt 1 view .LVU226
 618              		.loc 1 195 18 is_stmt 0 view .LVU227
 619 0124 C3F30721 		ubfx	r1, r3, #8, #8
 620              		.loc 1 195 16 view .LVU228
 621 0128 8DF80910 		strb	r1, [sp, #9]
 196:Middlewares/MPU6050_Motion_Driver/driver/stm32L/log_stm32.c ****         out[10] = (char)data[1];
 622              		.loc 1 196 9 is_stmt 1 view .LVU229
 623              		.loc 1 196 17 is_stmt 0 view .LVU230
 624 012c 8DF80A30 		strb	r3, [sp, #10]
ARM GAS  /var/folders/mn/k5wp23016n9dfxcgh9w5nftw0000gn/T//ccnZSQC1.s 			page 16


 197:Middlewares/MPU6050_Motion_Driver/driver/stm32L/log_stm32.c ****         out[11] = (char)(data[2] >> 24);
 625              		.loc 1 197 9 is_stmt 1 view .LVU231
 626              		.loc 1 197 30 is_stmt 0 view .LVU232
 627 0130 9368     		ldr	r3, [r2, #8]
 628              		.loc 1 197 19 view .LVU233
 629 0132 1A0E     		lsrs	r2, r3, #24
 630              	.LVL26:
 631              		.loc 1 197 17 view .LVU234
 632 0134 8DF80B20 		strb	r2, [sp, #11]
 198:Middlewares/MPU6050_Motion_Driver/driver/stm32L/log_stm32.c ****         out[12] = (char)(data[2] >> 16);
 633              		.loc 1 198 9 is_stmt 1 view .LVU235
 634              		.loc 1 198 19 is_stmt 0 view .LVU236
 635 0138 C3F30742 		ubfx	r2, r3, #16, #8
 636              		.loc 1 198 17 view .LVU237
 637 013c 8DF80C20 		strb	r2, [sp, #12]
 199:Middlewares/MPU6050_Motion_Driver/driver/stm32L/log_stm32.c ****         out[13] = (char)(data[2] >> 8);
 638              		.loc 1 199 9 is_stmt 1 view .LVU238
 639              		.loc 1 199 19 is_stmt 0 view .LVU239
 640 0140 C3F30722 		ubfx	r2, r3, #8, #8
 641              		.loc 1 199 17 view .LVU240
 642 0144 8DF80D20 		strb	r2, [sp, #13]
 200:Middlewares/MPU6050_Motion_Driver/driver/stm32L/log_stm32.c ****         out[14] = (char)data[2];
 643              		.loc 1 200 9 is_stmt 1 view .LVU241
 644              		.loc 1 200 17 is_stmt 0 view .LVU242
 645 0148 8DF80E30 		strb	r3, [sp, #14]
 201:Middlewares/MPU6050_Motion_Driver/driver/stm32L/log_stm32.c ****         break;
 646              		.loc 1 201 9 is_stmt 1 view .LVU243
 647              	.L32:
 144:Middlewares/MPU6050_Motion_Driver/driver/stm32L/log_stm32.c ****     char out[PACKET_LENGTH];
 648              		.loc 1 144 1 is_stmt 0 discriminator 1 view .LVU244
 649 014c 0024     		movs	r4, #0
 650 014e 16E0     		b	.L33
 651              	.LVL27:
 652              	.L27:
 202:Middlewares/MPU6050_Motion_Driver/driver/stm32L/log_stm32.c ****     case PACKET_DATA_HEADING:
 203:Middlewares/MPU6050_Motion_Driver/driver/stm32L/log_stm32.c ****         out[3] = (char)(data[0] >> 24);
 653              		.loc 1 203 9 is_stmt 1 view .LVU245
 654              		.loc 1 203 29 is_stmt 0 view .LVU246
 655 0150 0B68     		ldr	r3, [r1]
 656              		.loc 1 203 18 view .LVU247
 657 0152 1A0E     		lsrs	r2, r3, #24
 658              		.loc 1 203 16 view .LVU248
 659 0154 8DF80320 		strb	r2, [sp, #3]
 204:Middlewares/MPU6050_Motion_Driver/driver/stm32L/log_stm32.c ****         out[4] = (char)(data[0] >> 16);
 660              		.loc 1 204 9 is_stmt 1 view .LVU249
 661              		.loc 1 204 18 is_stmt 0 view .LVU250
 662 0158 C3F30742 		ubfx	r2, r3, #16, #8
 663              		.loc 1 204 16 view .LVU251
 664 015c 8DF80420 		strb	r2, [sp, #4]
 205:Middlewares/MPU6050_Motion_Driver/driver/stm32L/log_stm32.c ****         out[5] = (char)(data[0] >> 8);
 665              		.loc 1 205 9 is_stmt 1 view .LVU252
 666              		.loc 1 205 18 is_stmt 0 view .LVU253
 667 0160 C3F30722 		ubfx	r2, r3, #8, #8
 668              		.loc 1 205 16 view .LVU254
 669 0164 8DF80520 		strb	r2, [sp, #5]
 206:Middlewares/MPU6050_Motion_Driver/driver/stm32L/log_stm32.c ****         out[6] = (char)data[0];
 670              		.loc 1 206 9 is_stmt 1 view .LVU255
ARM GAS  /var/folders/mn/k5wp23016n9dfxcgh9w5nftw0000gn/T//ccnZSQC1.s 			page 17


 671              		.loc 1 206 16 is_stmt 0 view .LVU256
 672 0168 8DF80630 		strb	r3, [sp, #6]
 207:Middlewares/MPU6050_Motion_Driver/driver/stm32L/log_stm32.c ****         break;
 673              		.loc 1 207 9 is_stmt 1 view .LVU257
 674 016c EEE7     		b	.L32
 675              	.LVL28:
 676              	.L34:
 208:Middlewares/MPU6050_Motion_Driver/driver/stm32L/log_stm32.c ****     default:
 209:Middlewares/MPU6050_Motion_Driver/driver/stm32L/log_stm32.c ****         return;
 210:Middlewares/MPU6050_Motion_Driver/driver/stm32L/log_stm32.c ****     }
 211:Middlewares/MPU6050_Motion_Driver/driver/stm32L/log_stm32.c ****     for (i=0; i<PACKET_LENGTH; i++) {
 212:Middlewares/MPU6050_Motion_Driver/driver/stm32L/log_stm32.c ****       // fputc(out[i]);
 213:Middlewares/MPU6050_Motion_Driver/driver/stm32L/log_stm32.c ****          HAL_UART_Transmit(&UART1_Handler, (uint8_t *)out+i, 1, 0x10);
 677              		.loc 1 213 10 discriminator 3 view .LVU258
 678 016e 1023     		movs	r3, #16
 679 0170 0122     		movs	r2, #1
 680 0172 0DEB0401 		add	r1, sp, r4
 681 0176 0448     		ldr	r0, .L42
 682 0178 FFF7FEFF 		bl	HAL_UART_Transmit
 683              	.LVL29:
 211:Middlewares/MPU6050_Motion_Driver/driver/stm32L/log_stm32.c ****       // fputc(out[i]);
 684              		.loc 1 211 33 discriminator 3 view .LVU259
 685 017c 0134     		adds	r4, r4, #1
 686              	.LVL30:
 687              	.L33:
 211:Middlewares/MPU6050_Motion_Driver/driver/stm32L/log_stm32.c ****       // fputc(out[i]);
 688              		.loc 1 211 16 discriminator 1 view .LVU260
 689 017e 162C     		cmp	r4, #22
 690 0180 F5DD     		ble	.L34
 691              	.LVL31:
 692              	.L25:
 214:Middlewares/MPU6050_Motion_Driver/driver/stm32L/log_stm32.c ****     }
 215:Middlewares/MPU6050_Motion_Driver/driver/stm32L/log_stm32.c **** }
 693              		.loc 1 215 1 is_stmt 0 view .LVU261
 694 0182 06B0     		add	sp, sp, #24
 695              	.LCFI13:
 696              		.cfi_def_cfa_offset 8
 697              		@ sp needed
 698 0184 10BD     		pop	{r4, pc}
 699              	.LVL32:
 700              	.L39:
 701              	.LCFI14:
 702              		.cfi_def_cfa_offset 0
 703              		.cfi_restore 4
 704              		.cfi_restore 14
 705              		.loc 1 215 1 view .LVU262
 706 0186 7047     		bx	lr
 707              	.L43:
 708              		.align	2
 709              	.L42:
 710 0188 00000000 		.word	UART1_Handler
 711              		.cfi_endproc
 712              	.LFE222:
 714              		.text
 715              	.Letext0:
 716              		.file 2 "/Users/echo/Development/arm-gnu-toolchain/arm64-arm-none-eabi12/arm-none-eabi/include/mac
 717              		.file 3 "/Users/echo/Development/arm-gnu-toolchain/arm64-arm-none-eabi12/lib/gcc/arm-none-eabi/12.
ARM GAS  /var/folders/mn/k5wp23016n9dfxcgh9w5nftw0000gn/T//ccnZSQC1.s 			page 18


 718              		.file 4 "/Users/echo/Development/arm-gnu-toolchain/arm64-arm-none-eabi12/lib/gcc/arm-none-eabi/12.
 719              		.file 5 "/Users/echo/Development/arm-gnu-toolchain/arm64-arm-none-eabi12/arm-none-eabi/include/std
 720              		.file 6 "/Users/echo/Development/arm-gnu-toolchain/arm64-arm-none-eabi12/arm-none-eabi/include/sys
 721              		.file 7 "Drivers/CMSIS/Device/ST/STM32F4xx/Include/stm32f411xe.h"
 722              		.file 8 "Middlewares/MPU6050_Motion_Driver/driver/stm32L/packet.h"
 723              		.file 9 "Drivers/STM32F4xx_HAL_Driver/Inc/stm32f4xx_hal_def.h"
 724              		.file 10 "Drivers/STM32F4xx_HAL_Driver/Inc/stm32f4xx_hal_dma.h"
 725              		.file 11 "Drivers/STM32F4xx_HAL_Driver/Inc/stm32f4xx_hal_uart.h"
 726              		.file 12 "/Users/echo/Development/arm-gnu-toolchain/arm64-arm-none-eabi12/arm-none-eabi/include/st
 727              		.file 13 "Core/Inc/driver/uart.h"
 728              		.file 14 "<built-in>"
ARM GAS  /var/folders/mn/k5wp23016n9dfxcgh9w5nftw0000gn/T//ccnZSQC1.s 			page 19


DEFINED SYMBOLS
                            *ABS*:00000000 log_stm32.c
/var/folders/mn/k5wp23016n9dfxcgh9w5nftw0000gn/T//ccnZSQC1.s:21     .text._MLPrintLog:00000000 $t
/var/folders/mn/k5wp23016n9dfxcgh9w5nftw0000gn/T//ccnZSQC1.s:27     .text._MLPrintLog:00000000 _MLPrintLog
/var/folders/mn/k5wp23016n9dfxcgh9w5nftw0000gn/T//ccnZSQC1.s:200    .text._MLPrintLog:000000b0 $d
/var/folders/mn/k5wp23016n9dfxcgh9w5nftw0000gn/T//ccnZSQC1.s:205    .text.eMPL_send_quat:00000000 $t
/var/folders/mn/k5wp23016n9dfxcgh9w5nftw0000gn/T//ccnZSQC1.s:211    .text.eMPL_send_quat:00000000 eMPL_send_quat
/var/folders/mn/k5wp23016n9dfxcgh9w5nftw0000gn/T//ccnZSQC1.s:374    .text.eMPL_send_quat:000000bc $d
/var/folders/mn/k5wp23016n9dfxcgh9w5nftw0000gn/T//ccnZSQC1.s:379    .text.eMPL_send_data:00000000 $t
/var/folders/mn/k5wp23016n9dfxcgh9w5nftw0000gn/T//ccnZSQC1.s:385    .text.eMPL_send_data:00000000 eMPL_send_data
/var/folders/mn/k5wp23016n9dfxcgh9w5nftw0000gn/T//ccnZSQC1.s:440    .text.eMPL_send_data:00000042 $d
/var/folders/mn/k5wp23016n9dfxcgh9w5nftw0000gn/T//ccnZSQC1.s:710    .text.eMPL_send_data:00000188 $d
/var/folders/mn/k5wp23016n9dfxcgh9w5nftw0000gn/T//ccnZSQC1.s:447    .text.eMPL_send_data:00000049 $d
/var/folders/mn/k5wp23016n9dfxcgh9w5nftw0000gn/T//ccnZSQC1.s:447    .text.eMPL_send_data:0000004a $t

UNDEFINED SYMBOLS
vsprintf
HAL_UART_Transmit
memcpy
UART1_Handler
