ARM GAS  /var/folders/mn/k5wp23016n9dfxcgh9w5nftw0000gn/T//ccedcAXv.s 			page 1


   1              		.cpu cortex-m4
   2              		.arch armv7e-m
   3              		.fpu fpv4-sp-d16
   4              		.eabi_attribute 27, 1
   5              		.eabi_attribute 28, 1
   6              		.eabi_attribute 20, 1
   7              		.eabi_attribute 21, 1
   8              		.eabi_attribute 23, 3
   9              		.eabi_attribute 24, 1
  10              		.eabi_attribute 25, 1
  11              		.eabi_attribute 26, 1
  12              		.eabi_attribute 30, 1
  13              		.eabi_attribute 34, 1
  14              		.eabi_attribute 18, 4
  15              		.file	"mpu6050_init.c"
  16              		.text
  17              	.Ltext0:
  18              		.cfi_sections	.debug_frame
  19              		.file 1 "Middlewares/MPU6050_Motion_Driver/porting/mpu6050_init.c"
  20              		.section	.text.mpu6050_wirte_byte,"ax",%progbits
  21              		.align	1
  22              		.global	mpu6050_wirte_byte
  23              		.syntax unified
  24              		.thumb
  25              		.thumb_func
  27              	mpu6050_wirte_byte:
  28              	.LVL0:
  29              	.LFB224:
   1:Middlewares/MPU6050_Motion_Driver/porting/mpu6050_init.c **** #include "mpu6050_init.h"
   2:Middlewares/MPU6050_Motion_Driver/porting/mpu6050_init.c **** #include "STM32F4_porting.h"
   3:Middlewares/MPU6050_Motion_Driver/porting/mpu6050_init.c **** #include <stdint.h>
   4:Middlewares/MPU6050_Motion_Driver/porting/mpu6050_init.c **** #include <stdio.h>
   5:Middlewares/MPU6050_Motion_Driver/porting/mpu6050_init.c **** #include "FreeRTOS.h"
   6:Middlewares/MPU6050_Motion_Driver/porting/mpu6050_init.c **** #include "stm32f4xx_hal.h"
   7:Middlewares/MPU6050_Motion_Driver/porting/mpu6050_init.c **** #include "task.h"
   8:Middlewares/MPU6050_Motion_Driver/porting/mpu6050_init.c **** #include "inv_mpu.h"
   9:Middlewares/MPU6050_Motion_Driver/porting/mpu6050_init.c **** #include "eMPL_outputs.h"
  10:Middlewares/MPU6050_Motion_Driver/porting/mpu6050_init.c **** #define get_tick_count get_ms_user
  11:Middlewares/MPU6050_Motion_Driver/porting/mpu6050_init.c **** 
  12:Middlewares/MPU6050_Motion_Driver/porting/mpu6050_init.c **** IMU_Result_data IMU_Result;
  13:Middlewares/MPU6050_Motion_Driver/porting/mpu6050_init.c **** 
  14:Middlewares/MPU6050_Motion_Driver/porting/mpu6050_init.c **** uint8_t mpu6050_wirte_byte(uint8_t addr, uint8_t reg, uint8_t dat)
  15:Middlewares/MPU6050_Motion_Driver/porting/mpu6050_init.c **** {
  30              		.loc 1 15 1 view -0
  31              		.cfi_startproc
  32              		@ args = 0, pretend = 0, frame = 8
  33              		@ frame_needed = 0, uses_anonymous_args = 0
  34              		.loc 1 15 1 is_stmt 0 view .LVU1
  35 0000 00B5     		push	{lr}
  36              	.LCFI0:
  37              		.cfi_def_cfa_offset 4
  38              		.cfi_offset 14, -4
  39 0002 83B0     		sub	sp, sp, #12
  40              	.LCFI1:
  41              		.cfi_def_cfa_offset 16
  42 0004 8DF80720 		strb	r2, [sp, #7]
  16:Middlewares/MPU6050_Motion_Driver/porting/mpu6050_init.c ****   return Sensors_I2C_WriteRegister(addr, reg, 1, &dat);
ARM GAS  /var/folders/mn/k5wp23016n9dfxcgh9w5nftw0000gn/T//ccedcAXv.s 			page 2


  43              		.loc 1 16 3 is_stmt 1 view .LVU2
  44              		.loc 1 16 10 is_stmt 0 view .LVU3
  45 0008 0DF10703 		add	r3, sp, #7
  46 000c 0122     		movs	r2, #1
  47              	.LVL1:
  48              		.loc 1 16 10 view .LVU4
  49 000e FFF7FEFF 		bl	Sensors_I2C_WriteRegister
  50              	.LVL2:
  17:Middlewares/MPU6050_Motion_Driver/porting/mpu6050_init.c **** }
  51              		.loc 1 17 1 view .LVU5
  52 0012 C0B2     		uxtb	r0, r0
  53 0014 03B0     		add	sp, sp, #12
  54              	.LCFI2:
  55              		.cfi_def_cfa_offset 4
  56              		@ sp needed
  57 0016 5DF804FB 		ldr	pc, [sp], #4
  58              		.cfi_endproc
  59              	.LFE224:
  61              		.section	.text.mpu6050_read_byte,"ax",%progbits
  62              		.align	1
  63              		.global	mpu6050_read_byte
  64              		.syntax unified
  65              		.thumb
  66              		.thumb_func
  68              	mpu6050_read_byte:
  69              	.LVL3:
  70              	.LFB225:
  18:Middlewares/MPU6050_Motion_Driver/porting/mpu6050_init.c **** 
  19:Middlewares/MPU6050_Motion_Driver/porting/mpu6050_init.c **** uint8_t mpu6050_read_byte(uint8_t addr, uint8_t reg, uint8_t *dat)
  20:Middlewares/MPU6050_Motion_Driver/porting/mpu6050_init.c **** {
  71              		.loc 1 20 1 is_stmt 1 view -0
  72              		.cfi_startproc
  73              		@ args = 0, pretend = 0, frame = 0
  74              		@ frame_needed = 0, uses_anonymous_args = 0
  75              		.loc 1 20 1 is_stmt 0 view .LVU7
  76 0000 08B5     		push	{r3, lr}
  77              	.LCFI3:
  78              		.cfi_def_cfa_offset 8
  79              		.cfi_offset 3, -8
  80              		.cfi_offset 14, -4
  81 0002 1346     		mov	r3, r2
  21:Middlewares/MPU6050_Motion_Driver/porting/mpu6050_init.c ****   return Sensors_I2C_ReadRegister(addr, reg, 1, dat);
  82              		.loc 1 21 3 is_stmt 1 view .LVU8
  83              		.loc 1 21 10 is_stmt 0 view .LVU9
  84 0004 0122     		movs	r2, #1
  85              	.LVL4:
  86              		.loc 1 21 10 view .LVU10
  87 0006 FFF7FEFF 		bl	Sensors_I2C_ReadRegister
  88              	.LVL5:
  22:Middlewares/MPU6050_Motion_Driver/porting/mpu6050_init.c **** }
  89              		.loc 1 22 1 view .LVU11
  90 000a C0B2     		uxtb	r0, r0
  91 000c 08BD     		pop	{r3, pc}
  92              		.cfi_endproc
  93              	.LFE225:
  95              		.section	.text.mpu6050_sw_reset,"ax",%progbits
  96              		.align	1
ARM GAS  /var/folders/mn/k5wp23016n9dfxcgh9w5nftw0000gn/T//ccedcAXv.s 			page 3


  97              		.global	mpu6050_sw_reset
  98              		.syntax unified
  99              		.thumb
 100              		.thumb_func
 102              	mpu6050_sw_reset:
 103              	.LFB226:
  23:Middlewares/MPU6050_Motion_Driver/porting/mpu6050_init.c **** 
  24:Middlewares/MPU6050_Motion_Driver/porting/mpu6050_init.c **** void mpu6050_sw_reset(void)
  25:Middlewares/MPU6050_Motion_Driver/porting/mpu6050_init.c **** {
 104              		.loc 1 25 1 is_stmt 1 view -0
 105              		.cfi_startproc
 106              		@ args = 0, pretend = 0, frame = 0
 107              		@ frame_needed = 0, uses_anonymous_args = 0
 108 0000 08B5     		push	{r3, lr}
 109              	.LCFI4:
 110              		.cfi_def_cfa_offset 8
 111              		.cfi_offset 3, -8
 112              		.cfi_offset 14, -4
  26:Middlewares/MPU6050_Motion_Driver/porting/mpu6050_init.c ****   mpu6050_wirte_byte(ATK_MS6050_IIC_ADDR, MPU_PWR_MGMT1_REG, 0x80);
 113              		.loc 1 26 3 view .LVU13
 114 0002 8022     		movs	r2, #128
 115 0004 6B21     		movs	r1, #107
 116 0006 6820     		movs	r0, #104
 117 0008 FFF7FEFF 		bl	mpu6050_wirte_byte
 118              	.LVL6:
  27:Middlewares/MPU6050_Motion_Driver/porting/mpu6050_init.c ****   HAL_Delay(100);
 119              		.loc 1 27 3 view .LVU14
 120 000c 6420     		movs	r0, #100
 121 000e FFF7FEFF 		bl	HAL_Delay
 122              	.LVL7:
  28:Middlewares/MPU6050_Motion_Driver/porting/mpu6050_init.c ****   mpu6050_wirte_byte(ATK_MS6050_IIC_ADDR, MPU_PWR_MGMT1_REG, 0x00);
 123              		.loc 1 28 3 view .LVU15
 124 0012 0022     		movs	r2, #0
 125 0014 6B21     		movs	r1, #107
 126 0016 6820     		movs	r0, #104
 127 0018 FFF7FEFF 		bl	mpu6050_wirte_byte
 128              	.LVL8:
  29:Middlewares/MPU6050_Motion_Driver/porting/mpu6050_init.c **** 
  30:Middlewares/MPU6050_Motion_Driver/porting/mpu6050_init.c **** }
 129              		.loc 1 30 1 is_stmt 0 view .LVU16
 130 001c 08BD     		pop	{r3, pc}
 131              		.cfi_endproc
 132              	.LFE226:
 134              		.section	.text.mpu6050_set_gyro_fsr,"ax",%progbits
 135              		.align	1
 136              		.global	mpu6050_set_gyro_fsr
 137              		.syntax unified
 138              		.thumb
 139              		.thumb_func
 141              	mpu6050_set_gyro_fsr:
 142              	.LVL9:
 143              	.LFB227:
  31:Middlewares/MPU6050_Motion_Driver/porting/mpu6050_init.c **** 
  32:Middlewares/MPU6050_Motion_Driver/porting/mpu6050_init.c **** uint8_t mpu6050_set_gyro_fsr(uint8_t fsr)
  33:Middlewares/MPU6050_Motion_Driver/porting/mpu6050_init.c **** {
 144              		.loc 1 33 1 is_stmt 1 view -0
 145              		.cfi_startproc
ARM GAS  /var/folders/mn/k5wp23016n9dfxcgh9w5nftw0000gn/T//ccedcAXv.s 			page 4


 146              		@ args = 0, pretend = 0, frame = 0
 147              		@ frame_needed = 0, uses_anonymous_args = 0
 148              		.loc 1 33 1 is_stmt 0 view .LVU18
 149 0000 08B5     		push	{r3, lr}
 150              	.LCFI5:
 151              		.cfi_def_cfa_offset 8
 152              		.cfi_offset 3, -8
 153              		.cfi_offset 14, -4
  34:Middlewares/MPU6050_Motion_Driver/porting/mpu6050_init.c ****   return mpu6050_wirte_byte(ATK_MS6050_IIC_ADDR, MPU_GYRO_CFG_REG, fsr << 3);
 154              		.loc 1 34 3 is_stmt 1 view .LVU19
 155              		.loc 1 34 10 is_stmt 0 view .LVU20
 156 0002 C200     		lsls	r2, r0, #3
 157 0004 02F0F802 		and	r2, r2, #248
 158 0008 1B21     		movs	r1, #27
 159 000a 6820     		movs	r0, #104
 160              	.LVL10:
 161              		.loc 1 34 10 view .LVU21
 162 000c FFF7FEFF 		bl	mpu6050_wirte_byte
 163              	.LVL11:
  35:Middlewares/MPU6050_Motion_Driver/porting/mpu6050_init.c **** }
 164              		.loc 1 35 1 view .LVU22
 165 0010 08BD     		pop	{r3, pc}
 166              		.cfi_endproc
 167              	.LFE227:
 169              		.section	.text.mpu6050_set_accel_fsr,"ax",%progbits
 170              		.align	1
 171              		.global	mpu6050_set_accel_fsr
 172              		.syntax unified
 173              		.thumb
 174              		.thumb_func
 176              	mpu6050_set_accel_fsr:
 177              	.LVL12:
 178              	.LFB228:
  36:Middlewares/MPU6050_Motion_Driver/porting/mpu6050_init.c **** 
  37:Middlewares/MPU6050_Motion_Driver/porting/mpu6050_init.c **** uint8_t mpu6050_set_accel_fsr(uint8_t fsr)
  38:Middlewares/MPU6050_Motion_Driver/porting/mpu6050_init.c **** {
 179              		.loc 1 38 1 is_stmt 1 view -0
 180              		.cfi_startproc
 181              		@ args = 0, pretend = 0, frame = 0
 182              		@ frame_needed = 0, uses_anonymous_args = 0
 183              		.loc 1 38 1 is_stmt 0 view .LVU24
 184 0000 08B5     		push	{r3, lr}
 185              	.LCFI6:
 186              		.cfi_def_cfa_offset 8
 187              		.cfi_offset 3, -8
 188              		.cfi_offset 14, -4
  39:Middlewares/MPU6050_Motion_Driver/porting/mpu6050_init.c ****   return mpu6050_wirte_byte(ATK_MS6050_IIC_ADDR, MPU_ACCEL_CFG_REG, fsr << 3);
 189              		.loc 1 39 3 is_stmt 1 view .LVU25
 190              		.loc 1 39 10 is_stmt 0 view .LVU26
 191 0002 C200     		lsls	r2, r0, #3
 192 0004 02F0F802 		and	r2, r2, #248
 193 0008 1C21     		movs	r1, #28
 194 000a 6820     		movs	r0, #104
 195              	.LVL13:
 196              		.loc 1 39 10 view .LVU27
 197 000c FFF7FEFF 		bl	mpu6050_wirte_byte
 198              	.LVL14:
ARM GAS  /var/folders/mn/k5wp23016n9dfxcgh9w5nftw0000gn/T//ccedcAXv.s 			page 5


  40:Middlewares/MPU6050_Motion_Driver/porting/mpu6050_init.c **** }
 199              		.loc 1 40 1 view .LVU28
 200 0010 08BD     		pop	{r3, pc}
 201              		.cfi_endproc
 202              	.LFE228:
 204              		.section	.text.mpu6050_set_lpf,"ax",%progbits
 205              		.align	1
 206              		.global	mpu6050_set_lpf
 207              		.syntax unified
 208              		.thumb
 209              		.thumb_func
 211              	mpu6050_set_lpf:
 212              	.LVL15:
 213              	.LFB229:
  41:Middlewares/MPU6050_Motion_Driver/porting/mpu6050_init.c **** 
  42:Middlewares/MPU6050_Motion_Driver/porting/mpu6050_init.c **** uint8_t mpu6050_set_lpf(uint16_t lpf)
  43:Middlewares/MPU6050_Motion_Driver/porting/mpu6050_init.c **** {
 214              		.loc 1 43 1 is_stmt 1 view -0
 215              		.cfi_startproc
 216              		@ args = 0, pretend = 0, frame = 0
 217              		@ frame_needed = 0, uses_anonymous_args = 0
 218              		.loc 1 43 1 is_stmt 0 view .LVU30
 219 0000 08B5     		push	{r3, lr}
 220              	.LCFI7:
 221              		.cfi_def_cfa_offset 8
 222              		.cfi_offset 3, -8
 223              		.cfi_offset 14, -4
  44:Middlewares/MPU6050_Motion_Driver/porting/mpu6050_init.c ****   uint8_t dat;
 224              		.loc 1 44 3 is_stmt 1 view .LVU31
  45:Middlewares/MPU6050_Motion_Driver/porting/mpu6050_init.c ****     if (lpf >= 188)
 225              		.loc 1 45 5 view .LVU32
 226              		.loc 1 45 8 is_stmt 0 view .LVU33
 227 0002 BB28     		cmp	r0, #187
 228 0004 09D8     		bhi	.L13
  46:Middlewares/MPU6050_Motion_Driver/porting/mpu6050_init.c ****     {
  47:Middlewares/MPU6050_Motion_Driver/porting/mpu6050_init.c ****         dat = 1;
  48:Middlewares/MPU6050_Motion_Driver/porting/mpu6050_init.c ****     }
  49:Middlewares/MPU6050_Motion_Driver/porting/mpu6050_init.c ****     else if (lpf >= 98)
 229              		.loc 1 49 10 is_stmt 1 view .LVU34
 230              		.loc 1 49 13 is_stmt 0 view .LVU35
 231 0006 6128     		cmp	r0, #97
 232 0008 0DD8     		bhi	.L14
  50:Middlewares/MPU6050_Motion_Driver/porting/mpu6050_init.c ****     {
  51:Middlewares/MPU6050_Motion_Driver/porting/mpu6050_init.c ****         dat = 2;
  52:Middlewares/MPU6050_Motion_Driver/porting/mpu6050_init.c ****     }
  53:Middlewares/MPU6050_Motion_Driver/porting/mpu6050_init.c ****     else if (lpf >= 42)
 233              		.loc 1 53 10 is_stmt 1 view .LVU36
 234              		.loc 1 53 13 is_stmt 0 view .LVU37
 235 000a 2928     		cmp	r0, #41
 236 000c 0DD8     		bhi	.L15
  54:Middlewares/MPU6050_Motion_Driver/porting/mpu6050_init.c ****     {
  55:Middlewares/MPU6050_Motion_Driver/porting/mpu6050_init.c ****         dat = 3;
  56:Middlewares/MPU6050_Motion_Driver/porting/mpu6050_init.c ****     }
  57:Middlewares/MPU6050_Motion_Driver/porting/mpu6050_init.c ****     else if (lpf >= 20)
 237              		.loc 1 57 10 is_stmt 1 view .LVU38
 238              		.loc 1 57 13 is_stmt 0 view .LVU39
 239 000e 1328     		cmp	r0, #19
ARM GAS  /var/folders/mn/k5wp23016n9dfxcgh9w5nftw0000gn/T//ccedcAXv.s 			page 6


 240 0010 0DD8     		bhi	.L16
  58:Middlewares/MPU6050_Motion_Driver/porting/mpu6050_init.c ****     {
  59:Middlewares/MPU6050_Motion_Driver/porting/mpu6050_init.c ****         dat = 4;
  60:Middlewares/MPU6050_Motion_Driver/porting/mpu6050_init.c ****     }
  61:Middlewares/MPU6050_Motion_Driver/porting/mpu6050_init.c ****     else if (lpf >= 10)
 241              		.loc 1 61 10 is_stmt 1 view .LVU40
 242              		.loc 1 61 13 is_stmt 0 view .LVU41
 243 0012 0928     		cmp	r0, #9
 244 0014 0DD9     		bls	.L17
  62:Middlewares/MPU6050_Motion_Driver/porting/mpu6050_init.c ****     {
  63:Middlewares/MPU6050_Motion_Driver/porting/mpu6050_init.c ****         dat = 5;
 245              		.loc 1 63 13 view .LVU42
 246 0016 0522     		movs	r2, #5
 247 0018 00E0     		b	.L12
 248              	.L13:
  47:Middlewares/MPU6050_Motion_Driver/porting/mpu6050_init.c ****     }
 249              		.loc 1 47 13 view .LVU43
 250 001a 0122     		movs	r2, #1
 251              	.L12:
 252              	.LVL16:
  64:Middlewares/MPU6050_Motion_Driver/porting/mpu6050_init.c ****     }
  65:Middlewares/MPU6050_Motion_Driver/porting/mpu6050_init.c ****     else
  66:Middlewares/MPU6050_Motion_Driver/porting/mpu6050_init.c ****     {
  67:Middlewares/MPU6050_Motion_Driver/porting/mpu6050_init.c ****         dat = 6;
  68:Middlewares/MPU6050_Motion_Driver/porting/mpu6050_init.c ****     }
  69:Middlewares/MPU6050_Motion_Driver/porting/mpu6050_init.c ****   return mpu6050_wirte_byte(ATK_MS6050_IIC_ADDR, MPU_CFG_REG, dat);
 253              		.loc 1 69 3 is_stmt 1 view .LVU44
 254              		.loc 1 69 10 is_stmt 0 view .LVU45
 255 001c 1A21     		movs	r1, #26
 256 001e 6820     		movs	r0, #104
 257              	.LVL17:
 258              		.loc 1 69 10 view .LVU46
 259 0020 FFF7FEFF 		bl	mpu6050_wirte_byte
 260              	.LVL18:
  70:Middlewares/MPU6050_Motion_Driver/porting/mpu6050_init.c **** }
 261              		.loc 1 70 1 view .LVU47
 262 0024 08BD     		pop	{r3, pc}
 263              	.LVL19:
 264              	.L14:
  51:Middlewares/MPU6050_Motion_Driver/porting/mpu6050_init.c ****     }
 265              		.loc 1 51 13 view .LVU48
 266 0026 0222     		movs	r2, #2
 267 0028 F8E7     		b	.L12
 268              	.L15:
  55:Middlewares/MPU6050_Motion_Driver/porting/mpu6050_init.c ****     }
 269              		.loc 1 55 13 view .LVU49
 270 002a 0322     		movs	r2, #3
 271 002c F6E7     		b	.L12
 272              	.L16:
  59:Middlewares/MPU6050_Motion_Driver/porting/mpu6050_init.c ****     }
 273              		.loc 1 59 13 view .LVU50
 274 002e 0422     		movs	r2, #4
 275 0030 F4E7     		b	.L12
 276              	.L17:
  67:Middlewares/MPU6050_Motion_Driver/porting/mpu6050_init.c ****     }
 277              		.loc 1 67 13 view .LVU51
 278 0032 0622     		movs	r2, #6
ARM GAS  /var/folders/mn/k5wp23016n9dfxcgh9w5nftw0000gn/T//ccedcAXv.s 			page 7


 279 0034 F2E7     		b	.L12
 280              		.cfi_endproc
 281              	.LFE229:
 283              		.section	.text.mpu6050_set_rate,"ax",%progbits
 284              		.align	1
 285              		.global	mpu6050_set_rate
 286              		.syntax unified
 287              		.thumb
 288              		.thumb_func
 290              	mpu6050_set_rate:
 291              	.LVL20:
 292              	.LFB230:
  71:Middlewares/MPU6050_Motion_Driver/porting/mpu6050_init.c **** 
  72:Middlewares/MPU6050_Motion_Driver/porting/mpu6050_init.c **** uint8_t mpu6050_set_rate(uint16_t rate)
  73:Middlewares/MPU6050_Motion_Driver/porting/mpu6050_init.c **** {
 293              		.loc 1 73 1 is_stmt 1 view -0
 294              		.cfi_startproc
 295              		@ args = 0, pretend = 0, frame = 0
 296              		@ frame_needed = 0, uses_anonymous_args = 0
 297              		.loc 1 73 1 is_stmt 0 view .LVU53
 298 0000 10B5     		push	{r4, lr}
 299              	.LCFI8:
 300              		.cfi_def_cfa_offset 8
 301              		.cfi_offset 4, -8
 302              		.cfi_offset 14, -4
  74:Middlewares/MPU6050_Motion_Driver/porting/mpu6050_init.c ****     uint8_t ret;
 303              		.loc 1 74 5 is_stmt 1 view .LVU54
  75:Middlewares/MPU6050_Motion_Driver/porting/mpu6050_init.c ****     uint8_t dat;
 304              		.loc 1 75 5 view .LVU55
  76:Middlewares/MPU6050_Motion_Driver/porting/mpu6050_init.c ****     
  77:Middlewares/MPU6050_Motion_Driver/porting/mpu6050_init.c ****     if (rate > 1000)
 305              		.loc 1 77 5 view .LVU56
 306              		.loc 1 77 8 is_stmt 0 view .LVU57
 307 0002 B0F57A7F 		cmp	r0, #1000
 308 0006 04D8     		bhi	.L22
 309 0008 0446     		mov	r4, r0
  78:Middlewares/MPU6050_Motion_Driver/porting/mpu6050_init.c ****     {
  79:Middlewares/MPU6050_Motion_Driver/porting/mpu6050_init.c ****         rate = 1000;
  80:Middlewares/MPU6050_Motion_Driver/porting/mpu6050_init.c ****     }
  81:Middlewares/MPU6050_Motion_Driver/porting/mpu6050_init.c ****     
  82:Middlewares/MPU6050_Motion_Driver/porting/mpu6050_init.c ****     if (rate < 4)
 310              		.loc 1 82 5 is_stmt 1 view .LVU58
 311              		.loc 1 82 8 is_stmt 0 view .LVU59
 312 000a 0328     		cmp	r0, #3
 313 000c 03D8     		bhi	.L20
  83:Middlewares/MPU6050_Motion_Driver/porting/mpu6050_init.c ****     {
  84:Middlewares/MPU6050_Motion_Driver/porting/mpu6050_init.c ****         rate = 4;
 314              		.loc 1 84 14 view .LVU60
 315 000e 0424     		movs	r4, #4
 316 0010 01E0     		b	.L20
 317              	.L22:
  79:Middlewares/MPU6050_Motion_Driver/porting/mpu6050_init.c ****     }
 318              		.loc 1 79 14 view .LVU61
 319 0012 4FF47A74 		mov	r4, #1000
 320              	.L20:
 321              	.LVL21:
  85:Middlewares/MPU6050_Motion_Driver/porting/mpu6050_init.c ****     }
ARM GAS  /var/folders/mn/k5wp23016n9dfxcgh9w5nftw0000gn/T//ccedcAXv.s 			page 8


  86:Middlewares/MPU6050_Motion_Driver/porting/mpu6050_init.c ****     
  87:Middlewares/MPU6050_Motion_Driver/porting/mpu6050_init.c ****     dat = 1000 / rate - 1;
 322              		.loc 1 87 5 is_stmt 1 view .LVU62
 323              		.loc 1 87 16 is_stmt 0 view .LVU63
 324 0016 4FF47A72 		mov	r2, #1000
 325 001a 92FBF4F2 		sdiv	r2, r2, r4
 326              		.loc 1 87 23 view .LVU64
 327 001e D2B2     		uxtb	r2, r2
 328              		.loc 1 87 9 view .LVU65
 329 0020 013A     		subs	r2, r2, #1
 330              	.LVL22:
  88:Middlewares/MPU6050_Motion_Driver/porting/mpu6050_init.c ****     ret = mpu6050_wirte_byte(ATK_MS6050_IIC_ADDR, MPU_SAMPLE_RATE_REG, dat);
 331              		.loc 1 88 5 is_stmt 1 view .LVU66
 332              		.loc 1 88 11 is_stmt 0 view .LVU67
 333 0022 D2B2     		uxtb	r2, r2
 334              		.loc 1 88 11 view .LVU68
 335 0024 1921     		movs	r1, #25
 336 0026 6820     		movs	r0, #104
 337 0028 FFF7FEFF 		bl	mpu6050_wirte_byte
 338              	.LVL23:
  89:Middlewares/MPU6050_Motion_Driver/porting/mpu6050_init.c ****     if (ret != ATK_MS6050_EOK)
 339              		.loc 1 89 5 is_stmt 1 view .LVU69
 340              		.loc 1 89 8 is_stmt 0 view .LVU70
 341 002c 00B1     		cbz	r0, .L25
 342              	.L21:
  90:Middlewares/MPU6050_Motion_Driver/porting/mpu6050_init.c ****     {
  91:Middlewares/MPU6050_Motion_Driver/porting/mpu6050_init.c ****         return ret;
  92:Middlewares/MPU6050_Motion_Driver/porting/mpu6050_init.c ****     }
  93:Middlewares/MPU6050_Motion_Driver/porting/mpu6050_init.c ****     
  94:Middlewares/MPU6050_Motion_Driver/porting/mpu6050_init.c ****     ret = mpu6050_set_lpf(rate >> 1);
  95:Middlewares/MPU6050_Motion_Driver/porting/mpu6050_init.c ****     if (ret != ATK_MS6050_EOK)
  96:Middlewares/MPU6050_Motion_Driver/porting/mpu6050_init.c ****     {
  97:Middlewares/MPU6050_Motion_Driver/porting/mpu6050_init.c ****         return ret;
  98:Middlewares/MPU6050_Motion_Driver/porting/mpu6050_init.c ****     }
  99:Middlewares/MPU6050_Motion_Driver/porting/mpu6050_init.c ****     
 100:Middlewares/MPU6050_Motion_Driver/porting/mpu6050_init.c ****     return ATK_MS6050_EOK;
 101:Middlewares/MPU6050_Motion_Driver/porting/mpu6050_init.c **** }
 343              		.loc 1 101 1 view .LVU71
 344 002e 10BD     		pop	{r4, pc}
 345              	.LVL24:
 346              	.L25:
  94:Middlewares/MPU6050_Motion_Driver/porting/mpu6050_init.c ****     if (ret != ATK_MS6050_EOK)
 347              		.loc 1 94 5 is_stmt 1 view .LVU72
  94:Middlewares/MPU6050_Motion_Driver/porting/mpu6050_init.c ****     if (ret != ATK_MS6050_EOK)
 348              		.loc 1 94 11 is_stmt 0 view .LVU73
 349 0030 6008     		lsrs	r0, r4, #1
 350              	.LVL25:
  94:Middlewares/MPU6050_Motion_Driver/porting/mpu6050_init.c ****     if (ret != ATK_MS6050_EOK)
 351              		.loc 1 94 11 view .LVU74
 352 0032 FFF7FEFF 		bl	mpu6050_set_lpf
 353              	.LVL26:
  95:Middlewares/MPU6050_Motion_Driver/porting/mpu6050_init.c ****     {
 354              		.loc 1 95 5 is_stmt 1 view .LVU75
 355 0036 FAE7     		b	.L21
 356              		.cfi_endproc
 357              	.LFE230:
 359              		.section	.text.mpu6050_get_temperature,"ax",%progbits
ARM GAS  /var/folders/mn/k5wp23016n9dfxcgh9w5nftw0000gn/T//ccedcAXv.s 			page 9


 360              		.align	1
 361              		.global	mpu6050_get_temperature
 362              		.syntax unified
 363              		.thumb
 364              		.thumb_func
 366              	mpu6050_get_temperature:
 367              	.LVL27:
 368              	.LFB231:
 102:Middlewares/MPU6050_Motion_Driver/porting/mpu6050_init.c **** 
 103:Middlewares/MPU6050_Motion_Driver/porting/mpu6050_init.c **** uint8_t mpu6050_get_temperature(int16_t *temp)
 104:Middlewares/MPU6050_Motion_Driver/porting/mpu6050_init.c **** {
 369              		.loc 1 104 1 view -0
 370              		.cfi_startproc
 371              		@ args = 0, pretend = 0, frame = 8
 372              		@ frame_needed = 0, uses_anonymous_args = 0
 373              		.loc 1 104 1 is_stmt 0 view .LVU77
 374 0000 10B5     		push	{r4, lr}
 375              	.LCFI9:
 376              		.cfi_def_cfa_offset 8
 377              		.cfi_offset 4, -8
 378              		.cfi_offset 14, -4
 379 0002 82B0     		sub	sp, sp, #8
 380              	.LCFI10:
 381              		.cfi_def_cfa_offset 16
 382 0004 0446     		mov	r4, r0
 105:Middlewares/MPU6050_Motion_Driver/porting/mpu6050_init.c ****     uint8_t dat[2];
 383              		.loc 1 105 5 is_stmt 1 view .LVU78
 106:Middlewares/MPU6050_Motion_Driver/porting/mpu6050_init.c ****     uint8_t ret;
 384              		.loc 1 106 5 view .LVU79
 107:Middlewares/MPU6050_Motion_Driver/porting/mpu6050_init.c ****     int16_t raw = 0;
 385              		.loc 1 107 5 view .LVU80
 386              	.LVL28:
 108:Middlewares/MPU6050_Motion_Driver/porting/mpu6050_init.c ****     
 109:Middlewares/MPU6050_Motion_Driver/porting/mpu6050_init.c ****     ret = Sensors_I2C_ReadRegister(ATK_MS6050_IIC_ADDR, MPU_TEMP_OUTH_REG, 2, dat);
 387              		.loc 1 109 5 view .LVU81
 388              		.loc 1 109 11 is_stmt 0 view .LVU82
 389 0006 01AB     		add	r3, sp, #4
 390 0008 0222     		movs	r2, #2
 391 000a 4121     		movs	r1, #65
 392 000c 6820     		movs	r0, #104
 393              	.LVL29:
 394              		.loc 1 109 11 view .LVU83
 395 000e FFF7FEFF 		bl	Sensors_I2C_ReadRegister
 396              	.LVL30:
 110:Middlewares/MPU6050_Motion_Driver/porting/mpu6050_init.c ****     if (ret == ATK_MS6050_EOK)
 397              		.loc 1 110 5 is_stmt 1 view .LVU84
 398              		.loc 1 110 8 is_stmt 0 view .LVU85
 399 0012 10F0FF00 		ands	r0, r0, #255
 400              	.LVL31:
 401              		.loc 1 110 8 view .LVU86
 402 0016 1BD1     		bne	.L27
 111:Middlewares/MPU6050_Motion_Driver/porting/mpu6050_init.c ****     {
 112:Middlewares/MPU6050_Motion_Driver/porting/mpu6050_init.c ****         raw = ((uint16_t)dat[0] << 8) | dat[1];
 403              		.loc 1 112 9 is_stmt 1 view .LVU87
 404              		.loc 1 112 29 is_stmt 0 view .LVU88
 405 0018 9DF80430 		ldrb	r3, [sp, #4]	@ zero_extendqisi2
 406              		.loc 1 112 33 view .LVU89
ARM GAS  /var/folders/mn/k5wp23016n9dfxcgh9w5nftw0000gn/T//ccedcAXv.s 			page 10


 407 001c 1B02     		lsls	r3, r3, #8
 408              		.loc 1 112 39 view .LVU90
 409 001e 1BB2     		sxth	r3, r3
 410              		.loc 1 112 44 view .LVU91
 411 0020 9DF80520 		ldrb	r2, [sp, #5]	@ zero_extendqisi2
 412              		.loc 1 112 13 view .LVU92
 413 0024 1343     		orrs	r3, r3, r2
 414              	.LVL32:
 113:Middlewares/MPU6050_Motion_Driver/porting/mpu6050_init.c ****         *temp = (int16_t)((36.53f + ((float)raw / 340)) * 100);
 415              		.loc 1 113 9 is_stmt 1 view .LVU93
 416              		.loc 1 113 38 is_stmt 0 view .LVU94
 417 0026 07EE903A 		vmov	s15, r3	@ int
 418 002a F8EEE77A 		vcvt.f32.s32	s15, s15
 419              		.loc 1 113 49 view .LVU95
 420 002e DFED096A 		vldr.32	s13, .L29
 421 0032 87EEA67A 		vdiv.f32	s14, s15, s13
 422              		.loc 1 113 35 view .LVU96
 423 0036 DFED087A 		vldr.32	s15, .L29+4
 424 003a 77EE277A 		vadd.f32	s15, s14, s15
 425              		.loc 1 113 57 view .LVU97
 426 003e 9FED077A 		vldr.32	s14, .L29+8
 427 0042 67EE877A 		vmul.f32	s15, s15, s14
 428              		.loc 1 113 17 view .LVU98
 429 0046 FDEEE77A 		vcvt.s32.f32	s15, s15
 430              		.loc 1 113 15 view .LVU99
 431 004a 17EE903A 		vmov	r3, s15	@ int
 432              	.LVL33:
 433              		.loc 1 113 15 view .LVU100
 434 004e 2380     		strh	r3, [r4]	@ movhi
 435              	.LVL34:
 436              	.L27:
 114:Middlewares/MPU6050_Motion_Driver/porting/mpu6050_init.c ****     }
 115:Middlewares/MPU6050_Motion_Driver/porting/mpu6050_init.c ****     
 116:Middlewares/MPU6050_Motion_Driver/porting/mpu6050_init.c ****     return ret;
 437              		.loc 1 116 5 is_stmt 1 view .LVU101
 117:Middlewares/MPU6050_Motion_Driver/porting/mpu6050_init.c **** }
 438              		.loc 1 117 1 is_stmt 0 view .LVU102
 439 0050 02B0     		add	sp, sp, #8
 440              	.LCFI11:
 441              		.cfi_def_cfa_offset 8
 442              		@ sp needed
 443 0052 10BD     		pop	{r4, pc}
 444              	.LVL35:
 445              	.L30:
 446              		.loc 1 117 1 view .LVU103
 447              		.align	2
 448              	.L29:
 449 0054 0000AA43 		.word	1135214592
 450 0058 B81E1242 		.word	1108483768
 451 005c 0000C842 		.word	1120403456
 452              		.cfi_endproc
 453              	.LFE231:
 455              		.section	.text.mpu6050_get_gyroscope,"ax",%progbits
 456              		.align	1
 457              		.global	mpu6050_get_gyroscope
 458              		.syntax unified
 459              		.thumb
ARM GAS  /var/folders/mn/k5wp23016n9dfxcgh9w5nftw0000gn/T//ccedcAXv.s 			page 11


 460              		.thumb_func
 462              	mpu6050_get_gyroscope:
 463              	.LVL36:
 464              	.LFB232:
 118:Middlewares/MPU6050_Motion_Driver/porting/mpu6050_init.c **** 
 119:Middlewares/MPU6050_Motion_Driver/porting/mpu6050_init.c **** /**
 120:Middlewares/MPU6050_Motion_Driver/porting/mpu6050_init.c ****  * @brief       ATK-MS6050获取陀螺仪值
 121:Middlewares/MPU6050_Motion_Driver/porting/mpu6050_init.c ****  * @param       gx，gy，gz: 陀螺仪x、y、z轴的原始度数（带符号）
 122:Middlewares/MPU6050_Motion_Driver/porting/mpu6050_init.c ****  * @retval      ATK_MS6050_EOK : 函数执行成功
 123:Middlewares/MPU6050_Motion_Driver/porting/mpu6050_init.c ****  *              ATK_MS6050_EACK: IIC通讯ACK错误，函数执行失败
 124:Middlewares/MPU6050_Motion_Driver/porting/mpu6050_init.c ****  */
 125:Middlewares/MPU6050_Motion_Driver/porting/mpu6050_init.c **** uint8_t mpu6050_get_gyroscope(int16_t *gx, int16_t *gy, int16_t *gz)
 126:Middlewares/MPU6050_Motion_Driver/porting/mpu6050_init.c **** {
 465              		.loc 1 126 1 is_stmt 1 view -0
 466              		.cfi_startproc
 467              		@ args = 0, pretend = 0, frame = 8
 468              		@ frame_needed = 0, uses_anonymous_args = 0
 469              		.loc 1 126 1 is_stmt 0 view .LVU105
 470 0000 70B5     		push	{r4, r5, r6, lr}
 471              	.LCFI12:
 472              		.cfi_def_cfa_offset 16
 473              		.cfi_offset 4, -16
 474              		.cfi_offset 5, -12
 475              		.cfi_offset 6, -8
 476              		.cfi_offset 14, -4
 477 0002 82B0     		sub	sp, sp, #8
 478              	.LCFI13:
 479              		.cfi_def_cfa_offset 24
 480 0004 0646     		mov	r6, r0
 481 0006 0D46     		mov	r5, r1
 482 0008 1446     		mov	r4, r2
 127:Middlewares/MPU6050_Motion_Driver/porting/mpu6050_init.c ****     uint8_t dat[6];
 483              		.loc 1 127 5 is_stmt 1 view .LVU106
 128:Middlewares/MPU6050_Motion_Driver/porting/mpu6050_init.c ****     uint8_t ret;
 484              		.loc 1 128 5 view .LVU107
 129:Middlewares/MPU6050_Motion_Driver/porting/mpu6050_init.c ****     
 130:Middlewares/MPU6050_Motion_Driver/porting/mpu6050_init.c ****     ret =  Sensors_I2C_ReadRegister(ATK_MS6050_IIC_ADDR, MPU_GYRO_XOUTH_REG, 6, dat);
 485              		.loc 1 130 5 view .LVU108
 486              		.loc 1 130 12 is_stmt 0 view .LVU109
 487 000a 6B46     		mov	r3, sp
 488 000c 0622     		movs	r2, #6
 489              	.LVL37:
 490              		.loc 1 130 12 view .LVU110
 491 000e 4321     		movs	r1, #67
 492              	.LVL38:
 493              		.loc 1 130 12 view .LVU111
 494 0010 6820     		movs	r0, #104
 495              	.LVL39:
 496              		.loc 1 130 12 view .LVU112
 497 0012 FFF7FEFF 		bl	Sensors_I2C_ReadRegister
 498              	.LVL40:
 131:Middlewares/MPU6050_Motion_Driver/porting/mpu6050_init.c ****     if (ret == ATK_MS6050_EOK)
 499              		.loc 1 131 5 is_stmt 1 view .LVU113
 500              		.loc 1 131 8 is_stmt 0 view .LVU114
 501 0016 10F0FF00 		ands	r0, r0, #255
 502              	.LVL41:
 503              		.loc 1 131 8 view .LVU115
ARM GAS  /var/folders/mn/k5wp23016n9dfxcgh9w5nftw0000gn/T//ccedcAXv.s 			page 12


 504 001a 14D1     		bne	.L32
 132:Middlewares/MPU6050_Motion_Driver/porting/mpu6050_init.c ****     {
 133:Middlewares/MPU6050_Motion_Driver/porting/mpu6050_init.c ****         *gx = ((uint16_t)dat[0] << 8) | dat[1];
 505              		.loc 1 133 9 is_stmt 1 view .LVU116
 506              		.loc 1 133 29 is_stmt 0 view .LVU117
 507 001c 9DF80020 		ldrb	r2, [sp]	@ zero_extendqisi2
 508              		.loc 1 133 44 view .LVU118
 509 0020 9DF80130 		ldrb	r3, [sp, #1]	@ zero_extendqisi2
 510              		.loc 1 133 39 view .LVU119
 511 0024 43EA0223 		orr	r3, r3, r2, lsl #8
 512              		.loc 1 133 13 view .LVU120
 513 0028 3380     		strh	r3, [r6]	@ movhi
 134:Middlewares/MPU6050_Motion_Driver/porting/mpu6050_init.c ****         *gy = ((uint16_t)dat[2] << 8) | dat[3];
 514              		.loc 1 134 9 is_stmt 1 view .LVU121
 515              		.loc 1 134 29 is_stmt 0 view .LVU122
 516 002a 9DF80220 		ldrb	r2, [sp, #2]	@ zero_extendqisi2
 517              		.loc 1 134 44 view .LVU123
 518 002e 9DF80330 		ldrb	r3, [sp, #3]	@ zero_extendqisi2
 519              		.loc 1 134 39 view .LVU124
 520 0032 43EA0223 		orr	r3, r3, r2, lsl #8
 521              		.loc 1 134 13 view .LVU125
 522 0036 2B80     		strh	r3, [r5]	@ movhi
 135:Middlewares/MPU6050_Motion_Driver/porting/mpu6050_init.c ****         *gz = ((uint16_t)dat[4] << 8) | dat[5];
 523              		.loc 1 135 9 is_stmt 1 view .LVU126
 524              		.loc 1 135 29 is_stmt 0 view .LVU127
 525 0038 9DF80420 		ldrb	r2, [sp, #4]	@ zero_extendqisi2
 526              		.loc 1 135 44 view .LVU128
 527 003c 9DF80530 		ldrb	r3, [sp, #5]	@ zero_extendqisi2
 528              		.loc 1 135 39 view .LVU129
 529 0040 43EA0223 		orr	r3, r3, r2, lsl #8
 530              		.loc 1 135 13 view .LVU130
 531 0044 2380     		strh	r3, [r4]	@ movhi
 532              	.L32:
 136:Middlewares/MPU6050_Motion_Driver/porting/mpu6050_init.c ****     }
 137:Middlewares/MPU6050_Motion_Driver/porting/mpu6050_init.c ****     
 138:Middlewares/MPU6050_Motion_Driver/porting/mpu6050_init.c ****     return ret;
 533              		.loc 1 138 5 is_stmt 1 view .LVU131
 139:Middlewares/MPU6050_Motion_Driver/porting/mpu6050_init.c **** }
 534              		.loc 1 139 1 is_stmt 0 view .LVU132
 535 0046 02B0     		add	sp, sp, #8
 536              	.LCFI14:
 537              		.cfi_def_cfa_offset 16
 538              		@ sp needed
 539 0048 70BD     		pop	{r4, r5, r6, pc}
 540              		.loc 1 139 1 view .LVU133
 541              		.cfi_endproc
 542              	.LFE232:
 544              		.section	.text.mpu6050_get_accelerometer,"ax",%progbits
 545              		.align	1
 546              		.global	mpu6050_get_accelerometer
 547              		.syntax unified
 548              		.thumb
 549              		.thumb_func
 551              	mpu6050_get_accelerometer:
 552              	.LVL42:
 553              	.LFB233:
 140:Middlewares/MPU6050_Motion_Driver/porting/mpu6050_init.c **** 
ARM GAS  /var/folders/mn/k5wp23016n9dfxcgh9w5nftw0000gn/T//ccedcAXv.s 			page 13


 141:Middlewares/MPU6050_Motion_Driver/porting/mpu6050_init.c **** /**
 142:Middlewares/MPU6050_Motion_Driver/porting/mpu6050_init.c ****  * @brief       ATK-MS6050获取加速度值
 143:Middlewares/MPU6050_Motion_Driver/porting/mpu6050_init.c ****  * @param       ax，ay，az: 加速度x、y、z轴的原始度数（带符号）
 144:Middlewares/MPU6050_Motion_Driver/porting/mpu6050_init.c ****  * @retval      ATK_MS6050_EOK : 函数执行成功
 145:Middlewares/MPU6050_Motion_Driver/porting/mpu6050_init.c ****  *              ATK_MS6050_EACK: IIC通讯ACK错误，函数执行失败
 146:Middlewares/MPU6050_Motion_Driver/porting/mpu6050_init.c ****  */
 147:Middlewares/MPU6050_Motion_Driver/porting/mpu6050_init.c **** uint8_t mpu6050_get_accelerometer(int16_t *ax, int16_t *ay, int16_t *az)
 148:Middlewares/MPU6050_Motion_Driver/porting/mpu6050_init.c **** {
 554              		.loc 1 148 1 is_stmt 1 view -0
 555              		.cfi_startproc
 556              		@ args = 0, pretend = 0, frame = 8
 557              		@ frame_needed = 0, uses_anonymous_args = 0
 558              		.loc 1 148 1 is_stmt 0 view .LVU135
 559 0000 70B5     		push	{r4, r5, r6, lr}
 560              	.LCFI15:
 561              		.cfi_def_cfa_offset 16
 562              		.cfi_offset 4, -16
 563              		.cfi_offset 5, -12
 564              		.cfi_offset 6, -8
 565              		.cfi_offset 14, -4
 566 0002 82B0     		sub	sp, sp, #8
 567              	.LCFI16:
 568              		.cfi_def_cfa_offset 24
 569 0004 0646     		mov	r6, r0
 570 0006 0D46     		mov	r5, r1
 571 0008 1446     		mov	r4, r2
 149:Middlewares/MPU6050_Motion_Driver/porting/mpu6050_init.c ****     uint8_t dat[6];
 572              		.loc 1 149 5 is_stmt 1 view .LVU136
 150:Middlewares/MPU6050_Motion_Driver/porting/mpu6050_init.c ****     uint8_t ret;
 573              		.loc 1 150 5 view .LVU137
 151:Middlewares/MPU6050_Motion_Driver/porting/mpu6050_init.c ****     
 152:Middlewares/MPU6050_Motion_Driver/porting/mpu6050_init.c ****     ret =  Sensors_I2C_ReadRegister(ATK_MS6050_IIC_ADDR, MPU_ACCEL_XOUTH_REG, 6, dat);
 574              		.loc 1 152 5 view .LVU138
 575              		.loc 1 152 12 is_stmt 0 view .LVU139
 576 000a 6B46     		mov	r3, sp
 577 000c 0622     		movs	r2, #6
 578              	.LVL43:
 579              		.loc 1 152 12 view .LVU140
 580 000e 3B21     		movs	r1, #59
 581              	.LVL44:
 582              		.loc 1 152 12 view .LVU141
 583 0010 6820     		movs	r0, #104
 584              	.LVL45:
 585              		.loc 1 152 12 view .LVU142
 586 0012 FFF7FEFF 		bl	Sensors_I2C_ReadRegister
 587              	.LVL46:
 153:Middlewares/MPU6050_Motion_Driver/porting/mpu6050_init.c ****     if (ret == ATK_MS6050_EOK)
 588              		.loc 1 153 5 is_stmt 1 view .LVU143
 589              		.loc 1 153 8 is_stmt 0 view .LVU144
 590 0016 10F0FF00 		ands	r0, r0, #255
 591              	.LVL47:
 592              		.loc 1 153 8 view .LVU145
 593 001a 14D1     		bne	.L35
 154:Middlewares/MPU6050_Motion_Driver/porting/mpu6050_init.c ****     {
 155:Middlewares/MPU6050_Motion_Driver/porting/mpu6050_init.c ****         *ax = ((uint16_t)dat[0] << 8) | dat[1];
 594              		.loc 1 155 9 is_stmt 1 view .LVU146
 595              		.loc 1 155 29 is_stmt 0 view .LVU147
ARM GAS  /var/folders/mn/k5wp23016n9dfxcgh9w5nftw0000gn/T//ccedcAXv.s 			page 14


 596 001c 9DF80020 		ldrb	r2, [sp]	@ zero_extendqisi2
 597              		.loc 1 155 44 view .LVU148
 598 0020 9DF80130 		ldrb	r3, [sp, #1]	@ zero_extendqisi2
 599              		.loc 1 155 39 view .LVU149
 600 0024 43EA0223 		orr	r3, r3, r2, lsl #8
 601              		.loc 1 155 13 view .LVU150
 602 0028 3380     		strh	r3, [r6]	@ movhi
 156:Middlewares/MPU6050_Motion_Driver/porting/mpu6050_init.c ****         *ay = ((uint16_t)dat[2] << 8) | dat[3];
 603              		.loc 1 156 9 is_stmt 1 view .LVU151
 604              		.loc 1 156 29 is_stmt 0 view .LVU152
 605 002a 9DF80220 		ldrb	r2, [sp, #2]	@ zero_extendqisi2
 606              		.loc 1 156 44 view .LVU153
 607 002e 9DF80330 		ldrb	r3, [sp, #3]	@ zero_extendqisi2
 608              		.loc 1 156 39 view .LVU154
 609 0032 43EA0223 		orr	r3, r3, r2, lsl #8
 610              		.loc 1 156 13 view .LVU155
 611 0036 2B80     		strh	r3, [r5]	@ movhi
 157:Middlewares/MPU6050_Motion_Driver/porting/mpu6050_init.c ****         *az = ((uint16_t)dat[4] << 8) | dat[5];
 612              		.loc 1 157 9 is_stmt 1 view .LVU156
 613              		.loc 1 157 29 is_stmt 0 view .LVU157
 614 0038 9DF80420 		ldrb	r2, [sp, #4]	@ zero_extendqisi2
 615              		.loc 1 157 44 view .LVU158
 616 003c 9DF80530 		ldrb	r3, [sp, #5]	@ zero_extendqisi2
 617              		.loc 1 157 39 view .LVU159
 618 0040 43EA0223 		orr	r3, r3, r2, lsl #8
 619              		.loc 1 157 13 view .LVU160
 620 0044 2380     		strh	r3, [r4]	@ movhi
 621              	.L35:
 158:Middlewares/MPU6050_Motion_Driver/porting/mpu6050_init.c ****     }
 159:Middlewares/MPU6050_Motion_Driver/porting/mpu6050_init.c ****     
 160:Middlewares/MPU6050_Motion_Driver/porting/mpu6050_init.c ****     return ret;
 622              		.loc 1 160 5 is_stmt 1 view .LVU161
 161:Middlewares/MPU6050_Motion_Driver/porting/mpu6050_init.c **** }
 623              		.loc 1 161 1 is_stmt 0 view .LVU162
 624 0046 02B0     		add	sp, sp, #8
 625              	.LCFI17:
 626              		.cfi_def_cfa_offset 16
 627              		@ sp needed
 628 0048 70BD     		pop	{r4, r5, r6, pc}
 629              		.loc 1 161 1 view .LVU163
 630              		.cfi_endproc
 631              	.LFE233:
 633              		.global	IMU_Result
 634              		.section	.bss.IMU_Result,"aw",%nobits
 635              		.align	2
 638              	IMU_Result:
 639 0000 00000000 		.space	36
 639      00000000 
 639      00000000 
 639      00000000 
 639      00000000 
 640              		.text
 641              	.Letext0:
 642              		.file 2 "/Users/echo/Development/arm-gnu-toolchain/arm64-arm-none-eabi12/arm-none-eabi/include/mac
 643              		.file 3 "/Users/echo/Development/arm-gnu-toolchain/arm64-arm-none-eabi12/arm-none-eabi/include/sys
 644              		.file 4 "Middlewares/MPU6050_Motion_Driver/porting/mpu6050_init.h"
 645              		.file 5 "Middlewares/MPU6050_Motion_Driver/porting/STM32F4_porting.h"
ARM GAS  /var/folders/mn/k5wp23016n9dfxcgh9w5nftw0000gn/T//ccedcAXv.s 			page 15


 646              		.file 6 "Drivers/STM32F4xx_HAL_Driver/Inc/stm32f4xx_hal.h"
ARM GAS  /var/folders/mn/k5wp23016n9dfxcgh9w5nftw0000gn/T//ccedcAXv.s 			page 16


DEFINED SYMBOLS
                            *ABS*:00000000 mpu6050_init.c
/var/folders/mn/k5wp23016n9dfxcgh9w5nftw0000gn/T//ccedcAXv.s:21     .text.mpu6050_wirte_byte:00000000 $t
/var/folders/mn/k5wp23016n9dfxcgh9w5nftw0000gn/T//ccedcAXv.s:27     .text.mpu6050_wirte_byte:00000000 mpu6050_wirte_byte
/var/folders/mn/k5wp23016n9dfxcgh9w5nftw0000gn/T//ccedcAXv.s:62     .text.mpu6050_read_byte:00000000 $t
/var/folders/mn/k5wp23016n9dfxcgh9w5nftw0000gn/T//ccedcAXv.s:68     .text.mpu6050_read_byte:00000000 mpu6050_read_byte
/var/folders/mn/k5wp23016n9dfxcgh9w5nftw0000gn/T//ccedcAXv.s:96     .text.mpu6050_sw_reset:00000000 $t
/var/folders/mn/k5wp23016n9dfxcgh9w5nftw0000gn/T//ccedcAXv.s:102    .text.mpu6050_sw_reset:00000000 mpu6050_sw_reset
/var/folders/mn/k5wp23016n9dfxcgh9w5nftw0000gn/T//ccedcAXv.s:135    .text.mpu6050_set_gyro_fsr:00000000 $t
/var/folders/mn/k5wp23016n9dfxcgh9w5nftw0000gn/T//ccedcAXv.s:141    .text.mpu6050_set_gyro_fsr:00000000 mpu6050_set_gyro_fsr
/var/folders/mn/k5wp23016n9dfxcgh9w5nftw0000gn/T//ccedcAXv.s:170    .text.mpu6050_set_accel_fsr:00000000 $t
/var/folders/mn/k5wp23016n9dfxcgh9w5nftw0000gn/T//ccedcAXv.s:176    .text.mpu6050_set_accel_fsr:00000000 mpu6050_set_accel_fsr
/var/folders/mn/k5wp23016n9dfxcgh9w5nftw0000gn/T//ccedcAXv.s:205    .text.mpu6050_set_lpf:00000000 $t
/var/folders/mn/k5wp23016n9dfxcgh9w5nftw0000gn/T//ccedcAXv.s:211    .text.mpu6050_set_lpf:00000000 mpu6050_set_lpf
/var/folders/mn/k5wp23016n9dfxcgh9w5nftw0000gn/T//ccedcAXv.s:284    .text.mpu6050_set_rate:00000000 $t
/var/folders/mn/k5wp23016n9dfxcgh9w5nftw0000gn/T//ccedcAXv.s:290    .text.mpu6050_set_rate:00000000 mpu6050_set_rate
/var/folders/mn/k5wp23016n9dfxcgh9w5nftw0000gn/T//ccedcAXv.s:360    .text.mpu6050_get_temperature:00000000 $t
/var/folders/mn/k5wp23016n9dfxcgh9w5nftw0000gn/T//ccedcAXv.s:366    .text.mpu6050_get_temperature:00000000 mpu6050_get_temperature
/var/folders/mn/k5wp23016n9dfxcgh9w5nftw0000gn/T//ccedcAXv.s:449    .text.mpu6050_get_temperature:00000054 $d
/var/folders/mn/k5wp23016n9dfxcgh9w5nftw0000gn/T//ccedcAXv.s:456    .text.mpu6050_get_gyroscope:00000000 $t
/var/folders/mn/k5wp23016n9dfxcgh9w5nftw0000gn/T//ccedcAXv.s:462    .text.mpu6050_get_gyroscope:00000000 mpu6050_get_gyroscope
/var/folders/mn/k5wp23016n9dfxcgh9w5nftw0000gn/T//ccedcAXv.s:545    .text.mpu6050_get_accelerometer:00000000 $t
/var/folders/mn/k5wp23016n9dfxcgh9w5nftw0000gn/T//ccedcAXv.s:551    .text.mpu6050_get_accelerometer:00000000 mpu6050_get_accelerometer
/var/folders/mn/k5wp23016n9dfxcgh9w5nftw0000gn/T//ccedcAXv.s:638    .bss.IMU_Result:00000000 IMU_Result
/var/folders/mn/k5wp23016n9dfxcgh9w5nftw0000gn/T//ccedcAXv.s:635    .bss.IMU_Result:00000000 $d

UNDEFINED SYMBOLS
Sensors_I2C_WriteRegister
Sensors_I2C_ReadRegister
HAL_Delay
