ARM GAS  /var/folders/mn/k5wp23016n9dfxcgh9w5nftw0000gn/T//ccXPTLff.s 			page 1


   1              		.cpu cortex-m4
   2              		.arch armv7e-m
   3              		.fpu fpv4-sp-d16
   4              		.eabi_attribute 27, 1
   5              		.eabi_attribute 28, 1
   6              		.eabi_attribute 20, 1
   7              		.eabi_attribute 21, 1
   8              		.eabi_attribute 23, 3
   9              		.eabi_attribute 24, 1
  10              		.eabi_attribute 25, 1
  11              		.eabi_attribute 26, 1
  12              		.eabi_attribute 30, 1
  13              		.eabi_attribute 34, 1
  14              		.eabi_attribute 18, 4
  15              		.file	"start_manager.c"
  16              		.text
  17              	.Ltext0:
  18              		.cfi_sections	.debug_frame
  19              		.file 1 "Middlewares/MPU6050_Motion_Driver/mllite/start_manager.c"
  20              		.section	.text.inv_init_start_manager,"ax",%progbits
  21              		.align	1
  22              		.global	inv_init_start_manager
  23              		.syntax unified
  24              		.thumb
  25              		.thumb_func
  27              	inv_init_start_manager:
  28              	.LFB1:
   1:Middlewares/MPU6050_Motion_Driver/mllite/start_manager.c **** /*
   2:Middlewares/MPU6050_Motion_Driver/mllite/start_manager.c ****  $License:
   3:Middlewares/MPU6050_Motion_Driver/mllite/start_manager.c ****     Copyright (C) 2011-2012 InvenSense Corporation, All Rights Reserved.
   4:Middlewares/MPU6050_Motion_Driver/mllite/start_manager.c ****     See included License.txt for License information.
   5:Middlewares/MPU6050_Motion_Driver/mllite/start_manager.c ****  $
   6:Middlewares/MPU6050_Motion_Driver/mllite/start_manager.c ****  */
   7:Middlewares/MPU6050_Motion_Driver/mllite/start_manager.c **** 
   8:Middlewares/MPU6050_Motion_Driver/mllite/start_manager.c **** /*******************************************************************************
   9:Middlewares/MPU6050_Motion_Driver/mllite/start_manager.c ****  *
  10:Middlewares/MPU6050_Motion_Driver/mllite/start_manager.c ****  * $Id:$
  11:Middlewares/MPU6050_Motion_Driver/mllite/start_manager.c ****  *
  12:Middlewares/MPU6050_Motion_Driver/mllite/start_manager.c ****  ******************************************************************************/
  13:Middlewares/MPU6050_Motion_Driver/mllite/start_manager.c **** /**
  14:Middlewares/MPU6050_Motion_Driver/mllite/start_manager.c ****  *   @defgroup  Start_Manager start_manager
  15:Middlewares/MPU6050_Motion_Driver/mllite/start_manager.c ****  *   @brief     Motion Library - Start Manager
  16:Middlewares/MPU6050_Motion_Driver/mllite/start_manager.c ****  *              Start Manager
  17:Middlewares/MPU6050_Motion_Driver/mllite/start_manager.c ****  *
  18:Middlewares/MPU6050_Motion_Driver/mllite/start_manager.c ****  *   @{
  19:Middlewares/MPU6050_Motion_Driver/mllite/start_manager.c ****  *       @file start_manager.c
  20:Middlewares/MPU6050_Motion_Driver/mllite/start_manager.c ****  *       @brief This handles all the callbacks when inv_start_mpl() is called.
  21:Middlewares/MPU6050_Motion_Driver/mllite/start_manager.c ****  */
  22:Middlewares/MPU6050_Motion_Driver/mllite/start_manager.c **** 
  23:Middlewares/MPU6050_Motion_Driver/mllite/start_manager.c **** 
  24:Middlewares/MPU6050_Motion_Driver/mllite/start_manager.c **** #include <string.h>
  25:Middlewares/MPU6050_Motion_Driver/mllite/start_manager.c **** #include "log.h"
  26:Middlewares/MPU6050_Motion_Driver/mllite/start_manager.c **** #include "start_manager.h"
  27:Middlewares/MPU6050_Motion_Driver/mllite/start_manager.c **** 
  28:Middlewares/MPU6050_Motion_Driver/mllite/start_manager.c **** typedef inv_error_t (*inv_start_cb_func)();
  29:Middlewares/MPU6050_Motion_Driver/mllite/start_manager.c **** struct inv_start_cb_t {
  30:Middlewares/MPU6050_Motion_Driver/mllite/start_manager.c ****     int num_cb;
ARM GAS  /var/folders/mn/k5wp23016n9dfxcgh9w5nftw0000gn/T//ccXPTLff.s 			page 2


  31:Middlewares/MPU6050_Motion_Driver/mllite/start_manager.c ****     inv_start_cb_func start_cb[INV_MAX_START_CB];
  32:Middlewares/MPU6050_Motion_Driver/mllite/start_manager.c **** };
  33:Middlewares/MPU6050_Motion_Driver/mllite/start_manager.c **** 
  34:Middlewares/MPU6050_Motion_Driver/mllite/start_manager.c **** static struct inv_start_cb_t inv_start_cb;
  35:Middlewares/MPU6050_Motion_Driver/mllite/start_manager.c **** 
  36:Middlewares/MPU6050_Motion_Driver/mllite/start_manager.c **** /** Initilize the start manager. Typically called by inv_start_mpl();
  37:Middlewares/MPU6050_Motion_Driver/mllite/start_manager.c **** * @return Returns INV_SUCCESS if successful or an error code if not.
  38:Middlewares/MPU6050_Motion_Driver/mllite/start_manager.c **** */
  39:Middlewares/MPU6050_Motion_Driver/mllite/start_manager.c **** inv_error_t inv_init_start_manager(void)
  40:Middlewares/MPU6050_Motion_Driver/mllite/start_manager.c **** {
  29              		.loc 1 40 1 view -0
  30              		.cfi_startproc
  31              		@ args = 0, pretend = 0, frame = 0
  32              		@ frame_needed = 0, uses_anonymous_args = 0
  33 0000 08B5     		push	{r3, lr}
  34              	.LCFI0:
  35              		.cfi_def_cfa_offset 8
  36              		.cfi_offset 3, -8
  37              		.cfi_offset 14, -4
  41:Middlewares/MPU6050_Motion_Driver/mllite/start_manager.c ****     memset(&inv_start_cb, 0, sizeof(inv_start_cb));
  38              		.loc 1 41 5 view .LVU1
  39 0002 5422     		movs	r2, #84
  40 0004 0021     		movs	r1, #0
  41 0006 0248     		ldr	r0, .L3
  42 0008 FFF7FEFF 		bl	memset
  43              	.LVL0:
  42:Middlewares/MPU6050_Motion_Driver/mllite/start_manager.c ****     return INV_SUCCESS;
  44              		.loc 1 42 5 view .LVU2
  43:Middlewares/MPU6050_Motion_Driver/mllite/start_manager.c **** }
  45              		.loc 1 43 1 is_stmt 0 view .LVU3
  46 000c 0020     		movs	r0, #0
  47 000e 08BD     		pop	{r3, pc}
  48              	.L4:
  49              		.align	2
  50              	.L3:
  51 0010 00000000 		.word	inv_start_cb
  52              		.cfi_endproc
  53              	.LFE1:
  55              		.section	.text.inv_unregister_mpl_start_notification,"ax",%progbits
  56              		.align	1
  57              		.global	inv_unregister_mpl_start_notification
  58              		.syntax unified
  59              		.thumb
  60              		.thumb_func
  62              	inv_unregister_mpl_start_notification:
  63              	.LVL1:
  64              	.LFB2:
  44:Middlewares/MPU6050_Motion_Driver/mllite/start_manager.c **** 
  45:Middlewares/MPU6050_Motion_Driver/mllite/start_manager.c **** /** Removes a callback from start notification
  46:Middlewares/MPU6050_Motion_Driver/mllite/start_manager.c **** * @param[in] start_cb function to remove from start notification
  47:Middlewares/MPU6050_Motion_Driver/mllite/start_manager.c **** * @return Returns INV_SUCCESS if successful or an error code if not.
  48:Middlewares/MPU6050_Motion_Driver/mllite/start_manager.c **** */
  49:Middlewares/MPU6050_Motion_Driver/mllite/start_manager.c **** inv_error_t inv_unregister_mpl_start_notification(inv_error_t (*start_cb)(void))
  50:Middlewares/MPU6050_Motion_Driver/mllite/start_manager.c **** {
  65              		.loc 1 50 1 is_stmt 1 view -0
  66              		.cfi_startproc
  67              		@ args = 0, pretend = 0, frame = 0
ARM GAS  /var/folders/mn/k5wp23016n9dfxcgh9w5nftw0000gn/T//ccXPTLff.s 			page 3


  68              		@ frame_needed = 0, uses_anonymous_args = 0
  69              		.loc 1 50 1 is_stmt 0 view .LVU5
  70 0000 08B5     		push	{r3, lr}
  71              	.LCFI1:
  72              		.cfi_def_cfa_offset 8
  73              		.cfi_offset 3, -8
  74              		.cfi_offset 14, -4
  51:Middlewares/MPU6050_Motion_Driver/mllite/start_manager.c ****     int kk;
  75              		.loc 1 51 5 is_stmt 1 view .LVU6
  52:Middlewares/MPU6050_Motion_Driver/mllite/start_manager.c **** 
  53:Middlewares/MPU6050_Motion_Driver/mllite/start_manager.c ****     for (kk=0; kk<inv_start_cb.num_cb; ++kk) {
  76              		.loc 1 53 5 view .LVU7
  77              	.LVL2:
  78              		.loc 1 53 12 is_stmt 0 view .LVU8
  79 0002 0023     		movs	r3, #0
  80              		.loc 1 53 5 view .LVU9
  81 0004 10E0     		b	.L6
  82              	.LVL3:
  83              	.L13:
  54:Middlewares/MPU6050_Motion_Driver/mllite/start_manager.c ****         if (inv_start_cb.start_cb[kk] == start_cb) {
  55:Middlewares/MPU6050_Motion_Driver/mllite/start_manager.c ****             // Found the match
  56:Middlewares/MPU6050_Motion_Driver/mllite/start_manager.c ****             if (kk != (inv_start_cb.num_cb-1)) {
  57:Middlewares/MPU6050_Motion_Driver/mllite/start_manager.c ****                 memmove(&inv_start_cb.start_cb[kk],
  84              		.loc 1 57 17 is_stmt 1 view .LVU10
  85              		.loc 1 57 25 is_stmt 0 view .LVU11
  86 0006 134A     		ldr	r2, .L14
  87 0008 02EB8300 		add	r0, r2, r3, lsl #2
  88              	.LVL4:
  58:Middlewares/MPU6050_Motion_Driver/mllite/start_manager.c ****                     &inv_start_cb.start_cb[kk+1],
  89              		.loc 1 58 46 view .LVU12
  90 000c 03F1010C 		add	ip, r3, #1
  91              		.loc 1 58 21 view .LVU13
  92 0010 02EB8C0C 		add	ip, r2, ip, lsl #2
  59:Middlewares/MPU6050_Motion_Driver/mllite/start_manager.c ****                     (inv_start_cb.num_cb-kk-1)*sizeof(inv_start_cb_func));
  93              		.loc 1 59 41 view .LVU14
  94 0014 CA1A     		subs	r2, r1, r3
  95              		.loc 1 59 44 view .LVU15
  96 0016 013A     		subs	r2, r2, #1
  57:Middlewares/MPU6050_Motion_Driver/mllite/start_manager.c ****                     &inv_start_cb.start_cb[kk+1],
  97              		.loc 1 57 17 view .LVU16
  98 0018 9200     		lsls	r2, r2, #2
  99 001a 0CF10401 		add	r1, ip, #4
 100 001e 0430     		adds	r0, r0, #4
 101 0020 FFF7FEFF 		bl	memmove
 102              	.LVL5:
  57:Middlewares/MPU6050_Motion_Driver/mllite/start_manager.c ****                     &inv_start_cb.start_cb[kk+1],
 103              		.loc 1 57 17 view .LVU17
 104 0024 0DE0     		b	.L8
 105              	.LVL6:
 106              	.L7:
  53:Middlewares/MPU6050_Motion_Driver/mllite/start_manager.c ****         if (inv_start_cb.start_cb[kk] == start_cb) {
 107              		.loc 1 53 40 is_stmt 1 discriminator 2 view .LVU18
 108 0026 0133     		adds	r3, r3, #1
 109              	.LVL7:
 110              	.L6:
  53:Middlewares/MPU6050_Motion_Driver/mllite/start_manager.c ****         if (inv_start_cb.start_cb[kk] == start_cb) {
 111              		.loc 1 53 18 discriminator 1 view .LVU19
ARM GAS  /var/folders/mn/k5wp23016n9dfxcgh9w5nftw0000gn/T//ccXPTLff.s 			page 4


  53:Middlewares/MPU6050_Motion_Driver/mllite/start_manager.c ****         if (inv_start_cb.start_cb[kk] == start_cb) {
 112              		.loc 1 53 31 is_stmt 0 discriminator 1 view .LVU20
 113 0028 0A4A     		ldr	r2, .L14
 114 002a 1168     		ldr	r1, [r2]
  53:Middlewares/MPU6050_Motion_Driver/mllite/start_manager.c ****         if (inv_start_cb.start_cb[kk] == start_cb) {
 115              		.loc 1 53 18 discriminator 1 view .LVU21
 116 002c 9942     		cmp	r1, r3
 117 002e 0EDD     		ble	.L12
  54:Middlewares/MPU6050_Motion_Driver/mllite/start_manager.c ****             // Found the match
 118              		.loc 1 54 9 is_stmt 1 view .LVU22
  54:Middlewares/MPU6050_Motion_Driver/mllite/start_manager.c ****             // Found the match
 119              		.loc 1 54 34 is_stmt 0 view .LVU23
 120 0030 084A     		ldr	r2, .L14
 121 0032 02EB8302 		add	r2, r2, r3, lsl #2
 122 0036 5268     		ldr	r2, [r2, #4]
  54:Middlewares/MPU6050_Motion_Driver/mllite/start_manager.c ****             // Found the match
 123              		.loc 1 54 12 view .LVU24
 124 0038 8242     		cmp	r2, r0
 125 003a F4D1     		bne	.L7
  56:Middlewares/MPU6050_Motion_Driver/mllite/start_manager.c ****                 memmove(&inv_start_cb.start_cb[kk],
 126              		.loc 1 56 13 is_stmt 1 view .LVU25
  56:Middlewares/MPU6050_Motion_Driver/mllite/start_manager.c ****                 memmove(&inv_start_cb.start_cb[kk],
 127              		.loc 1 56 43 is_stmt 0 view .LVU26
 128 003c 4A1E     		subs	r2, r1, #1
  56:Middlewares/MPU6050_Motion_Driver/mllite/start_manager.c ****                 memmove(&inv_start_cb.start_cb[kk],
 129              		.loc 1 56 16 view .LVU27
 130 003e 9A42     		cmp	r2, r3
 131 0040 E1D1     		bne	.L13
 132              	.LVL8:
 133              	.L8:
  60:Middlewares/MPU6050_Motion_Driver/mllite/start_manager.c ****             }
  61:Middlewares/MPU6050_Motion_Driver/mllite/start_manager.c ****             inv_start_cb.num_cb--;
 134              		.loc 1 61 13 is_stmt 1 view .LVU28
 135              		.loc 1 61 25 is_stmt 0 view .LVU29
 136 0042 044A     		ldr	r2, .L14
 137 0044 1368     		ldr	r3, [r2]
 138              		.loc 1 61 32 view .LVU30
 139 0046 013B     		subs	r3, r3, #1
 140 0048 1360     		str	r3, [r2]
  62:Middlewares/MPU6050_Motion_Driver/mllite/start_manager.c ****             return INV_SUCCESS;
 141              		.loc 1 62 13 is_stmt 1 view .LVU31
 142              		.loc 1 62 20 is_stmt 0 view .LVU32
 143 004a 0020     		movs	r0, #0
 144 004c 00E0     		b	.L5
 145              	.LVL9:
 146              	.L12:
  63:Middlewares/MPU6050_Motion_Driver/mllite/start_manager.c ****         }
  64:Middlewares/MPU6050_Motion_Driver/mllite/start_manager.c ****     }
  65:Middlewares/MPU6050_Motion_Driver/mllite/start_manager.c ****     return INV_ERROR_INVALID_PARAMETER;
 147              		.loc 1 65 12 view .LVU33
 148 004e 1620     		movs	r0, #22
 149              	.LVL10:
 150              	.L5:
  66:Middlewares/MPU6050_Motion_Driver/mllite/start_manager.c **** }
 151              		.loc 1 66 1 view .LVU34
 152 0050 08BD     		pop	{r3, pc}
 153              	.L15:
ARM GAS  /var/folders/mn/k5wp23016n9dfxcgh9w5nftw0000gn/T//ccXPTLff.s 			page 5


 154 0052 00BF     		.align	2
 155              	.L14:
 156 0054 00000000 		.word	inv_start_cb
 157              		.cfi_endproc
 158              	.LFE2:
 160              		.section	.text.inv_register_mpl_start_notification,"ax",%progbits
 161              		.align	1
 162              		.global	inv_register_mpl_start_notification
 163              		.syntax unified
 164              		.thumb
 165              		.thumb_func
 167              	inv_register_mpl_start_notification:
 168              	.LVL11:
 169              	.LFB3:
  67:Middlewares/MPU6050_Motion_Driver/mllite/start_manager.c **** 
  68:Middlewares/MPU6050_Motion_Driver/mllite/start_manager.c **** /** Register a callback to receive when inv_start_mpl() is called.
  69:Middlewares/MPU6050_Motion_Driver/mllite/start_manager.c **** * @param[in] start_cb Function callback that will be called when inv_start_mpl() is
  70:Middlewares/MPU6050_Motion_Driver/mllite/start_manager.c **** *            called.
  71:Middlewares/MPU6050_Motion_Driver/mllite/start_manager.c **** * @return Returns INV_SUCCESS if successful or an error code if not.
  72:Middlewares/MPU6050_Motion_Driver/mllite/start_manager.c **** */
  73:Middlewares/MPU6050_Motion_Driver/mllite/start_manager.c **** inv_error_t inv_register_mpl_start_notification(inv_error_t (*start_cb)(void))
  74:Middlewares/MPU6050_Motion_Driver/mllite/start_manager.c **** {
 170              		.loc 1 74 1 is_stmt 1 view -0
 171              		.cfi_startproc
 172              		@ args = 0, pretend = 0, frame = 0
 173              		@ frame_needed = 0, uses_anonymous_args = 0
 174              		@ link register save eliminated.
  75:Middlewares/MPU6050_Motion_Driver/mllite/start_manager.c ****     if (inv_start_cb.num_cb >= INV_MAX_START_CB)
 175              		.loc 1 75 5 view .LVU36
 176              		.loc 1 75 21 is_stmt 0 view .LVU37
 177 0000 064B     		ldr	r3, .L19
 178 0002 1B68     		ldr	r3, [r3]
 179              		.loc 1 75 8 view .LVU38
 180 0004 132B     		cmp	r3, #19
 181 0006 07DC     		bgt	.L18
  76:Middlewares/MPU6050_Motion_Driver/mllite/start_manager.c ****         return INV_ERROR_INVALID_PARAMETER;
  77:Middlewares/MPU6050_Motion_Driver/mllite/start_manager.c **** 
  78:Middlewares/MPU6050_Motion_Driver/mllite/start_manager.c ****     inv_start_cb.start_cb[inv_start_cb.num_cb] = start_cb;
 182              		.loc 1 78 5 is_stmt 1 view .LVU39
 183              		.loc 1 78 48 is_stmt 0 view .LVU40
 184 0008 044A     		ldr	r2, .L19
 185 000a 02EB8301 		add	r1, r2, r3, lsl #2
 186 000e 4860     		str	r0, [r1, #4]
  79:Middlewares/MPU6050_Motion_Driver/mllite/start_manager.c ****     inv_start_cb.num_cb++;
 187              		.loc 1 79 5 is_stmt 1 view .LVU41
 188              		.loc 1 79 24 is_stmt 0 view .LVU42
 189 0010 0133     		adds	r3, r3, #1
 190 0012 1360     		str	r3, [r2]
  80:Middlewares/MPU6050_Motion_Driver/mllite/start_manager.c ****     return INV_SUCCESS;
 191              		.loc 1 80 5 is_stmt 1 view .LVU43
 192              		.loc 1 80 12 is_stmt 0 view .LVU44
 193 0014 0020     		movs	r0, #0
 194              	.LVL12:
 195              		.loc 1 80 12 view .LVU45
 196 0016 7047     		bx	lr
 197              	.LVL13:
 198              	.L18:
ARM GAS  /var/folders/mn/k5wp23016n9dfxcgh9w5nftw0000gn/T//ccXPTLff.s 			page 6


  76:Middlewares/MPU6050_Motion_Driver/mllite/start_manager.c ****         return INV_ERROR_INVALID_PARAMETER;
 199              		.loc 1 76 16 view .LVU46
 200 0018 1620     		movs	r0, #22
 201              	.LVL14:
  81:Middlewares/MPU6050_Motion_Driver/mllite/start_manager.c **** }
 202              		.loc 1 81 1 view .LVU47
 203 001a 7047     		bx	lr
 204              	.L20:
 205              		.align	2
 206              	.L19:
 207 001c 00000000 		.word	inv_start_cb
 208              		.cfi_endproc
 209              	.LFE3:
 211              		.section	.text.inv_execute_mpl_start_notification,"ax",%progbits
 212              		.align	1
 213              		.global	inv_execute_mpl_start_notification
 214              		.syntax unified
 215              		.thumb
 216              		.thumb_func
 218              	inv_execute_mpl_start_notification:
 219              	.LFB4:
  82:Middlewares/MPU6050_Motion_Driver/mllite/start_manager.c **** 
  83:Middlewares/MPU6050_Motion_Driver/mllite/start_manager.c **** /** Callback all the functions that want to be notified when inv_start_mpl() was
  84:Middlewares/MPU6050_Motion_Driver/mllite/start_manager.c **** * called.
  85:Middlewares/MPU6050_Motion_Driver/mllite/start_manager.c **** * @return Returns INV_SUCCESS if successful or an error code if not.
  86:Middlewares/MPU6050_Motion_Driver/mllite/start_manager.c **** */
  87:Middlewares/MPU6050_Motion_Driver/mllite/start_manager.c **** inv_error_t inv_execute_mpl_start_notification(void)
  88:Middlewares/MPU6050_Motion_Driver/mllite/start_manager.c **** {
 220              		.loc 1 88 1 is_stmt 1 view -0
 221              		.cfi_startproc
 222              		@ args = 0, pretend = 0, frame = 0
 223              		@ frame_needed = 0, uses_anonymous_args = 0
 224 0000 38B5     		push	{r3, r4, r5, lr}
 225              	.LCFI2:
 226              		.cfi_def_cfa_offset 16
 227              		.cfi_offset 3, -16
 228              		.cfi_offset 4, -12
 229              		.cfi_offset 5, -8
 230              		.cfi_offset 14, -4
  89:Middlewares/MPU6050_Motion_Driver/mllite/start_manager.c ****     inv_error_t result,first_error;
 231              		.loc 1 89 5 view .LVU49
  90:Middlewares/MPU6050_Motion_Driver/mllite/start_manager.c ****     int kk;
 232              		.loc 1 90 5 view .LVU50
  91:Middlewares/MPU6050_Motion_Driver/mllite/start_manager.c **** 
  92:Middlewares/MPU6050_Motion_Driver/mllite/start_manager.c ****     first_error = INV_SUCCESS;
 233              		.loc 1 92 5 view .LVU51
 234              	.LVL15:
  93:Middlewares/MPU6050_Motion_Driver/mllite/start_manager.c **** 
  94:Middlewares/MPU6050_Motion_Driver/mllite/start_manager.c ****     for (kk = 0; kk < inv_start_cb.num_cb; ++kk) {
 235              		.loc 1 94 5 view .LVU52
 236              		.loc 1 94 13 is_stmt 0 view .LVU53
 237 0002 0024     		movs	r4, #0
  92:Middlewares/MPU6050_Motion_Driver/mllite/start_manager.c **** 
 238              		.loc 1 92 17 view .LVU54
 239 0004 2546     		mov	r5, r4
 240              		.loc 1 94 5 view .LVU55
 241 0006 00E0     		b	.L22
ARM GAS  /var/folders/mn/k5wp23016n9dfxcgh9w5nftw0000gn/T//ccXPTLff.s 			page 7


 242              	.LVL16:
 243              	.L23:
 244              		.loc 1 94 44 is_stmt 1 discriminator 2 view .LVU56
 245 0008 0134     		adds	r4, r4, #1
 246              	.LVL17:
 247              	.L22:
 248              		.loc 1 94 21 discriminator 1 view .LVU57
 249              		.loc 1 94 35 is_stmt 0 discriminator 1 view .LVU58
 250 000a 084B     		ldr	r3, .L28
 251 000c 1B68     		ldr	r3, [r3]
 252              		.loc 1 94 21 discriminator 1 view .LVU59
 253 000e A342     		cmp	r3, r4
 254 0010 0ADD     		ble	.L27
  95:Middlewares/MPU6050_Motion_Driver/mllite/start_manager.c ****         result = inv_start_cb.start_cb[kk]();
 255              		.loc 1 95 9 is_stmt 1 view .LVU60
 256              		.loc 1 95 39 is_stmt 0 view .LVU61
 257 0012 064B     		ldr	r3, .L28
 258 0014 03EB8403 		add	r3, r3, r4, lsl #2
 259 0018 5B68     		ldr	r3, [r3, #4]
 260              		.loc 1 95 18 view .LVU62
 261 001a 9847     		blx	r3
 262              	.LVL18:
  96:Middlewares/MPU6050_Motion_Driver/mllite/start_manager.c ****         if (result && (first_error == INV_SUCCESS)) {
 263              		.loc 1 96 9 is_stmt 1 view .LVU63
 264              		.loc 1 96 12 is_stmt 0 view .LVU64
 265 001c 0028     		cmp	r0, #0
 266 001e F3D0     		beq	.L23
 267              		.loc 1 96 20 discriminator 1 view .LVU65
 268 0020 002D     		cmp	r5, #0
 269 0022 F1D1     		bne	.L23
  97:Middlewares/MPU6050_Motion_Driver/mllite/start_manager.c ****             first_error = result;
 270              		.loc 1 97 25 view .LVU66
 271 0024 0546     		mov	r5, r0
 272              	.LVL19:
 273              		.loc 1 97 25 view .LVU67
 274 0026 EFE7     		b	.L23
 275              	.LVL20:
 276              	.L27:
  98:Middlewares/MPU6050_Motion_Driver/mllite/start_manager.c ****         }
  99:Middlewares/MPU6050_Motion_Driver/mllite/start_manager.c ****     }
 100:Middlewares/MPU6050_Motion_Driver/mllite/start_manager.c ****     return first_error;
 277              		.loc 1 100 5 is_stmt 1 view .LVU68
 101:Middlewares/MPU6050_Motion_Driver/mllite/start_manager.c **** }
 278              		.loc 1 101 1 is_stmt 0 view .LVU69
 279 0028 2846     		mov	r0, r5
 280 002a 38BD     		pop	{r3, r4, r5, pc}
 281              	.LVL21:
 282              	.L29:
 283              		.loc 1 101 1 view .LVU70
 284              		.align	2
 285              	.L28:
 286 002c 00000000 		.word	inv_start_cb
 287              		.cfi_endproc
 288              	.LFE4:
 290              		.section	.bss.inv_start_cb,"aw",%nobits
 291              		.align	2
 294              	inv_start_cb:
ARM GAS  /var/folders/mn/k5wp23016n9dfxcgh9w5nftw0000gn/T//ccXPTLff.s 			page 8


 295 0000 00000000 		.space	84
 295      00000000 
 295      00000000 
 295      00000000 
 295      00000000 
 296              		.text
 297              	.Letext0:
 298              		.file 2 "/Users/echo/Development/arm-gnu-toolchain/arm64-arm-none-eabi12/lib/gcc/arm-none-eabi/12.
 299              		.file 3 "Middlewares/MPU6050_Motion_Driver/driver/include/mltypes.h"
 300              		.file 4 "/Users/echo/Development/arm-gnu-toolchain/arm64-arm-none-eabi12/arm-none-eabi/include/str
 301              		.file 5 "<built-in>"
ARM GAS  /var/folders/mn/k5wp23016n9dfxcgh9w5nftw0000gn/T//ccXPTLff.s 			page 9


DEFINED SYMBOLS
                            *ABS*:00000000 start_manager.c
/var/folders/mn/k5wp23016n9dfxcgh9w5nftw0000gn/T//ccXPTLff.s:21     .text.inv_init_start_manager:00000000 $t
/var/folders/mn/k5wp23016n9dfxcgh9w5nftw0000gn/T//ccXPTLff.s:27     .text.inv_init_start_manager:00000000 inv_init_start_manager
/var/folders/mn/k5wp23016n9dfxcgh9w5nftw0000gn/T//ccXPTLff.s:51     .text.inv_init_start_manager:00000010 $d
/var/folders/mn/k5wp23016n9dfxcgh9w5nftw0000gn/T//ccXPTLff.s:294    .bss.inv_start_cb:00000000 inv_start_cb
/var/folders/mn/k5wp23016n9dfxcgh9w5nftw0000gn/T//ccXPTLff.s:56     .text.inv_unregister_mpl_start_notification:00000000 $t
/var/folders/mn/k5wp23016n9dfxcgh9w5nftw0000gn/T//ccXPTLff.s:62     .text.inv_unregister_mpl_start_notification:00000000 inv_unregister_mpl_start_notification
/var/folders/mn/k5wp23016n9dfxcgh9w5nftw0000gn/T//ccXPTLff.s:156    .text.inv_unregister_mpl_start_notification:00000054 $d
/var/folders/mn/k5wp23016n9dfxcgh9w5nftw0000gn/T//ccXPTLff.s:161    .text.inv_register_mpl_start_notification:00000000 $t
/var/folders/mn/k5wp23016n9dfxcgh9w5nftw0000gn/T//ccXPTLff.s:167    .text.inv_register_mpl_start_notification:00000000 inv_register_mpl_start_notification
/var/folders/mn/k5wp23016n9dfxcgh9w5nftw0000gn/T//ccXPTLff.s:207    .text.inv_register_mpl_start_notification:0000001c $d
/var/folders/mn/k5wp23016n9dfxcgh9w5nftw0000gn/T//ccXPTLff.s:212    .text.inv_execute_mpl_start_notification:00000000 $t
/var/folders/mn/k5wp23016n9dfxcgh9w5nftw0000gn/T//ccXPTLff.s:218    .text.inv_execute_mpl_start_notification:00000000 inv_execute_mpl_start_notification
/var/folders/mn/k5wp23016n9dfxcgh9w5nftw0000gn/T//ccXPTLff.s:286    .text.inv_execute_mpl_start_notification:0000002c $d
/var/folders/mn/k5wp23016n9dfxcgh9w5nftw0000gn/T//ccXPTLff.s:291    .bss.inv_start_cb:00000000 $d

UNDEFINED SYMBOLS
memset
memmove
