ARM GAS  /var/folders/mn/k5wp23016n9dfxcgh9w5nftw0000gn/T//cc6d7hoQ.s 			page 1


   1              		.cpu cortex-m4
   2              		.arch armv7e-m
   3              		.fpu fpv4-sp-d16
   4              		.eabi_attribute 27, 1
   5              		.eabi_attribute 28, 1
   6              		.eabi_attribute 20, 1
   7              		.eabi_attribute 21, 1
   8              		.eabi_attribute 23, 3
   9              		.eabi_attribute 24, 1
  10              		.eabi_attribute 25, 1
  11              		.eabi_attribute 26, 1
  12              		.eabi_attribute 30, 1
  13              		.eabi_attribute 34, 1
  14              		.eabi_attribute 18, 4
  15              		.file	"uart.c"
  16              		.text
  17              	.Ltext0:
  18              		.cfi_sections	.debug_frame
  19              		.file 1 "Core/Src/driver/uart.c"
  20              		.section	.text.uart_init,"ax",%progbits
  21              		.align	1
  22              		.global	uart_init
  23              		.syntax unified
  24              		.thumb
  25              		.thumb_func
  27              	uart_init:
  28              	.LFB216:
   1:Core/Src/driver/uart.c **** #include "driver/uart.h"
   2:Core/Src/driver/uart.c **** #include "stm32f4xx_hal_cortex.h"
   3:Core/Src/driver/uart.c **** 
   4:Core/Src/driver/uart.c **** UART_HandleTypeDef UART1_Handler;
   5:Core/Src/driver/uart.c **** DMA_HandleTypeDef hdma_usart1_rx;
   6:Core/Src/driver/uart.c **** DMA_HandleTypeDef hdma_usart1_tx;
   7:Core/Src/driver/uart.c **** 
   8:Core/Src/driver/uart.c **** void uart_init(void) {
  29              		.loc 1 8 22 view -0
  30              		.cfi_startproc
  31              		@ args = 0, pretend = 0, frame = 0
  32              		@ frame_needed = 0, uses_anonymous_args = 0
  33 0000 08B5     		push	{r3, lr}
  34              	.LCFI0:
  35              		.cfi_def_cfa_offset 8
  36              		.cfi_offset 3, -8
  37              		.cfi_offset 14, -4
   9:Core/Src/driver/uart.c ****   UART1_Handler.Instance = USART1;
  38              		.loc 1 9 3 view .LVU1
  39              		.loc 1 9 26 is_stmt 0 view .LVU2
  40 0002 0848     		ldr	r0, .L3
  41 0004 084B     		ldr	r3, .L3+4
  42 0006 0360     		str	r3, [r0]
  10:Core/Src/driver/uart.c ****   UART1_Handler.Init.BaudRate = 420000;
  43              		.loc 1 10 3 is_stmt 1 view .LVU3
  44              		.loc 1 10 31 is_stmt 0 view .LVU4
  45 0008 084B     		ldr	r3, .L3+8
  46 000a 4360     		str	r3, [r0, #4]
  11:Core/Src/driver/uart.c ****   UART1_Handler.Init.WordLength = UART_WORDLENGTH_8B;
  47              		.loc 1 11 3 is_stmt 1 view .LVU5
ARM GAS  /var/folders/mn/k5wp23016n9dfxcgh9w5nftw0000gn/T//cc6d7hoQ.s 			page 2


  48              		.loc 1 11 33 is_stmt 0 view .LVU6
  49 000c 0023     		movs	r3, #0
  50 000e 8360     		str	r3, [r0, #8]
  12:Core/Src/driver/uart.c ****   UART1_Handler.Init.StopBits = UART_STOPBITS_1;
  51              		.loc 1 12 3 is_stmt 1 view .LVU7
  52              		.loc 1 12 31 is_stmt 0 view .LVU8
  53 0010 C360     		str	r3, [r0, #12]
  13:Core/Src/driver/uart.c ****   UART1_Handler.Init.Parity = UART_PARITY_NONE;
  54              		.loc 1 13 3 is_stmt 1 view .LVU9
  55              		.loc 1 13 29 is_stmt 0 view .LVU10
  56 0012 0361     		str	r3, [r0, #16]
  14:Core/Src/driver/uart.c ****   UART1_Handler.Init.HwFlowCtl = UART_HWCONTROL_NONE;
  57              		.loc 1 14 3 is_stmt 1 view .LVU11
  58              		.loc 1 14 32 is_stmt 0 view .LVU12
  59 0014 8361     		str	r3, [r0, #24]
  15:Core/Src/driver/uart.c ****   UART1_Handler.Init.Mode = UART_MODE_TX_RX;
  60              		.loc 1 15 3 is_stmt 1 view .LVU13
  61              		.loc 1 15 27 is_stmt 0 view .LVU14
  62 0016 0C22     		movs	r2, #12
  63 0018 4261     		str	r2, [r0, #20]
  16:Core/Src/driver/uart.c ****   UART1_Handler.Init.OverSampling = UART_OVERSAMPLING_16;
  64              		.loc 1 16 3 is_stmt 1 view .LVU15
  65              		.loc 1 16 35 is_stmt 0 view .LVU16
  66 001a C361     		str	r3, [r0, #28]
  17:Core/Src/driver/uart.c ****   HAL_UART_Init(&UART1_Handler);
  67              		.loc 1 17 3 is_stmt 1 view .LVU17
  68 001c FFF7FEFF 		bl	HAL_UART_Init
  69              	.LVL0:
  18:Core/Src/driver/uart.c **** }
  70              		.loc 1 18 1 is_stmt 0 view .LVU18
  71 0020 08BD     		pop	{r3, pc}
  72              	.L4:
  73 0022 00BF     		.align	2
  74              	.L3:
  75 0024 00000000 		.word	UART1_Handler
  76 0028 00100140 		.word	1073811456
  77 002c A0680600 		.word	420000
  78              		.cfi_endproc
  79              	.LFE216:
  81              		.section	.text.HAL_UART_MspInit,"ax",%progbits
  82              		.align	1
  83              		.global	HAL_UART_MspInit
  84              		.syntax unified
  85              		.thumb
  86              		.thumb_func
  88              	HAL_UART_MspInit:
  89              	.LVL1:
  90              	.LFB217:
  19:Core/Src/driver/uart.c **** 
  20:Core/Src/driver/uart.c **** void HAL_UART_MspInit(UART_HandleTypeDef *huart) {
  91              		.loc 1 20 50 is_stmt 1 view -0
  92              		.cfi_startproc
  93              		@ args = 0, pretend = 0, frame = 32
  94              		@ frame_needed = 0, uses_anonymous_args = 0
  95              		.loc 1 20 50 is_stmt 0 view .LVU20
  96 0000 30B5     		push	{r4, r5, lr}
  97              	.LCFI1:
ARM GAS  /var/folders/mn/k5wp23016n9dfxcgh9w5nftw0000gn/T//cc6d7hoQ.s 			page 3


  98              		.cfi_def_cfa_offset 12
  99              		.cfi_offset 4, -12
 100              		.cfi_offset 5, -8
 101              		.cfi_offset 14, -4
 102 0002 89B0     		sub	sp, sp, #36
 103              	.LCFI2:
 104              		.cfi_def_cfa_offset 48
  21:Core/Src/driver/uart.c ****   GPIO_InitTypeDef GPIO_InitStruct = {0};
 105              		.loc 1 21 3 is_stmt 1 view .LVU21
 106              		.loc 1 21 20 is_stmt 0 view .LVU22
 107 0004 0023     		movs	r3, #0
 108 0006 0393     		str	r3, [sp, #12]
 109 0008 0493     		str	r3, [sp, #16]
 110 000a 0593     		str	r3, [sp, #20]
 111 000c 0693     		str	r3, [sp, #24]
 112 000e 0793     		str	r3, [sp, #28]
  22:Core/Src/driver/uart.c **** 
  23:Core/Src/driver/uart.c ****   if (huart->Instance == USART1) {
 113              		.loc 1 23 3 is_stmt 1 view .LVU23
 114              		.loc 1 23 12 is_stmt 0 view .LVU24
 115 0010 0268     		ldr	r2, [r0]
 116              		.loc 1 23 6 view .LVU25
 117 0012 03F18043 		add	r3, r3, #1073741824
 118 0016 03F58833 		add	r3, r3, #69632
 119 001a 9A42     		cmp	r2, r3
 120 001c 01D0     		beq	.L10
 121              	.LVL2:
 122              	.L5:
  24:Core/Src/driver/uart.c ****     __HAL_RCC_USART1_CLK_ENABLE();
  25:Core/Src/driver/uart.c ****     __HAL_RCC_GPIOA_CLK_ENABLE();
  26:Core/Src/driver/uart.c ****     /**USART1 GPIO Configuration
  27:Core/Src/driver/uart.c ****     PA9     ------> USART1_TX
  28:Core/Src/driver/uart.c ****     PA10     ------> USART1_RX
  29:Core/Src/driver/uart.c ****     */
  30:Core/Src/driver/uart.c ****     GPIO_InitStruct.Pin = GPIO_PIN_9 | GPIO_PIN_10;
  31:Core/Src/driver/uart.c ****     GPIO_InitStruct.Mode = GPIO_MODE_AF_PP;
  32:Core/Src/driver/uart.c ****     GPIO_InitStruct.Pull = GPIO_PULLUP;
  33:Core/Src/driver/uart.c ****     GPIO_InitStruct.Speed = GPIO_SPEED_FREQ_VERY_HIGH;
  34:Core/Src/driver/uart.c ****     GPIO_InitStruct.Alternate = GPIO_AF7_USART1;
  35:Core/Src/driver/uart.c ****     HAL_GPIO_Init(GPIOA, &GPIO_InitStruct);
  36:Core/Src/driver/uart.c **** 
  37:Core/Src/driver/uart.c ****     hdma_usart1_rx.Instance = DMA2_Stream5;
  38:Core/Src/driver/uart.c ****     hdma_usart1_rx.Init.Channel = DMA_CHANNEL_4;
  39:Core/Src/driver/uart.c ****     hdma_usart1_rx.Init.Direction = DMA_PERIPH_TO_MEMORY;
  40:Core/Src/driver/uart.c ****     hdma_usart1_rx.Init.PeriphInc = DMA_PINC_DISABLE;
  41:Core/Src/driver/uart.c ****     hdma_usart1_rx.Init.MemInc = DMA_MINC_DISABLE;
  42:Core/Src/driver/uart.c ****     hdma_usart1_rx.Init.PeriphDataAlignment = DMA_PDATAALIGN_BYTE;
  43:Core/Src/driver/uart.c ****     hdma_usart1_rx.Init.MemDataAlignment = DMA_MDATAALIGN_BYTE;
  44:Core/Src/driver/uart.c ****     hdma_usart1_rx.Init.Mode = DMA_NORMAL;
  45:Core/Src/driver/uart.c ****     hdma_usart1_rx.Init.Priority = DMA_PRIORITY_MEDIUM;
  46:Core/Src/driver/uart.c ****     hdma_usart1_rx.Init.FIFOMode = DMA_FIFOMODE_DISABLE;
  47:Core/Src/driver/uart.c ****     if (HAL_DMA_Init(&hdma_usart1_rx) != HAL_OK) {
  48:Core/Src/driver/uart.c ****       Error_Handler();
  49:Core/Src/driver/uart.c ****     }
  50:Core/Src/driver/uart.c ****     __HAL_LINKDMA(huart, hdmarx, hdma_usart1_rx);
  51:Core/Src/driver/uart.c **** 
  52:Core/Src/driver/uart.c ****     /* USART1_TX Init */
ARM GAS  /var/folders/mn/k5wp23016n9dfxcgh9w5nftw0000gn/T//cc6d7hoQ.s 			page 4


  53:Core/Src/driver/uart.c ****     hdma_usart1_tx.Instance = DMA2_Stream7;
  54:Core/Src/driver/uart.c ****     hdma_usart1_tx.Init.Channel = DMA_CHANNEL_4;
  55:Core/Src/driver/uart.c ****     hdma_usart1_tx.Init.Direction = DMA_MEMORY_TO_PERIPH;
  56:Core/Src/driver/uart.c ****     hdma_usart1_tx.Init.PeriphInc = DMA_PINC_DISABLE;
  57:Core/Src/driver/uart.c ****     hdma_usart1_tx.Init.MemInc = DMA_MINC_ENABLE;
  58:Core/Src/driver/uart.c ****     hdma_usart1_tx.Init.PeriphDataAlignment = DMA_PDATAALIGN_BYTE;
  59:Core/Src/driver/uart.c ****     hdma_usart1_tx.Init.MemDataAlignment = DMA_MDATAALIGN_BYTE;
  60:Core/Src/driver/uart.c ****     hdma_usart1_tx.Init.Mode = DMA_NORMAL;
  61:Core/Src/driver/uart.c ****     hdma_usart1_tx.Init.Priority = DMA_PRIORITY_MEDIUM;
  62:Core/Src/driver/uart.c ****     hdma_usart1_tx.Init.FIFOMode = DMA_FIFOMODE_DISABLE;
  63:Core/Src/driver/uart.c ****     if (HAL_DMA_Init(&hdma_usart1_tx) != HAL_OK) {
  64:Core/Src/driver/uart.c ****       Error_Handler();
  65:Core/Src/driver/uart.c ****     }
  66:Core/Src/driver/uart.c **** 
  67:Core/Src/driver/uart.c ****     __HAL_LINKDMA(huart, hdmatx, hdma_usart1_tx);
  68:Core/Src/driver/uart.c **** 
  69:Core/Src/driver/uart.c ****   }
  70:Core/Src/driver/uart.c **** }
 123              		.loc 1 70 1 view .LVU26
 124 001e 09B0     		add	sp, sp, #36
 125              	.LCFI3:
 126              		.cfi_remember_state
 127              		.cfi_def_cfa_offset 12
 128              		@ sp needed
 129 0020 30BD     		pop	{r4, r5, pc}
 130              	.LVL3:
 131              	.L10:
 132              	.LCFI4:
 133              		.cfi_restore_state
 134              		.loc 1 70 1 view .LVU27
 135 0022 0446     		mov	r4, r0
  24:Core/Src/driver/uart.c ****     __HAL_RCC_USART1_CLK_ENABLE();
 136              		.loc 1 24 5 is_stmt 1 view .LVU28
 137              	.LBB2:
  24:Core/Src/driver/uart.c ****     __HAL_RCC_USART1_CLK_ENABLE();
 138              		.loc 1 24 5 view .LVU29
 139 0024 0025     		movs	r5, #0
 140 0026 0195     		str	r5, [sp, #4]
  24:Core/Src/driver/uart.c ****     __HAL_RCC_USART1_CLK_ENABLE();
 141              		.loc 1 24 5 view .LVU30
 142 0028 03F59433 		add	r3, r3, #75776
 143 002c 5A6C     		ldr	r2, [r3, #68]
 144 002e 42F01002 		orr	r2, r2, #16
 145 0032 5A64     		str	r2, [r3, #68]
  24:Core/Src/driver/uart.c ****     __HAL_RCC_USART1_CLK_ENABLE();
 146              		.loc 1 24 5 view .LVU31
 147 0034 5A6C     		ldr	r2, [r3, #68]
 148 0036 02F01002 		and	r2, r2, #16
 149 003a 0192     		str	r2, [sp, #4]
  24:Core/Src/driver/uart.c ****     __HAL_RCC_USART1_CLK_ENABLE();
 150              		.loc 1 24 5 view .LVU32
 151 003c 019A     		ldr	r2, [sp, #4]
 152              	.LBE2:
  24:Core/Src/driver/uart.c ****     __HAL_RCC_USART1_CLK_ENABLE();
 153              		.loc 1 24 5 view .LVU33
  25:Core/Src/driver/uart.c ****     /**USART1 GPIO Configuration
 154              		.loc 1 25 5 view .LVU34
ARM GAS  /var/folders/mn/k5wp23016n9dfxcgh9w5nftw0000gn/T//cc6d7hoQ.s 			page 5


 155              	.LBB3:
  25:Core/Src/driver/uart.c ****     /**USART1 GPIO Configuration
 156              		.loc 1 25 5 view .LVU35
 157 003e 0295     		str	r5, [sp, #8]
  25:Core/Src/driver/uart.c ****     /**USART1 GPIO Configuration
 158              		.loc 1 25 5 view .LVU36
 159 0040 1A6B     		ldr	r2, [r3, #48]
 160 0042 42F00102 		orr	r2, r2, #1
 161 0046 1A63     		str	r2, [r3, #48]
  25:Core/Src/driver/uart.c ****     /**USART1 GPIO Configuration
 162              		.loc 1 25 5 view .LVU37
 163 0048 1B6B     		ldr	r3, [r3, #48]
 164 004a 03F00103 		and	r3, r3, #1
 165 004e 0293     		str	r3, [sp, #8]
  25:Core/Src/driver/uart.c ****     /**USART1 GPIO Configuration
 166              		.loc 1 25 5 view .LVU38
 167 0050 029B     		ldr	r3, [sp, #8]
 168              	.LBE3:
  25:Core/Src/driver/uart.c ****     /**USART1 GPIO Configuration
 169              		.loc 1 25 5 view .LVU39
  30:Core/Src/driver/uart.c ****     GPIO_InitStruct.Mode = GPIO_MODE_AF_PP;
 170              		.loc 1 30 5 view .LVU40
  30:Core/Src/driver/uart.c ****     GPIO_InitStruct.Mode = GPIO_MODE_AF_PP;
 171              		.loc 1 30 25 is_stmt 0 view .LVU41
 172 0052 4FF4C063 		mov	r3, #1536
 173 0056 0393     		str	r3, [sp, #12]
  31:Core/Src/driver/uart.c ****     GPIO_InitStruct.Pull = GPIO_PULLUP;
 174              		.loc 1 31 5 is_stmt 1 view .LVU42
  31:Core/Src/driver/uart.c ****     GPIO_InitStruct.Pull = GPIO_PULLUP;
 175              		.loc 1 31 26 is_stmt 0 view .LVU43
 176 0058 0223     		movs	r3, #2
 177 005a 0493     		str	r3, [sp, #16]
  32:Core/Src/driver/uart.c ****     GPIO_InitStruct.Speed = GPIO_SPEED_FREQ_VERY_HIGH;
 178              		.loc 1 32 5 is_stmt 1 view .LVU44
  32:Core/Src/driver/uart.c ****     GPIO_InitStruct.Speed = GPIO_SPEED_FREQ_VERY_HIGH;
 179              		.loc 1 32 26 is_stmt 0 view .LVU45
 180 005c 0123     		movs	r3, #1
 181 005e 0593     		str	r3, [sp, #20]
  33:Core/Src/driver/uart.c ****     GPIO_InitStruct.Alternate = GPIO_AF7_USART1;
 182              		.loc 1 33 5 is_stmt 1 view .LVU46
  33:Core/Src/driver/uart.c ****     GPIO_InitStruct.Alternate = GPIO_AF7_USART1;
 183              		.loc 1 33 27 is_stmt 0 view .LVU47
 184 0060 0323     		movs	r3, #3
 185 0062 0693     		str	r3, [sp, #24]
  34:Core/Src/driver/uart.c ****     HAL_GPIO_Init(GPIOA, &GPIO_InitStruct);
 186              		.loc 1 34 5 is_stmt 1 view .LVU48
  34:Core/Src/driver/uart.c ****     HAL_GPIO_Init(GPIOA, &GPIO_InitStruct);
 187              		.loc 1 34 31 is_stmt 0 view .LVU49
 188 0064 0723     		movs	r3, #7
 189 0066 0793     		str	r3, [sp, #28]
  35:Core/Src/driver/uart.c **** 
 190              		.loc 1 35 5 is_stmt 1 view .LVU50
 191 0068 03A9     		add	r1, sp, #12
 192 006a 1D48     		ldr	r0, .L13
 193              	.LVL4:
  35:Core/Src/driver/uart.c **** 
 194              		.loc 1 35 5 is_stmt 0 view .LVU51
ARM GAS  /var/folders/mn/k5wp23016n9dfxcgh9w5nftw0000gn/T//cc6d7hoQ.s 			page 6


 195 006c FFF7FEFF 		bl	HAL_GPIO_Init
 196              	.LVL5:
  37:Core/Src/driver/uart.c ****     hdma_usart1_rx.Init.Channel = DMA_CHANNEL_4;
 197              		.loc 1 37 5 is_stmt 1 view .LVU52
  37:Core/Src/driver/uart.c ****     hdma_usart1_rx.Init.Channel = DMA_CHANNEL_4;
 198              		.loc 1 37 29 is_stmt 0 view .LVU53
 199 0070 1C48     		ldr	r0, .L13+4
 200 0072 1D4B     		ldr	r3, .L13+8
 201 0074 0360     		str	r3, [r0]
  38:Core/Src/driver/uart.c ****     hdma_usart1_rx.Init.Direction = DMA_PERIPH_TO_MEMORY;
 202              		.loc 1 38 5 is_stmt 1 view .LVU54
  38:Core/Src/driver/uart.c ****     hdma_usart1_rx.Init.Direction = DMA_PERIPH_TO_MEMORY;
 203              		.loc 1 38 33 is_stmt 0 view .LVU55
 204 0076 4FF00063 		mov	r3, #134217728
 205 007a 4360     		str	r3, [r0, #4]
  39:Core/Src/driver/uart.c ****     hdma_usart1_rx.Init.PeriphInc = DMA_PINC_DISABLE;
 206              		.loc 1 39 5 is_stmt 1 view .LVU56
  39:Core/Src/driver/uart.c ****     hdma_usart1_rx.Init.PeriphInc = DMA_PINC_DISABLE;
 207              		.loc 1 39 35 is_stmt 0 view .LVU57
 208 007c 8560     		str	r5, [r0, #8]
  40:Core/Src/driver/uart.c ****     hdma_usart1_rx.Init.MemInc = DMA_MINC_DISABLE;
 209              		.loc 1 40 5 is_stmt 1 view .LVU58
  40:Core/Src/driver/uart.c ****     hdma_usart1_rx.Init.MemInc = DMA_MINC_DISABLE;
 210              		.loc 1 40 35 is_stmt 0 view .LVU59
 211 007e C560     		str	r5, [r0, #12]
  41:Core/Src/driver/uart.c ****     hdma_usart1_rx.Init.PeriphDataAlignment = DMA_PDATAALIGN_BYTE;
 212              		.loc 1 41 5 is_stmt 1 view .LVU60
  41:Core/Src/driver/uart.c ****     hdma_usart1_rx.Init.PeriphDataAlignment = DMA_PDATAALIGN_BYTE;
 213              		.loc 1 41 32 is_stmt 0 view .LVU61
 214 0080 0561     		str	r5, [r0, #16]
  42:Core/Src/driver/uart.c ****     hdma_usart1_rx.Init.MemDataAlignment = DMA_MDATAALIGN_BYTE;
 215              		.loc 1 42 5 is_stmt 1 view .LVU62
  42:Core/Src/driver/uart.c ****     hdma_usart1_rx.Init.MemDataAlignment = DMA_MDATAALIGN_BYTE;
 216              		.loc 1 42 45 is_stmt 0 view .LVU63
 217 0082 4561     		str	r5, [r0, #20]
  43:Core/Src/driver/uart.c ****     hdma_usart1_rx.Init.Mode = DMA_NORMAL;
 218              		.loc 1 43 5 is_stmt 1 view .LVU64
  43:Core/Src/driver/uart.c ****     hdma_usart1_rx.Init.Mode = DMA_NORMAL;
 219              		.loc 1 43 42 is_stmt 0 view .LVU65
 220 0084 8561     		str	r5, [r0, #24]
  44:Core/Src/driver/uart.c ****     hdma_usart1_rx.Init.Priority = DMA_PRIORITY_MEDIUM;
 221              		.loc 1 44 5 is_stmt 1 view .LVU66
  44:Core/Src/driver/uart.c ****     hdma_usart1_rx.Init.Priority = DMA_PRIORITY_MEDIUM;
 222              		.loc 1 44 30 is_stmt 0 view .LVU67
 223 0086 C561     		str	r5, [r0, #28]
  45:Core/Src/driver/uart.c ****     hdma_usart1_rx.Init.FIFOMode = DMA_FIFOMODE_DISABLE;
 224              		.loc 1 45 5 is_stmt 1 view .LVU68
  45:Core/Src/driver/uart.c ****     hdma_usart1_rx.Init.FIFOMode = DMA_FIFOMODE_DISABLE;
 225              		.loc 1 45 34 is_stmt 0 view .LVU69
 226 0088 4FF48033 		mov	r3, #65536
 227 008c 0362     		str	r3, [r0, #32]
  46:Core/Src/driver/uart.c ****     if (HAL_DMA_Init(&hdma_usart1_rx) != HAL_OK) {
 228              		.loc 1 46 5 is_stmt 1 view .LVU70
  46:Core/Src/driver/uart.c ****     if (HAL_DMA_Init(&hdma_usart1_rx) != HAL_OK) {
 229              		.loc 1 46 34 is_stmt 0 view .LVU71
 230 008e 4562     		str	r5, [r0, #36]
  47:Core/Src/driver/uart.c ****       Error_Handler();
ARM GAS  /var/folders/mn/k5wp23016n9dfxcgh9w5nftw0000gn/T//cc6d7hoQ.s 			page 7


 231              		.loc 1 47 5 is_stmt 1 view .LVU72
  47:Core/Src/driver/uart.c ****       Error_Handler();
 232              		.loc 1 47 9 is_stmt 0 view .LVU73
 233 0090 FFF7FEFF 		bl	HAL_DMA_Init
 234              	.LVL6:
  47:Core/Src/driver/uart.c ****       Error_Handler();
 235              		.loc 1 47 8 view .LVU74
 236 0094 E8B9     		cbnz	r0, .L11
 237              	.L7:
  50:Core/Src/driver/uart.c **** 
 238              		.loc 1 50 5 is_stmt 1 view .LVU75
  50:Core/Src/driver/uart.c **** 
 239              		.loc 1 50 5 view .LVU76
 240 0096 134B     		ldr	r3, .L13+4
 241 0098 A363     		str	r3, [r4, #56]
  50:Core/Src/driver/uart.c **** 
 242              		.loc 1 50 5 view .LVU77
 243 009a 9C63     		str	r4, [r3, #56]
  50:Core/Src/driver/uart.c **** 
 244              		.loc 1 50 5 view .LVU78
  53:Core/Src/driver/uart.c ****     hdma_usart1_tx.Init.Channel = DMA_CHANNEL_4;
 245              		.loc 1 53 5 view .LVU79
  53:Core/Src/driver/uart.c ****     hdma_usart1_tx.Init.Channel = DMA_CHANNEL_4;
 246              		.loc 1 53 29 is_stmt 0 view .LVU80
 247 009c 1348     		ldr	r0, .L13+12
 248 009e 144B     		ldr	r3, .L13+16
 249 00a0 0360     		str	r3, [r0]
  54:Core/Src/driver/uart.c ****     hdma_usart1_tx.Init.Direction = DMA_MEMORY_TO_PERIPH;
 250              		.loc 1 54 5 is_stmt 1 view .LVU81
  54:Core/Src/driver/uart.c ****     hdma_usart1_tx.Init.Direction = DMA_MEMORY_TO_PERIPH;
 251              		.loc 1 54 33 is_stmt 0 view .LVU82
 252 00a2 4FF00063 		mov	r3, #134217728
 253 00a6 4360     		str	r3, [r0, #4]
  55:Core/Src/driver/uart.c ****     hdma_usart1_tx.Init.PeriphInc = DMA_PINC_DISABLE;
 254              		.loc 1 55 5 is_stmt 1 view .LVU83
  55:Core/Src/driver/uart.c ****     hdma_usart1_tx.Init.PeriphInc = DMA_PINC_DISABLE;
 255              		.loc 1 55 35 is_stmt 0 view .LVU84
 256 00a8 4023     		movs	r3, #64
 257 00aa 8360     		str	r3, [r0, #8]
  56:Core/Src/driver/uart.c ****     hdma_usart1_tx.Init.MemInc = DMA_MINC_ENABLE;
 258              		.loc 1 56 5 is_stmt 1 view .LVU85
  56:Core/Src/driver/uart.c ****     hdma_usart1_tx.Init.MemInc = DMA_MINC_ENABLE;
 259              		.loc 1 56 35 is_stmt 0 view .LVU86
 260 00ac 0023     		movs	r3, #0
 261 00ae C360     		str	r3, [r0, #12]
  57:Core/Src/driver/uart.c ****     hdma_usart1_tx.Init.PeriphDataAlignment = DMA_PDATAALIGN_BYTE;
 262              		.loc 1 57 5 is_stmt 1 view .LVU87
  57:Core/Src/driver/uart.c ****     hdma_usart1_tx.Init.PeriphDataAlignment = DMA_PDATAALIGN_BYTE;
 263              		.loc 1 57 32 is_stmt 0 view .LVU88
 264 00b0 4FF48062 		mov	r2, #1024
 265 00b4 0261     		str	r2, [r0, #16]
  58:Core/Src/driver/uart.c ****     hdma_usart1_tx.Init.MemDataAlignment = DMA_MDATAALIGN_BYTE;
 266              		.loc 1 58 5 is_stmt 1 view .LVU89
  58:Core/Src/driver/uart.c ****     hdma_usart1_tx.Init.MemDataAlignment = DMA_MDATAALIGN_BYTE;
 267              		.loc 1 58 45 is_stmt 0 view .LVU90
 268 00b6 4361     		str	r3, [r0, #20]
  59:Core/Src/driver/uart.c ****     hdma_usart1_tx.Init.Mode = DMA_NORMAL;
ARM GAS  /var/folders/mn/k5wp23016n9dfxcgh9w5nftw0000gn/T//cc6d7hoQ.s 			page 8


 269              		.loc 1 59 5 is_stmt 1 view .LVU91
  59:Core/Src/driver/uart.c ****     hdma_usart1_tx.Init.Mode = DMA_NORMAL;
 270              		.loc 1 59 42 is_stmt 0 view .LVU92
 271 00b8 8361     		str	r3, [r0, #24]
  60:Core/Src/driver/uart.c ****     hdma_usart1_tx.Init.Priority = DMA_PRIORITY_MEDIUM;
 272              		.loc 1 60 5 is_stmt 1 view .LVU93
  60:Core/Src/driver/uart.c ****     hdma_usart1_tx.Init.Priority = DMA_PRIORITY_MEDIUM;
 273              		.loc 1 60 30 is_stmt 0 view .LVU94
 274 00ba C361     		str	r3, [r0, #28]
  61:Core/Src/driver/uart.c ****     hdma_usart1_tx.Init.FIFOMode = DMA_FIFOMODE_DISABLE;
 275              		.loc 1 61 5 is_stmt 1 view .LVU95
  61:Core/Src/driver/uart.c ****     hdma_usart1_tx.Init.FIFOMode = DMA_FIFOMODE_DISABLE;
 276              		.loc 1 61 34 is_stmt 0 view .LVU96
 277 00bc 4FF48032 		mov	r2, #65536
 278 00c0 0262     		str	r2, [r0, #32]
  62:Core/Src/driver/uart.c ****     if (HAL_DMA_Init(&hdma_usart1_tx) != HAL_OK) {
 279              		.loc 1 62 5 is_stmt 1 view .LVU97
  62:Core/Src/driver/uart.c ****     if (HAL_DMA_Init(&hdma_usart1_tx) != HAL_OK) {
 280              		.loc 1 62 34 is_stmt 0 view .LVU98
 281 00c2 4362     		str	r3, [r0, #36]
  63:Core/Src/driver/uart.c ****       Error_Handler();
 282              		.loc 1 63 5 is_stmt 1 view .LVU99
  63:Core/Src/driver/uart.c ****       Error_Handler();
 283              		.loc 1 63 9 is_stmt 0 view .LVU100
 284 00c4 FFF7FEFF 		bl	HAL_DMA_Init
 285              	.LVL7:
  63:Core/Src/driver/uart.c ****       Error_Handler();
 286              		.loc 1 63 8 view .LVU101
 287 00c8 30B9     		cbnz	r0, .L12
 288              	.L8:
  67:Core/Src/driver/uart.c **** 
 289              		.loc 1 67 5 is_stmt 1 view .LVU102
  67:Core/Src/driver/uart.c **** 
 290              		.loc 1 67 5 view .LVU103
 291 00ca 084B     		ldr	r3, .L13+12
 292 00cc 6363     		str	r3, [r4, #52]
  67:Core/Src/driver/uart.c **** 
 293              		.loc 1 67 5 view .LVU104
 294 00ce 9C63     		str	r4, [r3, #56]
  67:Core/Src/driver/uart.c **** 
 295              		.loc 1 67 5 view .LVU105
 296              		.loc 1 70 1 is_stmt 0 view .LVU106
 297 00d0 A5E7     		b	.L5
 298              	.L11:
  48:Core/Src/driver/uart.c ****     }
 299              		.loc 1 48 7 is_stmt 1 view .LVU107
 300 00d2 FFF7FEFF 		bl	Error_Handler
 301              	.LVL8:
 302 00d6 DEE7     		b	.L7
 303              	.L12:
  64:Core/Src/driver/uart.c ****     }
 304              		.loc 1 64 7 view .LVU108
 305 00d8 FFF7FEFF 		bl	Error_Handler
 306              	.LVL9:
 307 00dc F5E7     		b	.L8
 308              	.L14:
 309 00de 00BF     		.align	2
ARM GAS  /var/folders/mn/k5wp23016n9dfxcgh9w5nftw0000gn/T//cc6d7hoQ.s 			page 9


 310              	.L13:
 311 00e0 00000240 		.word	1073872896
 312 00e4 00000000 		.word	hdma_usart1_rx
 313 00e8 88640240 		.word	1073898632
 314 00ec 00000000 		.word	hdma_usart1_tx
 315 00f0 B8640240 		.word	1073898680
 316              		.cfi_endproc
 317              	.LFE217:
 319              		.global	hdma_usart1_tx
 320              		.section	.bss.hdma_usart1_tx,"aw",%nobits
 321              		.align	2
 324              	hdma_usart1_tx:
 325 0000 00000000 		.space	96
 325      00000000 
 325      00000000 
 325      00000000 
 325      00000000 
 326              		.global	hdma_usart1_rx
 327              		.section	.bss.hdma_usart1_rx,"aw",%nobits
 328              		.align	2
 331              	hdma_usart1_rx:
 332 0000 00000000 		.space	96
 332      00000000 
 332      00000000 
 332      00000000 
 332      00000000 
 333              		.global	UART1_Handler
 334              		.section	.bss.UART1_Handler,"aw",%nobits
 335              		.align	2
 338              	UART1_Handler:
 339 0000 00000000 		.space	68
 339      00000000 
 339      00000000 
 339      00000000 
 339      00000000 
 340              		.text
 341              	.Letext0:
 342              		.file 2 "/Users/echo/Development/arm-gnu-toolchain/arm64-arm-none-eabi12/arm-none-eabi/include/mac
 343              		.file 3 "/Users/echo/Development/arm-gnu-toolchain/arm64-arm-none-eabi12/arm-none-eabi/include/sys
 344              		.file 4 "Drivers/CMSIS/Device/ST/STM32F4xx/Include/stm32f411xe.h"
 345              		.file 5 "Drivers/STM32F4xx_HAL_Driver/Inc/stm32f4xx_hal_def.h"
 346              		.file 6 "Drivers/STM32F4xx_HAL_Driver/Inc/stm32f4xx_hal_gpio.h"
 347              		.file 7 "Drivers/STM32F4xx_HAL_Driver/Inc/stm32f4xx_hal_dma.h"
 348              		.file 8 "Drivers/STM32F4xx_HAL_Driver/Inc/stm32f4xx_hal_uart.h"
 349              		.file 9 "Core/Inc/driver/uart.h"
 350              		.file 10 "Core/Inc/main.h"
ARM GAS  /var/folders/mn/k5wp23016n9dfxcgh9w5nftw0000gn/T//cc6d7hoQ.s 			page 10


DEFINED SYMBOLS
                            *ABS*:00000000 uart.c
/var/folders/mn/k5wp23016n9dfxcgh9w5nftw0000gn/T//cc6d7hoQ.s:21     .text.uart_init:00000000 $t
/var/folders/mn/k5wp23016n9dfxcgh9w5nftw0000gn/T//cc6d7hoQ.s:27     .text.uart_init:00000000 uart_init
/var/folders/mn/k5wp23016n9dfxcgh9w5nftw0000gn/T//cc6d7hoQ.s:75     .text.uart_init:00000024 $d
/var/folders/mn/k5wp23016n9dfxcgh9w5nftw0000gn/T//cc6d7hoQ.s:338    .bss.UART1_Handler:00000000 UART1_Handler
/var/folders/mn/k5wp23016n9dfxcgh9w5nftw0000gn/T//cc6d7hoQ.s:82     .text.HAL_UART_MspInit:00000000 $t
/var/folders/mn/k5wp23016n9dfxcgh9w5nftw0000gn/T//cc6d7hoQ.s:88     .text.HAL_UART_MspInit:00000000 HAL_UART_MspInit
/var/folders/mn/k5wp23016n9dfxcgh9w5nftw0000gn/T//cc6d7hoQ.s:311    .text.HAL_UART_MspInit:000000e0 $d
/var/folders/mn/k5wp23016n9dfxcgh9w5nftw0000gn/T//cc6d7hoQ.s:331    .bss.hdma_usart1_rx:00000000 hdma_usart1_rx
/var/folders/mn/k5wp23016n9dfxcgh9w5nftw0000gn/T//cc6d7hoQ.s:324    .bss.hdma_usart1_tx:00000000 hdma_usart1_tx
/var/folders/mn/k5wp23016n9dfxcgh9w5nftw0000gn/T//cc6d7hoQ.s:321    .bss.hdma_usart1_tx:00000000 $d
/var/folders/mn/k5wp23016n9dfxcgh9w5nftw0000gn/T//cc6d7hoQ.s:328    .bss.hdma_usart1_rx:00000000 $d
/var/folders/mn/k5wp23016n9dfxcgh9w5nftw0000gn/T//cc6d7hoQ.s:335    .bss.UART1_Handler:00000000 $d

UNDEFINED SYMBOLS
HAL_UART_Init
HAL_GPIO_Init
HAL_DMA_Init
Error_Handler
